

Microchip MPLAB XC8 Assembler V2.31 build 20201012212115 
                                                                                               Wed Feb 24 23:11:20 2021

Microchip MPLAB XC8 C Compiler v2.31 (Free license) build 20201012212115 Og1 
     1                           	processor	16F887
     2                           	pagewidth 120
     3                           	opt	flic
     4                           	psect	cinit,global,class=CODE,merge=1,delta=2
     5                           	psect	bssCOMMON,global,class=COMMON,space=1,delta=1,noexec
     6                           	psect	cstackCOMMON,global,class=COMMON,space=1,delta=1,noexec
     7                           	psect	maintext,global,class=CODE,split=1,delta=2
     8                           	psect	text1,local,class=CODE,merge=1,delta=2
     9                           	psect	text2,local,class=CODE,merge=1,delta=2
    10                           	psect	text3,local,class=CODE,merge=1,delta=2
    11                           	psect	text4,local,class=CODE,merge=1,delta=2
    12                           	psect	text5,local,class=CODE,merge=1,delta=2
    13                           	psect	intentry,global,class=CODE,delta=2
    14                           	psect	config,global,abs,ovrld,class=CONFIG,space=4,delta=2,noexec
    15                           	dabs	1,0x7E,2
    16  0000                     
    17                           ; Version 2.20
    18                           ; Generated 12/02/2020 GMT
    19                           ; 
    20                           ; Copyright © 2020, Microchip Technology Inc. and its subsidiaries ("Microchip")
    21                           ; All rights reserved.
    22                           ; 
    23                           ; This software is developed by Microchip Technology Inc. and its subsidiaries ("Microch
      +                          ip").
    24                           ; 
    25                           ; Redistribution and use in source and binary forms, with or without modification, are
    26                           ; permitted provided that the following conditions are met:
    27                           ; 
    28                           ;     1. Redistributions of source code must retain the above copyright notice, this lis
      +                          t of
    29                           ;        conditions and the following disclaimer.
    30                           ; 
    31                           ;     2. Redistributions in binary form must reproduce the above copyright notice, this 
      +                          list
    32                           ;        of conditions and the following disclaimer in the documentation and/or other
    33                           ;        materials provided with the distribution.
    34                           ; 
    35                           ;     3. Microchip's name may not be used to endorse or promote products derived from th
      +                          is
    36                           ;        software without specific prior written permission.
    37                           ; 
    38                           ; THIS SOFTWARE IS PROVIDED BY MICROCHIP "AS IS" AND ANY EXPRESS OR IMPLIED WARRANTIES,
    39                           ; INCLUDING, BUT NOT LIMITED TO, THE IMPLIED WARRANTIES OF MERCHANTABILITY AND FITNESS F
      +                          OR
    40                           ; PURPOSE ARE DISCLAIMED.  IN NO EVENT SHALL MICROCHIP BE LIABLE FOR ANY DIRECT, INDIREC
      +                          T,
    41                           ; INCIDENTAL, SPECIAL, EXEMPLARY, OR CONSEQUENTIAL DAMAGES (INCLUDING BUT NOT LIMITED TO
    42                           ; PROCUREMENT OF SUBSTITUTE GOODS OR SERVICES; LOSS OF USE, DATA OR PROFITS; OR BUSINESS
    43                           ; INTERRUPTION) HOWSOEVER CAUSED AND ON ANY THEORY OF LIABILITY, WHETHER IN CONTRACT, ST
      +                          RICT
    44                           ; LIABILITY, OR TORT (INCLUDING NEGLIGENCE OR OTHERWISE) ARISING IN ANY WAY OUT OF THE U
      +                          SE OF
    45                           ; THIS SOFTWARE, EVEN IF ADVISED OF THE POSSIBILITY OF SUCH DAMAGE.
    46                           ; 
    47                           ; 
    48                           ; Code-generator required, PIC16F887 Definitions
    49                           ; 
    50                           ; SFR Addresses
    51  0000                     	;# 
    52  0001                     	;# 
    53  0002                     	;# 
    54  0003                     	;# 
    55  0004                     	;# 
    56  0005                     	;# 
    57  0006                     	;# 
    58  0007                     	;# 
    59  0008                     	;# 
    60  0009                     	;# 
    61  000A                     	;# 
    62  000B                     	;# 
    63  000C                     	;# 
    64  000D                     	;# 
    65  000E                     	;# 
    66  000E                     	;# 
    67  000F                     	;# 
    68  0010                     	;# 
    69  0011                     	;# 
    70  0012                     	;# 
    71  0013                     	;# 
    72  0014                     	;# 
    73  0015                     	;# 
    74  0015                     	;# 
    75  0016                     	;# 
    76  0017                     	;# 
    77  0018                     	;# 
    78  0019                     	;# 
    79  001A                     	;# 
    80  001B                     	;# 
    81  001B                     	;# 
    82  001C                     	;# 
    83  001D                     	;# 
    84  001E                     	;# 
    85  001F                     	;# 
    86  0081                     	;# 
    87  0085                     	;# 
    88  0086                     	;# 
    89  0087                     	;# 
    90  0088                     	;# 
    91  0089                     	;# 
    92  008C                     	;# 
    93  008D                     	;# 
    94  008E                     	;# 
    95  008F                     	;# 
    96  0090                     	;# 
    97  0091                     	;# 
    98  0092                     	;# 
    99  0093                     	;# 
   100  0093                     	;# 
   101  0093                     	;# 
   102  0094                     	;# 
   103  0095                     	;# 
   104  0096                     	;# 
   105  0097                     	;# 
   106  0098                     	;# 
   107  0099                     	;# 
   108  009A                     	;# 
   109  009B                     	;# 
   110  009C                     	;# 
   111  009D                     	;# 
   112  009E                     	;# 
   113  009F                     	;# 
   114  0105                     	;# 
   115  0107                     	;# 
   116  0108                     	;# 
   117  0109                     	;# 
   118  010C                     	;# 
   119  010C                     	;# 
   120  010D                     	;# 
   121  010E                     	;# 
   122  010F                     	;# 
   123  0185                     	;# 
   124  0187                     	;# 
   125  0188                     	;# 
   126  0189                     	;# 
   127  018C                     	;# 
   128  018D                     	;# 
   129  0000                     	;# 
   130  0001                     	;# 
   131  0002                     	;# 
   132  0003                     	;# 
   133  0004                     	;# 
   134  0005                     	;# 
   135  0006                     	;# 
   136  0007                     	;# 
   137  0008                     	;# 
   138  0009                     	;# 
   139  000A                     	;# 
   140  000B                     	;# 
   141  000C                     	;# 
   142  000D                     	;# 
   143  000E                     	;# 
   144  000E                     	;# 
   145  000F                     	;# 
   146  0010                     	;# 
   147  0011                     	;# 
   148  0012                     	;# 
   149  0013                     	;# 
   150  0014                     	;# 
   151  0015                     	;# 
   152  0015                     	;# 
   153  0016                     	;# 
   154  0017                     	;# 
   155  0018                     	;# 
   156  0019                     	;# 
   157  001A                     	;# 
   158  001B                     	;# 
   159  001B                     	;# 
   160  001C                     	;# 
   161  001D                     	;# 
   162  001E                     	;# 
   163  001F                     	;# 
   164  0081                     	;# 
   165  0085                     	;# 
   166  0086                     	;# 
   167  0087                     	;# 
   168  0088                     	;# 
   169  0089                     	;# 
   170  008C                     	;# 
   171  008D                     	;# 
   172  008E                     	;# 
   173  008F                     	;# 
   174  0090                     	;# 
   175  0091                     	;# 
   176  0092                     	;# 
   177  0093                     	;# 
   178  0093                     	;# 
   179  0093                     	;# 
   180  0094                     	;# 
   181  0095                     	;# 
   182  0096                     	;# 
   183  0097                     	;# 
   184  0098                     	;# 
   185  0099                     	;# 
   186  009A                     	;# 
   187  009B                     	;# 
   188  009C                     	;# 
   189  009D                     	;# 
   190  009E                     	;# 
   191  009F                     	;# 
   192  0105                     	;# 
   193  0107                     	;# 
   194  0108                     	;# 
   195  0109                     	;# 
   196  010C                     	;# 
   197  010C                     	;# 
   198  010D                     	;# 
   199  010E                     	;# 
   200  010F                     	;# 
   201  0185                     	;# 
   202  0187                     	;# 
   203  0188                     	;# 
   204  0189                     	;# 
   205  018C                     	;# 
   206  018D                     	;# 
   207  0000                     	;# 
   208  0001                     	;# 
   209  0002                     	;# 
   210  0003                     	;# 
   211  0004                     	;# 
   212  0005                     	;# 
   213  0006                     	;# 
   214  0007                     	;# 
   215  0008                     	;# 
   216  0009                     	;# 
   217  000A                     	;# 
   218  000B                     	;# 
   219  000C                     	;# 
   220  000D                     	;# 
   221  000E                     	;# 
   222  000E                     	;# 
   223  000F                     	;# 
   224  0010                     	;# 
   225  0011                     	;# 
   226  0012                     	;# 
   227  0013                     	;# 
   228  0014                     	;# 
   229  0015                     	;# 
   230  0015                     	;# 
   231  0016                     	;# 
   232  0017                     	;# 
   233  0018                     	;# 
   234  0019                     	;# 
   235  001A                     	;# 
   236  001B                     	;# 
   237  001B                     	;# 
   238  001C                     	;# 
   239  001D                     	;# 
   240  001E                     	;# 
   241  001F                     	;# 
   242  0081                     	;# 
   243  0085                     	;# 
   244  0086                     	;# 
   245  0087                     	;# 
   246  0088                     	;# 
   247  0089                     	;# 
   248  008C                     	;# 
   249  008D                     	;# 
   250  008E                     	;# 
   251  008F                     	;# 
   252  0090                     	;# 
   253  0091                     	;# 
   254  0092                     	;# 
   255  0093                     	;# 
   256  0093                     	;# 
   257  0093                     	;# 
   258  0094                     	;# 
   259  0095                     	;# 
   260  0096                     	;# 
   261  0097                     	;# 
   262  0098                     	;# 
   263  0099                     	;# 
   264  009A                     	;# 
   265  009B                     	;# 
   266  009C                     	;# 
   267  009D                     	;# 
   268  009E                     	;# 
   269  009F                     	;# 
   270  0105                     	;# 
   271  0107                     	;# 
   272  0108                     	;# 
   273  0109                     	;# 
   274  010C                     	;# 
   275  010C                     	;# 
   276  010D                     	;# 
   277  010E                     	;# 
   278  010F                     	;# 
   279  0185                     	;# 
   280  0187                     	;# 
   281  0188                     	;# 
   282  0189                     	;# 
   283  018C                     	;# 
   284  018D                     	;# 
   285  0000                     	;# 
   286  0001                     	;# 
   287  0002                     	;# 
   288  0003                     	;# 
   289  0004                     	;# 
   290  0005                     	;# 
   291  0006                     	;# 
   292  0007                     	;# 
   293  0008                     	;# 
   294  0009                     	;# 
   295  000A                     	;# 
   296  000B                     	;# 
   297  000C                     	;# 
   298  000D                     	;# 
   299  000E                     	;# 
   300  000E                     	;# 
   301  000F                     	;# 
   302  0010                     	;# 
   303  0011                     	;# 
   304  0012                     	;# 
   305  0013                     	;# 
   306  0014                     	;# 
   307  0015                     	;# 
   308  0015                     	;# 
   309  0016                     	;# 
   310  0017                     	;# 
   311  0018                     	;# 
   312  0019                     	;# 
   313  001A                     	;# 
   314  001B                     	;# 
   315  001B                     	;# 
   316  001C                     	;# 
   317  001D                     	;# 
   318  001E                     	;# 
   319  001F                     	;# 
   320  0081                     	;# 
   321  0085                     	;# 
   322  0086                     	;# 
   323  0087                     	;# 
   324  0088                     	;# 
   325  0089                     	;# 
   326  008C                     	;# 
   327  008D                     	;# 
   328  008E                     	;# 
   329  008F                     	;# 
   330  0090                     	;# 
   331  0091                     	;# 
   332  0092                     	;# 
   333  0093                     	;# 
   334  0093                     	;# 
   335  0093                     	;# 
   336  0094                     	;# 
   337  0095                     	;# 
   338  0096                     	;# 
   339  0097                     	;# 
   340  0098                     	;# 
   341  0099                     	;# 
   342  009A                     	;# 
   343  009B                     	;# 
   344  009C                     	;# 
   345  009D                     	;# 
   346  009E                     	;# 
   347  009F                     	;# 
   348  0105                     	;# 
   349  0107                     	;# 
   350  0108                     	;# 
   351  0109                     	;# 
   352  010C                     	;# 
   353  010C                     	;# 
   354  010D                     	;# 
   355  010E                     	;# 
   356  010F                     	;# 
   357  0185                     	;# 
   358  0187                     	;# 
   359  0188                     	;# 
   360  0189                     	;# 
   361  018C                     	;# 
   362  018D                     	;# 
   363  0000                     	;# 
   364  0001                     	;# 
   365  0002                     	;# 
   366  0003                     	;# 
   367  0004                     	;# 
   368  0005                     	;# 
   369  0006                     	;# 
   370  0007                     	;# 
   371  0008                     	;# 
   372  0009                     	;# 
   373  000A                     	;# 
   374  000B                     	;# 
   375  000C                     	;# 
   376  000D                     	;# 
   377  000E                     	;# 
   378  000E                     	;# 
   379  000F                     	;# 
   380  0010                     	;# 
   381  0011                     	;# 
   382  0012                     	;# 
   383  0013                     	;# 
   384  0014                     	;# 
   385  0015                     	;# 
   386  0015                     	;# 
   387  0016                     	;# 
   388  0017                     	;# 
   389  0018                     	;# 
   390  0019                     	;# 
   391  001A                     	;# 
   392  001B                     	;# 
   393  001B                     	;# 
   394  001C                     	;# 
   395  001D                     	;# 
   396  001E                     	;# 
   397  001F                     	;# 
   398  0081                     	;# 
   399  0085                     	;# 
   400  0086                     	;# 
   401  0087                     	;# 
   402  0088                     	;# 
   403  0089                     	;# 
   404  008C                     	;# 
   405  008D                     	;# 
   406  008E                     	;# 
   407  008F                     	;# 
   408  0090                     	;# 
   409  0091                     	;# 
   410  0092                     	;# 
   411  0093                     	;# 
   412  0093                     	;# 
   413  0093                     	;# 
   414  0094                     	;# 
   415  0095                     	;# 
   416  0096                     	;# 
   417  0097                     	;# 
   418  0098                     	;# 
   419  0099                     	;# 
   420  009A                     	;# 
   421  009B                     	;# 
   422  009C                     	;# 
   423  009D                     	;# 
   424  009E                     	;# 
   425  009F                     	;# 
   426  0105                     	;# 
   427  0107                     	;# 
   428  0108                     	;# 
   429  0109                     	;# 
   430  010C                     	;# 
   431  010C                     	;# 
   432  010D                     	;# 
   433  010E                     	;# 
   434  010F                     	;# 
   435  0185                     	;# 
   436  0187                     	;# 
   437  0188                     	;# 
   438  0189                     	;# 
   439  018C                     	;# 
   440  018D                     	;# 
   441  0000                     	;# 
   442  0001                     	;# 
   443  0002                     	;# 
   444  0003                     	;# 
   445  0004                     	;# 
   446  0005                     	;# 
   447  0006                     	;# 
   448  0007                     	;# 
   449  0008                     	;# 
   450  0009                     	;# 
   451  000A                     	;# 
   452  000B                     	;# 
   453  000C                     	;# 
   454  000D                     	;# 
   455  000E                     	;# 
   456  000E                     	;# 
   457  000F                     	;# 
   458  0010                     	;# 
   459  0011                     	;# 
   460  0012                     	;# 
   461  0013                     	;# 
   462  0014                     	;# 
   463  0015                     	;# 
   464  0015                     	;# 
   465  0016                     	;# 
   466  0017                     	;# 
   467  0018                     	;# 
   468  0019                     	;# 
   469  001A                     	;# 
   470  001B                     	;# 
   471  001B                     	;# 
   472  001C                     	;# 
   473  001D                     	;# 
   474  001E                     	;# 
   475  001F                     	;# 
   476  0081                     	;# 
   477  0085                     	;# 
   478  0086                     	;# 
   479  0087                     	;# 
   480  0088                     	;# 
   481  0089                     	;# 
   482  008C                     	;# 
   483  008D                     	;# 
   484  008E                     	;# 
   485  008F                     	;# 
   486  0090                     	;# 
   487  0091                     	;# 
   488  0092                     	;# 
   489  0093                     	;# 
   490  0093                     	;# 
   491  0093                     	;# 
   492  0094                     	;# 
   493  0095                     	;# 
   494  0096                     	;# 
   495  0097                     	;# 
   496  0098                     	;# 
   497  0099                     	;# 
   498  009A                     	;# 
   499  009B                     	;# 
   500  009C                     	;# 
   501  009D                     	;# 
   502  009E                     	;# 
   503  009F                     	;# 
   504  0105                     	;# 
   505  0107                     	;# 
   506  0108                     	;# 
   507  0109                     	;# 
   508  010C                     	;# 
   509  010C                     	;# 
   510  010D                     	;# 
   511  010E                     	;# 
   512  010F                     	;# 
   513  0185                     	;# 
   514  0187                     	;# 
   515  0188                     	;# 
   516  0189                     	;# 
   517  018C                     	;# 
   518  018D                     	;# 
   519  0014                     _SSPCON	set	20
   520  0009                     _PORTE	set	9
   521  0006                     _PORTB	set	6
   522  0005                     _PORTA	set	5
   523  0013                     _SSPBUF	set	19
   524  0008                     _PORTD	set	8
   525  001F                     _ADCON0bits	set	31
   526  000B                     _INTCONbits	set	11
   527  000C                     _PIR1bits	set	12
   528  001E                     _ADRESH	set	30
   529  001F                     _ADCON0	set	31
   530  0094                     _SSPSTAT	set	148
   531  0087                     _TRISCbits	set	135
   532  0089                     _TRISE	set	137
   533  0088                     _TRISD	set	136
   534  0096                     _IOCB	set	150
   535  0086                     _TRISB	set	134
   536  0085                     _TRISAbits	set	133
   537  0094                     _SSPSTATbits	set	148
   538  008C                     _PIE1bits	set	140
   539  009E                     _ADRESL	set	158
   540  009F                     _ADCON1	set	159
   541  0189                     _ANSELH	set	393
   542  0188                     _ANSEL	set	392
   543                           
   544                           	psect	cinit
   545  000F                     start_initialization:	
   546                           ; #config settings
   547                           
   548  000F                     __initialization:
   549                           
   550                           ; Clear objects allocated to COMMON
   551  000F  01F3               	clrf	__pbssCOMMON& (0+127)
   552  0010                     end_of_initialization:	
   553                           ;End of C runtime variable initialization code
   554                           
   555  0010                     __end_of__initialization:
   556  0010  0183               	clrf	3
   557  0011  120A  118A  2899   	ljmp	_main	;jump to C main() function
   558                           
   559                           	psect	bssCOMMON
   560  0073                     __pbssCOMMON:
   561  0073                     _voltage1:
   562  0073                     	ds	1
   563                           
   564                           	psect	cstackCOMMON
   565  0070                     __pcstackCOMMON:
   566  0070                     ?_SYSTEM_Initialize:
   567  0070                     ?_PORTS_MANAGER_Initialize:	
   568                           ; 1 bytes @ 0x0
   569                           
   570  0070                     ?_SPI_MANAGER_Initialize:	
   571                           ; 1 bytes @ 0x0
   572                           
   573  0070                     ?_ADC_Initialize:	
   574                           ; 1 bytes @ 0x0
   575                           
   576  0070                     ?_myISR:	
   577                           ; 1 bytes @ 0x0
   578                           
   579  0070                     ??_myISR:	
   580                           ; 1 bytes @ 0x0
   581                           
   582  0070                     ?_main:	
   583                           ; 1 bytes @ 0x0
   584                           
   585                           
   586                           ; 1 bytes @ 0x0
   587  0070                     	ds	3
   588  0073                     ??_SYSTEM_Initialize:
   589  0073                     ??_PORTS_MANAGER_Initialize:	
   590                           ; 1 bytes @ 0x3
   591                           
   592  0073                     ??_SPI_MANAGER_Initialize:	
   593                           ; 1 bytes @ 0x3
   594                           
   595  0073                     ??_ADC_Initialize:	
   596                           ; 1 bytes @ 0x3
   597                           
   598  0073                     ??_main:	
   599                           ; 1 bytes @ 0x3
   600                           
   601                           
   602                           	psect	maintext
   603  0099                     __pmaintext:	
   604                           ; 1 bytes @ 0x3
   605 ;;
   606 ;;Main: autosize = 0, tempsize = 0, incstack = 0, save=0
   607 ;;
   608 ;; *************** function _main *****************
   609 ;; Defined at:
   610 ;;		line 53 in file "main.c"
   611 ;; Parameters:    Size  Location     Type
   612 ;;		None
   613 ;; Auto vars:     Size  Location     Type
   614 ;;		None
   615 ;; Return value:  Size  Location     Type
   616 ;;                  1    wreg      void 
   617 ;; Registers used:
   618 ;;		wreg, status,2, status,0, pclath, cstack
   619 ;; Tracked objects:
   620 ;;		On entry : B00/0
   621 ;;		On exit  : 0/0
   622 ;;		Unchanged: 0/0
   623 ;; Data sizes:     COMMON   BANK0   BANK1   BANK3   BANK2
   624 ;;      Params:         0       0       0       0       0
   625 ;;      Locals:         0       0       0       0       0
   626 ;;      Temps:          0       0       0       0       0
   627 ;;      Totals:         0       0       0       0       0
   628 ;;Total ram usage:        0 bytes
   629 ;; Hardware stack levels required when called:    3
   630 ;; This function calls:
   631 ;;		_SYSTEM_Initialize
   632 ;; This function is called by:
   633 ;;		Startup code after reset
   634 ;; This function uses a non-reentrant model
   635 ;;
   636                           
   637                           
   638                           ;psect for function _main
   639  0099                     _main:
   640  0099                     l766:	
   641                           ;incstack = 0
   642                           ; Regs used in _main: [wreg+status,2+status,0+pclath+cstack]
   643                           
   644                           
   645                           ;main.c: 55:     SYSTEM_Initialize();
   646  0099  120A  118A  2089  120A  118A  	fcall	_SYSTEM_Initialize
   647  009E                     l768:
   648  009E  1283               	bcf	3,5	;RP0=0, select bank0
   649  009F  1303               	bcf	3,6	;RP1=0, select bank0
   650  00A0  149F               	bsf	31,1	;volatile
   651  00A1                     l54:	
   652                           ;main.c: 58:     while(1){
   653                           
   654  00A1  28A1               	goto	l54
   655  00A2  120A  118A  280C   	ljmp	start
   656  00A5                     __end_of_main:
   657                           
   658                           	psect	text1
   659  0089                     __ptext1:	
   660 ;; *************** function _SYSTEM_Initialize *****************
   661 ;; Defined at:
   662 ;;		line 11 in file "lcs.c"
   663 ;; Parameters:    Size  Location     Type
   664 ;;		None
   665 ;; Auto vars:     Size  Location     Type
   666 ;;		None
   667 ;; Return value:  Size  Location     Type
   668 ;;                  1    wreg      void 
   669 ;; Registers used:
   670 ;;		wreg, status,2, status,0, pclath, cstack
   671 ;; Tracked objects:
   672 ;;		On entry : 0/0
   673 ;;		On exit  : 0/0
   674 ;;		Unchanged: 0/0
   675 ;; Data sizes:     COMMON   BANK0   BANK1   BANK3   BANK2
   676 ;;      Params:         0       0       0       0       0
   677 ;;      Locals:         0       0       0       0       0
   678 ;;      Temps:          0       0       0       0       0
   679 ;;      Totals:         0       0       0       0       0
   680 ;;Total ram usage:        0 bytes
   681 ;; Hardware stack levels used:    1
   682 ;; Hardware stack levels required when called:    2
   683 ;; This function calls:
   684 ;;		_ADC_Initialize
   685 ;;		_PORTS_MANAGER_Initialize
   686 ;;		_SPI_MANAGER_Initialize
   687 ;; This function is called by:
   688 ;;		_main
   689 ;; This function uses a non-reentrant model
   690 ;;
   691                           
   692                           
   693                           ;psect for function _SYSTEM_Initialize
   694  0089                     _SYSTEM_Initialize:
   695  0089                     l746:	
   696                           ;incstack = 0
   697                           ; Regs used in _SYSTEM_Initialize: [wreg+status,2+status,0+pclath+cstack]
   698                           
   699                           
   700                           ;lcs.c: 12:     PORTS_MANAGER_Initialize();
   701  0089  120A  118A  2043  120A  118A  	fcall	_PORTS_MANAGER_Initialize
   702                           
   703                           ;lcs.c: 13:     ADC_Initialize();
   704  008E  120A  118A  2077  120A  118A  	fcall	_ADC_Initialize
   705                           
   706                           ;lcs.c: 14:     SPI_MANAGER_Initialize();
   707  0093  120A  118A  2064  120A  118A  	fcall	_SPI_MANAGER_Initialize
   708  0098                     l66:
   709  0098  0008               	return
   710  0099                     __end_of_SYSTEM_Initialize:
   711                           
   712                           	psect	text2
   713  0064                     __ptext2:	
   714 ;; *************** function _SPI_MANAGER_Initialize *****************
   715 ;; Defined at:
   716 ;;		line 11 in file "spi.c"
   717 ;; Parameters:    Size  Location     Type
   718 ;;		None
   719 ;; Auto vars:     Size  Location     Type
   720 ;;		None
   721 ;; Return value:  Size  Location     Type
   722 ;;                  1    wreg      void 
   723 ;; Registers used:
   724 ;;		wreg, status,2
   725 ;; Tracked objects:
   726 ;;		On entry : 0/0
   727 ;;		On exit  : 0/0
   728 ;;		Unchanged: 0/0
   729 ;; Data sizes:     COMMON   BANK0   BANK1   BANK3   BANK2
   730 ;;      Params:         0       0       0       0       0
   731 ;;      Locals:         0       0       0       0       0
   732 ;;      Temps:          0       0       0       0       0
   733 ;;      Totals:         0       0       0       0       0
   734 ;;Total ram usage:        0 bytes
   735 ;; Hardware stack levels used:    1
   736 ;; Hardware stack levels required when called:    1
   737 ;; This function calls:
   738 ;;		Nothing
   739 ;; This function is called by:
   740 ;;		_SYSTEM_Initialize
   741 ;; This function uses a non-reentrant model
   742 ;;
   743                           
   744                           
   745                           ;psect for function _SPI_MANAGER_Initialize
   746  0064                     _SPI_MANAGER_Initialize:
   747  0064                     l736:	
   748                           ;incstack = 0
   749                           ; Regs used in _SPI_MANAGER_Initialize: [wreg+status,2]
   750                           
   751                           
   752                           ;spi.c: 13:     TRISCbits.TRISC3 = 1;
   753  0064  1683               	bsf	3,5	;RP0=1, select bank1
   754  0065  1303               	bcf	3,6	;RP1=0, select bank1
   755  0066  1587               	bsf	7,3	;volatile
   756                           
   757                           ;spi.c: 14:     TRISCbits.TRISC5 = 0;
   758  0067  1287               	bcf	7,5	;volatile
   759                           
   760                           ;spi.c: 15:     TRISAbits.TRISA5 = 1;
   761  0068  1685               	bsf	5,5	;volatile
   762  0069                     l738:
   763                           
   764                           ;spi.c: 16:     SSPCON = 0b00100100;
   765  0069  3024               	movlw	36
   766  006A  1283               	bcf	3,5	;RP0=0, select bank0
   767  006B  1303               	bcf	3,6	;RP1=0, select bank0
   768  006C  0094               	movwf	20	;volatile
   769  006D                     l740:
   770                           
   771                           ;spi.c: 17:     SSPSTAT = 0;
   772  006D  1683               	bsf	3,5	;RP0=1, select bank1
   773  006E  1303               	bcf	3,6	;RP1=0, select bank1
   774  006F  0194               	clrf	20	;volatile
   775  0070                     l742:
   776                           
   777                           ;spi.c: 19:     PIR1bits.SSPIF = 0;
   778  0070  1283               	bcf	3,5	;RP0=0, select bank0
   779  0071  1303               	bcf	3,6	;RP1=0, select bank0
   780  0072  118C               	bcf	12,3	;volatile
   781  0073                     l744:
   782                           
   783                           ;spi.c: 20:     PIE1bits.SSPIE = 1;
   784  0073  1683               	bsf	3,5	;RP0=1, select bank1
   785  0074  1303               	bcf	3,6	;RP1=0, select bank1
   786  0075  158C               	bsf	12,3	;volatile
   787  0076                     l106:
   788  0076  0008               	return
   789  0077                     __end_of_SPI_MANAGER_Initialize:
   790                           
   791                           	psect	text3
   792  0043                     __ptext3:	
   793 ;; *************** function _PORTS_MANAGER_Initialize *****************
   794 ;; Defined at:
   795 ;;		line 10 in file "ports_manager.c"
   796 ;; Parameters:    Size  Location     Type
   797 ;;		None
   798 ;; Auto vars:     Size  Location     Type
   799 ;;		None
   800 ;; Return value:  Size  Location     Type
   801 ;;                  1    wreg      void 
   802 ;; Registers used:
   803 ;;		wreg, status,2
   804 ;; Tracked objects:
   805 ;;		On entry : 0/0
   806 ;;		On exit  : 0/0
   807 ;;		Unchanged: 0/0
   808 ;; Data sizes:     COMMON   BANK0   BANK1   BANK3   BANK2
   809 ;;      Params:         0       0       0       0       0
   810 ;;      Locals:         0       0       0       0       0
   811 ;;      Temps:          0       0       0       0       0
   812 ;;      Totals:         0       0       0       0       0
   813 ;;Total ram usage:        0 bytes
   814 ;; Hardware stack levels used:    1
   815 ;; Hardware stack levels required when called:    1
   816 ;; This function calls:
   817 ;;		Nothing
   818 ;; This function is called by:
   819 ;;		_SYSTEM_Initialize
   820 ;; This function uses a non-reentrant model
   821 ;;
   822                           
   823                           
   824                           ;psect for function _PORTS_MANAGER_Initialize
   825  0043                     _PORTS_MANAGER_Initialize:
   826  0043                     l714:	
   827                           ;incstack = 0
   828                           ; Regs used in _PORTS_MANAGER_Initialize: [wreg+status,2]
   829                           
   830                           
   831                           ;ports_manager.c: 12:     ANSEL = 0b00000001;
   832  0043  3001               	movlw	1
   833  0044  1683               	bsf	3,5	;RP0=1, select bank3
   834  0045  1703               	bsf	3,6	;RP1=1, select bank3
   835  0046  0088               	movwf	8	;volatile
   836  0047                     l716:
   837                           
   838                           ;ports_manager.c: 13:     TRISAbits.TRISA0 = 1;
   839  0047  1683               	bsf	3,5	;RP0=1, select bank1
   840  0048  1303               	bcf	3,6	;RP1=0, select bank1
   841  0049  1405               	bsf	5,0	;volatile
   842  004A                     l718:
   843                           
   844                           ;ports_manager.c: 14:     PORTA = 0;
   845  004A  1283               	bcf	3,5	;RP0=0, select bank0
   846  004B  1303               	bcf	3,6	;RP1=0, select bank0
   847  004C  0185               	clrf	5	;volatile
   848  004D                     l720:
   849                           
   850                           ;ports_manager.c: 17:     ANSELH = 0;
   851  004D  1683               	bsf	3,5	;RP0=1, select bank3
   852  004E  1703               	bsf	3,6	;RP1=1, select bank3
   853  004F  0189               	clrf	9	;volatile
   854  0050                     l722:
   855                           
   856                           ;ports_manager.c: 18:     TRISB = 0;
   857  0050  1683               	bsf	3,5	;RP0=1, select bank1
   858  0051  1303               	bcf	3,6	;RP1=0, select bank1
   859  0052  0186               	clrf	6	;volatile
   860  0053                     l724:
   861                           
   862                           ;ports_manager.c: 19:     PORTB = 0;
   863  0053  1283               	bcf	3,5	;RP0=0, select bank0
   864  0054  1303               	bcf	3,6	;RP1=0, select bank0
   865  0055  0186               	clrf	6	;volatile
   866  0056                     l726:
   867                           
   868                           ;ports_manager.c: 20:     IOCB = 0;
   869  0056  1683               	bsf	3,5	;RP0=1, select bank1
   870  0057  1303               	bcf	3,6	;RP1=0, select bank1
   871  0058  0196               	clrf	22	;volatile
   872  0059                     l728:
   873                           
   874                           ;ports_manager.c: 22:     TRISD = 0;
   875  0059  0188               	clrf	8	;volatile
   876  005A                     l730:
   877                           
   878                           ;ports_manager.c: 23:     PORTD = 0;
   879  005A  1283               	bcf	3,5	;RP0=0, select bank0
   880  005B  1303               	bcf	3,6	;RP1=0, select bank0
   881  005C  0188               	clrf	8	;volatile
   882  005D                     l732:
   883                           
   884                           ;ports_manager.c: 25:     TRISE = 0;
   885  005D  1683               	bsf	3,5	;RP0=1, select bank1
   886  005E  1303               	bcf	3,6	;RP1=0, select bank1
   887  005F  0189               	clrf	9	;volatile
   888  0060                     l734:
   889                           
   890                           ;ports_manager.c: 26:     PORTE = 0;
   891  0060  1283               	bcf	3,5	;RP0=0, select bank0
   892  0061  1303               	bcf	3,6	;RP1=0, select bank0
   893  0062  0189               	clrf	9	;volatile
   894  0063                     l91:
   895  0063  0008               	return
   896  0064                     __end_of_PORTS_MANAGER_Initialize:
   897                           
   898                           	psect	text4
   899  0077                     __ptext4:	
   900 ;; *************** function _ADC_Initialize *****************
   901 ;; Defined at:
   902 ;;		line 12 in file "adc.c"
   903 ;; Parameters:    Size  Location     Type
   904 ;;		None
   905 ;; Auto vars:     Size  Location     Type
   906 ;;		None
   907 ;; Return value:  Size  Location     Type
   908 ;;                  1    wreg      void 
   909 ;; Registers used:
   910 ;;		wreg, status,2
   911 ;; Tracked objects:
   912 ;;		On entry : 0/0
   913 ;;		On exit  : 0/0
   914 ;;		Unchanged: 0/0
   915 ;; Data sizes:     COMMON   BANK0   BANK1   BANK3   BANK2
   916 ;;      Params:         0       0       0       0       0
   917 ;;      Locals:         0       0       0       0       0
   918 ;;      Temps:          0       0       0       0       0
   919 ;;      Totals:         0       0       0       0       0
   920 ;;Total ram usage:        0 bytes
   921 ;; Hardware stack levels used:    1
   922 ;; Hardware stack levels required when called:    1
   923 ;; This function calls:
   924 ;;		Nothing
   925 ;; This function is called by:
   926 ;;		_SYSTEM_Initialize
   927 ;; This function uses a non-reentrant model
   928 ;;
   929                           
   930                           
   931                           ;psect for function _ADC_Initialize
   932  0077                     _ADC_Initialize:
   933  0077                     l698:	
   934                           ;incstack = 0
   935                           ; Regs used in _ADC_Initialize: [wreg+status,2]
   936                           
   937                           
   938                           ;adc.c: 14:     ADCON0 = 0b10000001;
   939  0077  3081               	movlw	129
   940  0078  1283               	bcf	3,5	;RP0=0, select bank0
   941  0079  1303               	bcf	3,6	;RP1=0, select bank0
   942  007A  009F               	movwf	31	;volatile
   943  007B                     l700:
   944                           
   945                           ;adc.c: 15:     ADCON1 = 0x00;
   946  007B  1683               	bsf	3,5	;RP0=1, select bank1
   947  007C  1303               	bcf	3,6	;RP1=0, select bank1
   948  007D  019F               	clrf	31	;volatile
   949  007E                     l702:
   950                           
   951                           ;adc.c: 16:     ADRESL = 0x00;
   952  007E  019E               	clrf	30	;volatile
   953  007F                     l704:
   954                           
   955                           ;adc.c: 17:     ADRESH = 0x00;
   956  007F  1283               	bcf	3,5	;RP0=0, select bank0
   957  0080  1303               	bcf	3,6	;RP1=0, select bank0
   958  0081  019E               	clrf	30	;volatile
   959  0082                     l706:
   960                           
   961                           ;adc.c: 18:     PIR1bits.ADIF = 1;
   962  0082  170C               	bsf	12,6	;volatile
   963  0083                     l708:
   964                           
   965                           ;adc.c: 19:     PIE1bits.ADIE = 1;
   966  0083  1683               	bsf	3,5	;RP0=1, select bank1
   967  0084  1303               	bcf	3,6	;RP1=0, select bank1
   968  0085  170C               	bsf	12,6	;volatile
   969  0086                     l710:
   970                           
   971                           ;adc.c: 20:     INTCONbits.PEIE = 1;
   972  0086  170B               	bsf	11,6	;volatile
   973  0087                     l712:
   974                           
   975                           ;adc.c: 21:     INTCONbits.GIE = 1;
   976  0087  178B               	bsf	11,7	;volatile
   977  0088                     l17:
   978  0088  0008               	return
   979  0089                     __end_of_ADC_Initialize:
   980                           
   981                           	psect	text5
   982  0014                     __ptext5:	
   983 ;; *************** function _myISR *****************
   984 ;; Defined at:
   985 ;;		line 27 in file "main.c"
   986 ;; Parameters:    Size  Location     Type
   987 ;;		None
   988 ;; Auto vars:     Size  Location     Type
   989 ;;		None
   990 ;; Return value:  Size  Location     Type
   991 ;;                  1    wreg      void 
   992 ;; Registers used:
   993 ;;		wreg
   994 ;; Tracked objects:
   995 ;;		On entry : 0/0
   996 ;;		On exit  : 0/0
   997 ;;		Unchanged: 0/0
   998 ;; Data sizes:     COMMON   BANK0   BANK1   BANK3   BANK2
   999 ;;      Params:         0       0       0       0       0
  1000 ;;      Locals:         0       0       0       0       0
  1001 ;;      Temps:          3       0       0       0       0
  1002 ;;      Totals:         3       0       0       0       0
  1003 ;;Total ram usage:        3 bytes
  1004 ;; Hardware stack levels used:    1
  1005 ;; This function calls:
  1006 ;;		Nothing
  1007 ;; This function is called by:
  1008 ;;		Interrupt level 1
  1009 ;; This function uses a non-reentrant model
  1010 ;;
  1011                           
  1012                           
  1013                           ;psect for function _myISR
  1014  0014                     _myISR:
  1015  0014                     i1l748:
  1016                           
  1017                           ;main.c: 29:     if (PIR1bits.ADIF == 1 && ADCON0bits.GO_nDONE == 0){
  1018  0014  1283               	bcf	3,5	;RP0=0, select bank0
  1019  0015  1303               	bcf	3,6	;RP1=0, select bank0
  1020  0016  1F0C               	btfss	12,6	;volatile
  1021  0017  2819               	goto	u1_21
  1022  0018  281A               	goto	u1_20
  1023  0019                     u1_21:
  1024  0019  282A               	goto	i1l758
  1025  001A                     u1_20:
  1026  001A                     i1l750:
  1027  001A  189F               	btfsc	31,1	;volatile
  1028  001B  281D               	goto	u2_21
  1029  001C  281E               	goto	u2_20
  1030  001D                     u2_21:
  1031  001D  282A               	goto	i1l758
  1032  001E                     u2_20:
  1033  001E                     i1l752:
  1034                           
  1035                           ;main.c: 30:         voltage1 = ADRESH;
  1036  001E  081E               	movf	30,w	;volatile
  1037  001F  00F0               	movwf	??_myISR
  1038  0020  0870               	movf	??_myISR,w
  1039  0021  00F3               	movwf	_voltage1
  1040                           
  1041                           ;main.c: 31:         _delay((unsigned long)((35)*(8000000/4000000.0)));
  1042  0022  3017               	movlw	23
  1043  0023  00F0               	movwf	??_myISR
  1044  0024                     u5_27:
  1045  0024  0BF0               	decfsz	??_myISR,f
  1046  0025  2824               	goto	u5_27
  1047  0026                     i1l754:
  1048  0026  1283               	bcf	3,5	;RP0=0, select bank0
  1049  0027  1303               	bcf	3,6	;RP1=0, select bank0
  1050  0028  130C               	bcf	12,6	;volatile
  1051  0029                     i1l756:
  1052  0029  149F               	bsf	31,1	;volatile
  1053  002A                     i1l758:
  1054                           
  1055                           ;main.c: 37:     if(PIR1bits.SSPIF){
  1056  002A  1D8C               	btfss	12,3	;volatile
  1057  002B  282D               	goto	u3_21
  1058  002C  282E               	goto	u3_20
  1059  002D                     u3_21:
  1060  002D  283C               	goto	i1l47
  1061  002E                     u3_20:
  1062  002E                     i1l760:
  1063                           
  1064                           ;main.c: 38:         if(!SSPSTATbits.BF){
  1065  002E  1683               	bsf	3,5	;RP0=1, select bank1
  1066  002F  1303               	bcf	3,6	;RP1=0, select bank1
  1067  0030  1814               	btfsc	20,0	;volatile
  1068  0031  2833               	goto	u4_21
  1069  0032  2834               	goto	u4_20
  1070  0033                     u4_21:
  1071  0033  2838               	goto	i1l46
  1072  0034                     u4_20:
  1073  0034                     i1l762:
  1074                           
  1075                           ;main.c: 39:             PORTD = SSPBUF;
  1076  0034  1283               	bcf	3,5	;RP0=0, select bank0
  1077  0035  1303               	bcf	3,6	;RP1=0, select bank0
  1078  0036  0813               	movf	19,w	;volatile
  1079  0037  0088               	movwf	8	;volatile
  1080  0038                     i1l46:	
  1081                           ;main.c: 40:         }
  1082                           
  1083                           
  1084                           ;main.c: 41:         SSPBUF = voltage1;
  1085  0038  0873               	movf	_voltage1,w
  1086  0039  1283               	bcf	3,5	;RP0=0, select bank0
  1087  003A  0093               	movwf	19	;volatile
  1088  003B                     i1l764:
  1089                           
  1090                           ;main.c: 42:         PIR1bits.SSPIF = 0;
  1091  003B  118C               	bcf	12,3	;volatile
  1092  003C                     i1l47:
  1093  003C  0872               	movf	??_myISR+2,w
  1094  003D  008A               	movwf	10
  1095  003E  0E71               	swapf	??_myISR+1,w
  1096  003F  0083               	movwf	3
  1097  0040  0EFE               	swapf	btemp,f
  1098  0041  0E7E               	swapf	btemp,w
  1099  0042  0009               	retfie
  1100  0043                     __end_of_myISR:
  1101  007E                     btemp	set	126	;btemp
  1102  007E                     wtemp0	set	126
  1103                           
  1104                           	psect	intentry
  1105  0004                     __pintentry:	
  1106                           ;incstack = 0
  1107                           ; Regs used in _myISR: [wreg]
  1108                           
  1109  0004                     interrupt_function:
  1110  007E                     saved_w	set	btemp
  1111  0004  00FE               	movwf	btemp
  1112  0005  0E03               	swapf	3,w
  1113  0006  00F1               	movwf	??_myISR+1
  1114  0007  080A               	movf	10,w
  1115  0008  00F2               	movwf	??_myISR+2
  1116  0009  120A  118A  2814   	ljmp	_myISR
  1117                           
  1118                           	psect	config
  1119                           
  1120                           ;Config register CONFIG1 @ 0x2007
  1121                           ;	Oscillator Selection bits
  1122                           ;	FOSC = XT, XT oscillator: Crystal/resonator on RA6/OSC2/CLKOUT and RA7/OSC1/CLKIN
  1123                           ;	Watchdog Timer Enable bit
  1124                           ;	WDTE = OFF, WDT disabled and can be enabled by SWDTEN bit of the WDTCON register
  1125                           ;	Power-up Timer Enable bit
  1126                           ;	PWRTE = OFF, PWRT disabled
  1127                           ;	RE3/MCLR pin function select bit
  1128                           ;	MCLRE = ON, RE3/MCLR pin function is MCLR
  1129                           ;	Code Protection bit
  1130                           ;	CP = OFF, Program memory code protection is disabled
  1131                           ;	Data Code Protection bit
  1132                           ;	CPD = OFF, Data memory code protection is disabled
  1133                           ;	Brown Out Reset Selection bits
  1134                           ;	BOREN = OFF, BOR disabled
  1135                           ;	Internal External Switchover bit
  1136                           ;	IESO = OFF, Internal/External Switchover mode is disabled
  1137                           ;	Fail-Safe Clock Monitor Enabled bit
  1138                           ;	FCMEN = OFF, Fail-Safe Clock Monitor is disabled
  1139                           ;	Low Voltage Programming Enable bit
  1140                           ;	LVP = OFF, RB3 pin has digital I/O, HV on MCLR must be used for programming
  1141                           ;	In-Circuit Debugger Mode bit
  1142                           ;	DEBUG = 0x1, unprogrammed default
  1143  2007                     	org	8199
  1144  2007  20F1               	dw	8433
  1145                           
  1146                           ;Config register CONFIG2 @ 0x2008
  1147                           ;	Brown-out Reset Selection bit
  1148                           ;	BOR4V = BOR40V, Brown-out Reset set to 4.0V
  1149                           ;	Flash Program Memory Self Write Enable bits
  1150                           ;	WRT = OFF, Write protection off
  1151  2008                     	org	8200
  1152  2008  3FFF               	dw	16383

Data Sizes:
    Strings     0
    Constant    0
    Data        0
    BSS         1
    Persistent  0
    Stack       0

Auto Spaces:
    Space          Size  Autos    Used
    COMMON           14      3       4
    BANK0            80      0       0
    BANK1            80      0       0
    BANK3            96      0       0
    BANK2            96      0       0

Pointer List with Targets:

    None.

Critical Paths under _main in COMMON

    None.

Critical Paths under _myISR in COMMON

    None.

Critical Paths under _main in BANK0

    None.

Critical Paths under _myISR in BANK0

    None.

Critical Paths under _main in BANK1

    None.

Critical Paths under _myISR in BANK1

    None.

Critical Paths under _main in BANK3

    None.

Critical Paths under _myISR in BANK3

    None.

Critical Paths under _main in BANK2

    None.

Critical Paths under _myISR in BANK2

    None.

Call Graph Tables:

 ---------------------------------------------------------------------------------
 (Depth) Function   	        Calls       Base Space   Used Autos Params    Refs
 ---------------------------------------------------------------------------------
 (0) _main                                                 0     0      0       0
                  _SYSTEM_Initialize
 ---------------------------------------------------------------------------------
 (1) _SYSTEM_Initialize                                    0     0      0       0
                     _ADC_Initialize
           _PORTS_MANAGER_Initialize
             _SPI_MANAGER_Initialize
 ---------------------------------------------------------------------------------
 (2) _SPI_MANAGER_Initialize                               0     0      0       0
 ---------------------------------------------------------------------------------
 (2) _PORTS_MANAGER_Initialize                             0     0      0       0
 ---------------------------------------------------------------------------------
 (2) _ADC_Initialize                                       0     0      0       0
 ---------------------------------------------------------------------------------
 Estimated maximum stack depth 2
 ---------------------------------------------------------------------------------
 (Depth) Function   	        Calls       Base Space   Used Autos Params    Refs
 ---------------------------------------------------------------------------------
 (3) _myISR                                                3     3      0       0
                                              0 COMMON     3     3      0
 ---------------------------------------------------------------------------------
 Estimated maximum stack depth 3
 ---------------------------------------------------------------------------------

 Call Graph Graphs:

 _main (ROOT)
   _SYSTEM_Initialize
     _ADC_Initialize
     _PORTS_MANAGER_Initialize
     _SPI_MANAGER_Initialize

 _myISR (ROOT)

 Address spaces:
Name               Size   Autos  Total    Cost      Usage
BITCOMMON            E      0       0       0        0.0%
EEDATA             100      0       0       0        0.0%
NULL                 0      0       0       0        0.0%
CODE                 0      0       0       0        0.0%
COMMON               E      3       4       1       28.6%
BITSFR0              0      0       0       1        0.0%
SFR0                 0      0       0       1        0.0%
BITSFR1              0      0       0       2        0.0%
SFR1                 0      0       0       2        0.0%
STACK                0      0       0       2        0.0%
ABS                  0      0       4       3        0.0%
BITBANK0            50      0       0       4        0.0%
BITSFR3              0      0       0       4        0.0%
SFR3                 0      0       0       4        0.0%
BANK0               50      0       0       5        0.0%
BITSFR2              0      0       0       5        0.0%
SFR2                 0      0       0       5        0.0%
BITBANK1            50      0       0       6        0.0%
BANK1               50      0       0       7        0.0%
BITBANK3            60      0       0       8        0.0%
BANK3               60      0       0       9        0.0%
BITBANK2            60      0       0      10        0.0%
BANK2               60      0       0      11        0.0%
DATA                 0      0       4      12        0.0%


Microchip Technology PIC Macro Assembler V2.31 build 20201012212115 
Symbol Table                                                                                   Wed Feb 24 23:11:20 2021

                      _SSPSTATbits 0094                                 l17 0088  
                               l54 00A1                                 l66 0098  
                               l91 0063                                l106 0076  
                              l700 007B                                l710 0086  
                              l702 007E                                l712 0087  
                              l704 007F                                l720 004D  
                              l706 0082                                l730 005A  
                              l722 0050                                l714 0043  
                              l708 0083                                l732 005D  
                              l724 0053                                l716 0047  
                              l740 006D                                l734 0060  
                              l726 0056                                l718 004A  
                              l742 0070                                l728 0059  
                              l744 0073                                l736 0064  
                              l738 0069                                l746 0089  
                              l766 0099                                l768 009E  
                              l698 0077                               _IOCB 0096  
                             i1l46 0038                               i1l47 003C  
                             u1_20 001A                               u1_21 0019  
                             u2_20 001E                               u2_21 001D  
                             u3_20 002E                               u3_21 002D  
                             u4_20 0034                               u4_21 0033  
                             u5_27 0024                               _main 0099  
                             btemp 007E                               start 000C  
                            ?_main 0070                              _ANSEL 0188  
                            i1l750 001A                              i1l760 002E  
                            i1l752 001E                              i1l762 0034  
                            i1l754 0026                              i1l764 003B  
                            i1l756 0029                              i1l748 0014  
                            i1l758 002A                              _PORTA 0005  
                            _PORTB 0006                              _PORTD 0008  
                            _PORTE 0009                              _TRISB 0086  
                            _TRISD 0088                              _TRISE 0089  
                            _myISR 0014                              pclath 000A  
                            status 0003                              wtemp0 007E  
                  __initialization 000F                       __end_of_main 00A5  
                           ??_main 0073                             _ADCON0 001F  
                           _ADCON1 009F                             ?_myISR 0070  
                           _ADRESH 001E                             _ADRESL 009E  
                           _ANSELH 0189                             _SSPBUF 0013  
                           _SSPCON 0014                             saved_w 007E  
                _SYSTEM_Initialize 0089            __end_of__initialization 0010  
               ?_SYSTEM_Initialize 0070                     __pcstackCOMMON 0070  
              ??_SYSTEM_Initialize 0073                      __end_of_myISR 0043  
                          ??_myISR 0070          __end_of_SYSTEM_Initialize 0099  
                       __pmaintext 0099                         __pintentry 0004  
__size_of_PORTS_MANAGER_Initialize 0021          ?_PORTS_MANAGER_Initialize 0070  
          __size_of_ADC_Initialize 0012                            _SSPSTAT 0094  
                          __ptext1 0089                            __ptext2 0064  
                          __ptext3 0043                            __ptext4 0077  
                          __ptext5 0014           ??_SPI_MANAGER_Initialize 0073  
       __size_of_SYSTEM_Initialize 0010               end_of_initialization 0010  
                        _TRISAbits 0085                          _TRISCbits 0087  
                   _ADC_Initialize 0077                start_initialization 000F  
  __size_of_SPI_MANAGER_Initialize 0013   __end_of_PORTS_MANAGER_Initialize 0064  
           __end_of_ADC_Initialize 0089                        __pbssCOMMON 0073  
                        ___latbits 0002             _SPI_MANAGER_Initialize 0064  
                  ?_ADC_Initialize 0070                     __size_of_myISR 002F  
                interrupt_function 0004                           _PIE1bits 008C  
                         _PIR1bits 000C           _PORTS_MANAGER_Initialize 0043  
                       _ADCON0bits 001F                      __size_of_main 000C  
                         _voltage1 0073                         _INTCONbits 000B  
                         intlevel1 0000            ?_SPI_MANAGER_Initialize 0070  
                 ??_ADC_Initialize 0073         ??_PORTS_MANAGER_Initialize 0073  
   __end_of_SPI_MANAGER_Initialize 0077  
