

Microchip MPLAB XC8 Assembler V2.31 build 20201012212115 
                                                                                               Tue Feb 23 08:29:12 2021

Microchip MPLAB XC8 C Compiler v2.31 (Free license) build 20201012212115 Og1 
     1                           	processor	16F887
     2                           	pagewidth 120
     3                           	opt	flic
     4                           	psect	cinit,global,class=CODE,merge=1,delta=2
     5                           	psect	bssCOMMON,global,class=COMMON,space=1,delta=1,noexec
     6                           	psect	cstackCOMMON,global,class=COMMON,space=1,delta=1,noexec
     7                           	psect	maintext,global,class=CODE,split=1,delta=2
     8                           	psect	text1,local,class=CODE,merge=1,delta=2
     9                           	psect	text2,local,class=CODE,merge=1,delta=2
    10                           	psect	text3,local,class=CODE,merge=1,delta=2
    11                           	psect	text4,local,class=CODE,merge=1,delta=2
    12                           	psect	intentry,global,class=CODE,delta=2
    13                           	psect	config,global,abs,ovrld,class=CONFIG,space=4,delta=2,noexec
    14                           	dabs	1,0x7E,2
    15  0000                     
    16                           ; Version 2.20
    17                           ; Generated 12/02/2020 GMT
    18                           ; 
    19                           ; Copyright © 2020, Microchip Technology Inc. and its subsidiaries ("Microchip")
    20                           ; All rights reserved.
    21                           ; 
    22                           ; This software is developed by Microchip Technology Inc. and its subsidiaries ("Microch
      +                          ip").
    23                           ; 
    24                           ; Redistribution and use in source and binary forms, with or without modification, are
    25                           ; permitted provided that the following conditions are met:
    26                           ; 
    27                           ;     1. Redistributions of source code must retain the above copyright notice, this lis
      +                          t of
    28                           ;        conditions and the following disclaimer.
    29                           ; 
    30                           ;     2. Redistributions in binary form must reproduce the above copyright notice, this 
      +                          list
    31                           ;        of conditions and the following disclaimer in the documentation and/or other
    32                           ;        materials provided with the distribution.
    33                           ; 
    34                           ;     3. Microchip's name may not be used to endorse or promote products derived from th
      +                          is
    35                           ;        software without specific prior written permission.
    36                           ; 
    37                           ; THIS SOFTWARE IS PROVIDED BY MICROCHIP "AS IS" AND ANY EXPRESS OR IMPLIED WARRANTIES,
    38                           ; INCLUDING, BUT NOT LIMITED TO, THE IMPLIED WARRANTIES OF MERCHANTABILITY AND FITNESS F
      +                          OR
    39                           ; PURPOSE ARE DISCLAIMED.  IN NO EVENT SHALL MICROCHIP BE LIABLE FOR ANY DIRECT, INDIREC
      +                          T,
    40                           ; INCIDENTAL, SPECIAL, EXEMPLARY, OR CONSEQUENTIAL DAMAGES (INCLUDING BUT NOT LIMITED TO
    41                           ; PROCUREMENT OF SUBSTITUTE GOODS OR SERVICES; LOSS OF USE, DATA OR PROFITS; OR BUSINESS
    42                           ; INTERRUPTION) HOWSOEVER CAUSED AND ON ANY THEORY OF LIABILITY, WHETHER IN CONTRACT, ST
      +                          RICT
    43                           ; LIABILITY, OR TORT (INCLUDING NEGLIGENCE OR OTHERWISE) ARISING IN ANY WAY OUT OF THE U
      +                          SE OF
    44                           ; THIS SOFTWARE, EVEN IF ADVISED OF THE POSSIBILITY OF SUCH DAMAGE.
    45                           ; 
    46                           ; 
    47                           ; Code-generator required, PIC16F887 Definitions
    48                           ; 
    49                           ; SFR Addresses
    50  0000                     	;# 
    51  0001                     	;# 
    52  0002                     	;# 
    53  0003                     	;# 
    54  0004                     	;# 
    55  0005                     	;# 
    56  0006                     	;# 
    57  0007                     	;# 
    58  0008                     	;# 
    59  0009                     	;# 
    60  000A                     	;# 
    61  000B                     	;# 
    62  000C                     	;# 
    63  000D                     	;# 
    64  000E                     	;# 
    65  000E                     	;# 
    66  000F                     	;# 
    67  0010                     	;# 
    68  0011                     	;# 
    69  0012                     	;# 
    70  0013                     	;# 
    71  0014                     	;# 
    72  0015                     	;# 
    73  0015                     	;# 
    74  0016                     	;# 
    75  0017                     	;# 
    76  0018                     	;# 
    77  0019                     	;# 
    78  001A                     	;# 
    79  001B                     	;# 
    80  001B                     	;# 
    81  001C                     	;# 
    82  001D                     	;# 
    83  001E                     	;# 
    84  001F                     	;# 
    85  0081                     	;# 
    86  0085                     	;# 
    87  0086                     	;# 
    88  0087                     	;# 
    89  0088                     	;# 
    90  0089                     	;# 
    91  008C                     	;# 
    92  008D                     	;# 
    93  008E                     	;# 
    94  008F                     	;# 
    95  0090                     	;# 
    96  0091                     	;# 
    97  0092                     	;# 
    98  0093                     	;# 
    99  0093                     	;# 
   100  0093                     	;# 
   101  0094                     	;# 
   102  0095                     	;# 
   103  0096                     	;# 
   104  0097                     	;# 
   105  0098                     	;# 
   106  0099                     	;# 
   107  009A                     	;# 
   108  009B                     	;# 
   109  009C                     	;# 
   110  009D                     	;# 
   111  009E                     	;# 
   112  009F                     	;# 
   113  0105                     	;# 
   114  0107                     	;# 
   115  0108                     	;# 
   116  0109                     	;# 
   117  010C                     	;# 
   118  010C                     	;# 
   119  010D                     	;# 
   120  010E                     	;# 
   121  010F                     	;# 
   122  0185                     	;# 
   123  0187                     	;# 
   124  0188                     	;# 
   125  0189                     	;# 
   126  018C                     	;# 
   127  018D                     	;# 
   128  0000                     	;# 
   129  0001                     	;# 
   130  0002                     	;# 
   131  0003                     	;# 
   132  0004                     	;# 
   133  0005                     	;# 
   134  0006                     	;# 
   135  0007                     	;# 
   136  0008                     	;# 
   137  0009                     	;# 
   138  000A                     	;# 
   139  000B                     	;# 
   140  000C                     	;# 
   141  000D                     	;# 
   142  000E                     	;# 
   143  000E                     	;# 
   144  000F                     	;# 
   145  0010                     	;# 
   146  0011                     	;# 
   147  0012                     	;# 
   148  0013                     	;# 
   149  0014                     	;# 
   150  0015                     	;# 
   151  0015                     	;# 
   152  0016                     	;# 
   153  0017                     	;# 
   154  0018                     	;# 
   155  0019                     	;# 
   156  001A                     	;# 
   157  001B                     	;# 
   158  001B                     	;# 
   159  001C                     	;# 
   160  001D                     	;# 
   161  001E                     	;# 
   162  001F                     	;# 
   163  0081                     	;# 
   164  0085                     	;# 
   165  0086                     	;# 
   166  0087                     	;# 
   167  0088                     	;# 
   168  0089                     	;# 
   169  008C                     	;# 
   170  008D                     	;# 
   171  008E                     	;# 
   172  008F                     	;# 
   173  0090                     	;# 
   174  0091                     	;# 
   175  0092                     	;# 
   176  0093                     	;# 
   177  0093                     	;# 
   178  0093                     	;# 
   179  0094                     	;# 
   180  0095                     	;# 
   181  0096                     	;# 
   182  0097                     	;# 
   183  0098                     	;# 
   184  0099                     	;# 
   185  009A                     	;# 
   186  009B                     	;# 
   187  009C                     	;# 
   188  009D                     	;# 
   189  009E                     	;# 
   190  009F                     	;# 
   191  0105                     	;# 
   192  0107                     	;# 
   193  0108                     	;# 
   194  0109                     	;# 
   195  010C                     	;# 
   196  010C                     	;# 
   197  010D                     	;# 
   198  010E                     	;# 
   199  010F                     	;# 
   200  0185                     	;# 
   201  0187                     	;# 
   202  0188                     	;# 
   203  0189                     	;# 
   204  018C                     	;# 
   205  018D                     	;# 
   206  0000                     	;# 
   207  0001                     	;# 
   208  0002                     	;# 
   209  0003                     	;# 
   210  0004                     	;# 
   211  0005                     	;# 
   212  0006                     	;# 
   213  0007                     	;# 
   214  0008                     	;# 
   215  0009                     	;# 
   216  000A                     	;# 
   217  000B                     	;# 
   218  000C                     	;# 
   219  000D                     	;# 
   220  000E                     	;# 
   221  000E                     	;# 
   222  000F                     	;# 
   223  0010                     	;# 
   224  0011                     	;# 
   225  0012                     	;# 
   226  0013                     	;# 
   227  0014                     	;# 
   228  0015                     	;# 
   229  0015                     	;# 
   230  0016                     	;# 
   231  0017                     	;# 
   232  0018                     	;# 
   233  0019                     	;# 
   234  001A                     	;# 
   235  001B                     	;# 
   236  001B                     	;# 
   237  001C                     	;# 
   238  001D                     	;# 
   239  001E                     	;# 
   240  001F                     	;# 
   241  0081                     	;# 
   242  0085                     	;# 
   243  0086                     	;# 
   244  0087                     	;# 
   245  0088                     	;# 
   246  0089                     	;# 
   247  008C                     	;# 
   248  008D                     	;# 
   249  008E                     	;# 
   250  008F                     	;# 
   251  0090                     	;# 
   252  0091                     	;# 
   253  0092                     	;# 
   254  0093                     	;# 
   255  0093                     	;# 
   256  0093                     	;# 
   257  0094                     	;# 
   258  0095                     	;# 
   259  0096                     	;# 
   260  0097                     	;# 
   261  0098                     	;# 
   262  0099                     	;# 
   263  009A                     	;# 
   264  009B                     	;# 
   265  009C                     	;# 
   266  009D                     	;# 
   267  009E                     	;# 
   268  009F                     	;# 
   269  0105                     	;# 
   270  0107                     	;# 
   271  0108                     	;# 
   272  0109                     	;# 
   273  010C                     	;# 
   274  010C                     	;# 
   275  010D                     	;# 
   276  010E                     	;# 
   277  010F                     	;# 
   278  0185                     	;# 
   279  0187                     	;# 
   280  0188                     	;# 
   281  0189                     	;# 
   282  018C                     	;# 
   283  018D                     	;# 
   284  0000                     	;# 
   285  0001                     	;# 
   286  0002                     	;# 
   287  0003                     	;# 
   288  0004                     	;# 
   289  0005                     	;# 
   290  0006                     	;# 
   291  0007                     	;# 
   292  0008                     	;# 
   293  0009                     	;# 
   294  000A                     	;# 
   295  000B                     	;# 
   296  000C                     	;# 
   297  000D                     	;# 
   298  000E                     	;# 
   299  000E                     	;# 
   300  000F                     	;# 
   301  0010                     	;# 
   302  0011                     	;# 
   303  0012                     	;# 
   304  0013                     	;# 
   305  0014                     	;# 
   306  0015                     	;# 
   307  0015                     	;# 
   308  0016                     	;# 
   309  0017                     	;# 
   310  0018                     	;# 
   311  0019                     	;# 
   312  001A                     	;# 
   313  001B                     	;# 
   314  001B                     	;# 
   315  001C                     	;# 
   316  001D                     	;# 
   317  001E                     	;# 
   318  001F                     	;# 
   319  0081                     	;# 
   320  0085                     	;# 
   321  0086                     	;# 
   322  0087                     	;# 
   323  0088                     	;# 
   324  0089                     	;# 
   325  008C                     	;# 
   326  008D                     	;# 
   327  008E                     	;# 
   328  008F                     	;# 
   329  0090                     	;# 
   330  0091                     	;# 
   331  0092                     	;# 
   332  0093                     	;# 
   333  0093                     	;# 
   334  0093                     	;# 
   335  0094                     	;# 
   336  0095                     	;# 
   337  0096                     	;# 
   338  0097                     	;# 
   339  0098                     	;# 
   340  0099                     	;# 
   341  009A                     	;# 
   342  009B                     	;# 
   343  009C                     	;# 
   344  009D                     	;# 
   345  009E                     	;# 
   346  009F                     	;# 
   347  0105                     	;# 
   348  0107                     	;# 
   349  0108                     	;# 
   350  0109                     	;# 
   351  010C                     	;# 
   352  010C                     	;# 
   353  010D                     	;# 
   354  010E                     	;# 
   355  010F                     	;# 
   356  0185                     	;# 
   357  0187                     	;# 
   358  0188                     	;# 
   359  0189                     	;# 
   360  018C                     	;# 
   361  018D                     	;# 
   362  0000                     	;# 
   363  0001                     	;# 
   364  0002                     	;# 
   365  0003                     	;# 
   366  0004                     	;# 
   367  0005                     	;# 
   368  0006                     	;# 
   369  0007                     	;# 
   370  0008                     	;# 
   371  0009                     	;# 
   372  000A                     	;# 
   373  000B                     	;# 
   374  000C                     	;# 
   375  000D                     	;# 
   376  000E                     	;# 
   377  000E                     	;# 
   378  000F                     	;# 
   379  0010                     	;# 
   380  0011                     	;# 
   381  0012                     	;# 
   382  0013                     	;# 
   383  0014                     	;# 
   384  0015                     	;# 
   385  0015                     	;# 
   386  0016                     	;# 
   387  0017                     	;# 
   388  0018                     	;# 
   389  0019                     	;# 
   390  001A                     	;# 
   391  001B                     	;# 
   392  001B                     	;# 
   393  001C                     	;# 
   394  001D                     	;# 
   395  001E                     	;# 
   396  001F                     	;# 
   397  0081                     	;# 
   398  0085                     	;# 
   399  0086                     	;# 
   400  0087                     	;# 
   401  0088                     	;# 
   402  0089                     	;# 
   403  008C                     	;# 
   404  008D                     	;# 
   405  008E                     	;# 
   406  008F                     	;# 
   407  0090                     	;# 
   408  0091                     	;# 
   409  0092                     	;# 
   410  0093                     	;# 
   411  0093                     	;# 
   412  0093                     	;# 
   413  0094                     	;# 
   414  0095                     	;# 
   415  0096                     	;# 
   416  0097                     	;# 
   417  0098                     	;# 
   418  0099                     	;# 
   419  009A                     	;# 
   420  009B                     	;# 
   421  009C                     	;# 
   422  009D                     	;# 
   423  009E                     	;# 
   424  009F                     	;# 
   425  0105                     	;# 
   426  0107                     	;# 
   427  0108                     	;# 
   428  0109                     	;# 
   429  010C                     	;# 
   430  010C                     	;# 
   431  010D                     	;# 
   432  010E                     	;# 
   433  010F                     	;# 
   434  0185                     	;# 
   435  0187                     	;# 
   436  0188                     	;# 
   437  0189                     	;# 
   438  018C                     	;# 
   439  018D                     	;# 
   440  0014                     _SSPCON	set	20
   441  0009                     _PORTE	set	9
   442  0006                     _PORTB	set	6
   443  0005                     _PORTA	set	5
   444  0008                     _PORTD	set	8
   445  000B                     _INTCON	set	11
   446  0013                     _SSPBUF	set	19
   447  000C                     _PIR1bits	set	12
   448  0006                     _PORTBbits	set	6
   449  000B                     _INTCONbits	set	11
   450  008C                     _PIE1bits	set	140
   451  0094                     _SSPSTAT	set	148
   452  0087                     _TRISCbits	set	135
   453  0089                     _TRISE	set	137
   454  0088                     _TRISD	set	136
   455  0096                     _IOCB	set	150
   456  0086                     _TRISB	set	134
   457  0085                     _TRISAbits	set	133
   458  0094                     _SSPSTATbits	set	148
   459  0189                     _ANSELH	set	393
   460  0188                     _ANSEL	set	392
   461                           
   462                           	psect	cinit
   463  000F                     start_initialization:	
   464                           ; #config settings
   465                           
   466  000F                     __initialization:
   467                           
   468                           ; Clear objects allocated to COMMON
   469  000F  01F3               	clrf	__pbssCOMMON& (0+127)
   470  0010  01F4               	clrf	(__pbssCOMMON+1)& (0+127)
   471  0011                     end_of_initialization:	
   472                           ;End of C runtime variable initialization code
   473                           
   474  0011                     __end_of__initialization:
   475  0011  0183               	clrf	3
   476  0012  120A  118A  2880   	ljmp	_main	;jump to C main() function
   477                           
   478                           	psect	bssCOMMON
   479  0073                     __pbssCOMMON:
   480  0073                     _read_value:
   481  0073                     	ds	1
   482  0074                     _reference_count:
   483  0074                     	ds	1
   484                           
   485                           	psect	cstackCOMMON
   486  0070                     __pcstackCOMMON:
   487  0070                     ?_PORTS_MANAGER_Initialize:
   488  0070                     ?_SPI_MANAGER_Initialize:	
   489                           ; 1 bytes @ 0x0
   490                           
   491  0070                     ?_SYSTEM_Initialize:	
   492                           ; 1 bytes @ 0x0
   493                           
   494  0070                     ?_myISR:	
   495                           ; 1 bytes @ 0x0
   496                           
   497  0070                     ??_myISR:	
   498                           ; 1 bytes @ 0x0
   499                           
   500  0070                     ?_main:	
   501                           ; 1 bytes @ 0x0
   502                           
   503                           
   504                           ; 1 bytes @ 0x0
   505  0070                     	ds	3
   506  0073                     ??_PORTS_MANAGER_Initialize:
   507  0073                     ??_SPI_MANAGER_Initialize:	
   508                           ; 1 bytes @ 0x3
   509                           
   510  0073                     ??_SYSTEM_Initialize:	
   511                           ; 1 bytes @ 0x3
   512                           
   513  0073                     ??_main:	
   514                           ; 1 bytes @ 0x3
   515                           
   516                           
   517                           	psect	maintext
   518  0080                     __pmaintext:	
   519                           ; 1 bytes @ 0x3
   520 ;;
   521 ;;Main: autosize = 0, tempsize = 0, incstack = 0, save=0
   522 ;;
   523 ;; *************** function _main *****************
   524 ;; Defined at:
   525 ;;		line 56 in file "main.c"
   526 ;; Parameters:    Size  Location     Type
   527 ;;		None
   528 ;; Auto vars:     Size  Location     Type
   529 ;;		None
   530 ;; Return value:  Size  Location     Type
   531 ;;                  1    wreg      void 
   532 ;; Registers used:
   533 ;;		wreg, status,2, status,0, pclath, cstack
   534 ;; Tracked objects:
   535 ;;		On entry : B00/0
   536 ;;		On exit  : 0/0
   537 ;;		Unchanged: 0/0
   538 ;; Data sizes:     COMMON   BANK0   BANK1   BANK3   BANK2
   539 ;;      Params:         0       0       0       0       0
   540 ;;      Locals:         0       0       0       0       0
   541 ;;      Temps:          0       0       0       0       0
   542 ;;      Totals:         0       0       0       0       0
   543 ;;Total ram usage:        0 bytes
   544 ;; Hardware stack levels required when called:    3
   545 ;; This function calls:
   546 ;;		_SYSTEM_Initialize
   547 ;; This function is called by:
   548 ;;		Startup code after reset
   549 ;; This function uses a non-reentrant model
   550 ;;
   551                           
   552                           
   553                           ;psect for function _main
   554  0080                     _main:
   555  0080                     l727:	
   556                           ;incstack = 0
   557                           ; Regs used in _main: [wreg+status,2+status,0+pclath+cstack]
   558                           
   559                           
   560                           ;main.c: 58:     SYSTEM_Initialize();
   561  0080  120A  118A  2090  120A  118A  	fcall	_SYSTEM_Initialize
   562  0085                     l729:
   563                           
   564                           ;main.c: 59:     INTCON = 0b11001000;
   565  0085  30C8               	movlw	200
   566  0086  008B               	movwf	11	;volatile
   567  0087                     l731:
   568                           
   569                           ;main.c: 60:     INTCONbits.RBIF = 1;
   570  0087  140B               	bsf	11,0	;volatile
   571  0088                     l733:
   572                           
   573                           ;main.c: 63:         PORTD = reference_count;
   574  0088  0874               	movf	_reference_count,w
   575  0089  1283               	bcf	3,5	;RP0=0, select bank0
   576  008A  1303               	bcf	3,6	;RP1=0, select bank0
   577  008B  0088               	movwf	8	;volatile
   578  008C  2888               	goto	l733
   579  008D  120A  118A  280C   	ljmp	start
   580  0090                     __end_of_main:
   581                           
   582                           	psect	text1
   583  0090                     __ptext1:	
   584 ;; *************** function _SYSTEM_Initialize *****************
   585 ;; Defined at:
   586 ;;		line 11 in file "lcs.c"
   587 ;; Parameters:    Size  Location     Type
   588 ;;		None
   589 ;; Auto vars:     Size  Location     Type
   590 ;;		None
   591 ;; Return value:  Size  Location     Type
   592 ;;                  1    wreg      void 
   593 ;; Registers used:
   594 ;;		wreg, status,2, status,0, pclath, cstack
   595 ;; Tracked objects:
   596 ;;		On entry : 0/0
   597 ;;		On exit  : 0/0
   598 ;;		Unchanged: 0/0
   599 ;; Data sizes:     COMMON   BANK0   BANK1   BANK3   BANK2
   600 ;;      Params:         0       0       0       0       0
   601 ;;      Locals:         0       0       0       0       0
   602 ;;      Temps:          0       0       0       0       0
   603 ;;      Totals:         0       0       0       0       0
   604 ;;Total ram usage:        0 bytes
   605 ;; Hardware stack levels used:    1
   606 ;; Hardware stack levels required when called:    2
   607 ;; This function calls:
   608 ;;		_PORTS_MANAGER_Initialize
   609 ;;		_SPI_MANAGER_Initialize
   610 ;; This function is called by:
   611 ;;		_main
   612 ;; This function uses a non-reentrant model
   613 ;;
   614                           
   615                           
   616                           ;psect for function _SYSTEM_Initialize
   617  0090                     _SYSTEM_Initialize:
   618  0090                     l703:	
   619                           ;incstack = 0
   620                           ; Regs used in _SYSTEM_Initialize: [wreg+status,2+status,0+pclath+cstack]
   621                           
   622                           
   623                           ;lcs.c: 12:     PORTS_MANAGER_Initialize();
   624  0090  120A  118A  204B  120A  118A  	fcall	_PORTS_MANAGER_Initialize
   625                           
   626                           ;lcs.c: 13:     SPI_MANAGER_Initialize();
   627  0095  120A  118A  206D  120A  118A  	fcall	_SPI_MANAGER_Initialize
   628  009A                     l7:
   629  009A  0008               	return
   630  009B                     __end_of_SYSTEM_Initialize:
   631                           
   632                           	psect	text2
   633  006D                     __ptext2:	
   634 ;; *************** function _SPI_MANAGER_Initialize *****************
   635 ;; Defined at:
   636 ;;		line 11 in file "spi.c"
   637 ;; Parameters:    Size  Location     Type
   638 ;;		None
   639 ;; Auto vars:     Size  Location     Type
   640 ;;		None
   641 ;; Return value:  Size  Location     Type
   642 ;;                  1    wreg      void 
   643 ;; Registers used:
   644 ;;		wreg, status,2
   645 ;; Tracked objects:
   646 ;;		On entry : 0/0
   647 ;;		On exit  : 0/0
   648 ;;		Unchanged: 0/0
   649 ;; Data sizes:     COMMON   BANK0   BANK1   BANK3   BANK2
   650 ;;      Params:         0       0       0       0       0
   651 ;;      Locals:         0       0       0       0       0
   652 ;;      Temps:          0       0       0       0       0
   653 ;;      Totals:         0       0       0       0       0
   654 ;;Total ram usage:        0 bytes
   655 ;; Hardware stack levels used:    1
   656 ;; Hardware stack levels required when called:    1
   657 ;; This function calls:
   658 ;;		Nothing
   659 ;; This function is called by:
   660 ;;		_SYSTEM_Initialize
   661 ;; This function uses a non-reentrant model
   662 ;;
   663                           
   664                           
   665                           ;psect for function _SPI_MANAGER_Initialize
   666  006D                     _SPI_MANAGER_Initialize:
   667  006D                     l693:	
   668                           ;incstack = 0
   669                           ; Regs used in _SPI_MANAGER_Initialize: [wreg+status,2]
   670                           
   671                           
   672                           ;spi.c: 13:     TRISCbits.TRISC3 = 1;
   673  006D  1683               	bsf	3,5	;RP0=1, select bank1
   674  006E  1303               	bcf	3,6	;RP1=0, select bank1
   675  006F  1587               	bsf	7,3	;volatile
   676                           
   677                           ;spi.c: 14:     TRISCbits.TRISC5 = 0;
   678  0070  1287               	bcf	7,5	;volatile
   679                           
   680                           ;spi.c: 15:     TRISAbits.TRISA5 = 1;
   681  0071  1685               	bsf	5,5	;volatile
   682  0072                     l695:
   683                           
   684                           ;spi.c: 16:     SSPCON = 0b00100100;
   685  0072  3024               	movlw	36
   686  0073  1283               	bcf	3,5	;RP0=0, select bank0
   687  0074  1303               	bcf	3,6	;RP1=0, select bank0
   688  0075  0094               	movwf	20	;volatile
   689  0076                     l697:
   690                           
   691                           ;spi.c: 17:     SSPSTAT = 0;
   692  0076  1683               	bsf	3,5	;RP0=1, select bank1
   693  0077  1303               	bcf	3,6	;RP1=0, select bank1
   694  0078  0194               	clrf	20	;volatile
   695  0079                     l699:
   696                           
   697                           ;spi.c: 19:     PIR1bits.SSPIF = 0;
   698  0079  1283               	bcf	3,5	;RP0=0, select bank0
   699  007A  1303               	bcf	3,6	;RP1=0, select bank0
   700  007B  118C               	bcf	12,3	;volatile
   701  007C                     l701:
   702                           
   703                           ;spi.c: 20:     PIE1bits.SSPIE = 1;
   704  007C  1683               	bsf	3,5	;RP0=1, select bank1
   705  007D  1303               	bcf	3,6	;RP1=0, select bank1
   706  007E  158C               	bsf	12,3	;volatile
   707  007F                     l85:
   708  007F  0008               	return
   709  0080                     __end_of_SPI_MANAGER_Initialize:
   710                           
   711                           	psect	text3
   712  004B                     __ptext3:	
   713 ;; *************** function _PORTS_MANAGER_Initialize *****************
   714 ;; Defined at:
   715 ;;		line 11 in file "ports_manager.c"
   716 ;; Parameters:    Size  Location     Type
   717 ;;		None
   718 ;; Auto vars:     Size  Location     Type
   719 ;;		None
   720 ;; Return value:  Size  Location     Type
   721 ;;                  1    wreg      void 
   722 ;; Registers used:
   723 ;;		wreg, status,2
   724 ;; Tracked objects:
   725 ;;		On entry : 0/0
   726 ;;		On exit  : 0/0
   727 ;;		Unchanged: 0/0
   728 ;; Data sizes:     COMMON   BANK0   BANK1   BANK3   BANK2
   729 ;;      Params:         0       0       0       0       0
   730 ;;      Locals:         0       0       0       0       0
   731 ;;      Temps:          0       0       0       0       0
   732 ;;      Totals:         0       0       0       0       0
   733 ;;Total ram usage:        0 bytes
   734 ;; Hardware stack levels used:    1
   735 ;; Hardware stack levels required when called:    1
   736 ;; This function calls:
   737 ;;		Nothing
   738 ;; This function is called by:
   739 ;;		_SYSTEM_Initialize
   740 ;; This function uses a non-reentrant model
   741 ;;
   742                           
   743                           
   744                           ;psect for function _PORTS_MANAGER_Initialize
   745  004B                     _PORTS_MANAGER_Initialize:
   746  004B                     l677:	
   747                           ;incstack = 0
   748                           ; Regs used in _PORTS_MANAGER_Initialize: [wreg+status,2]
   749                           
   750                           
   751                           ;ports_manager.c: 13:     ANSEL = 0;
   752  004B  1683               	bsf	3,5	;RP0=1, select bank3
   753  004C  1703               	bsf	3,6	;RP1=1, select bank3
   754  004D  0188               	clrf	8	;volatile
   755  004E                     l679:
   756                           
   757                           ;ports_manager.c: 14:     TRISAbits.TRISA0 = 0;
   758  004E  1683               	bsf	3,5	;RP0=1, select bank1
   759  004F  1303               	bcf	3,6	;RP1=0, select bank1
   760  0050  1005               	bcf	5,0	;volatile
   761                           
   762                           ;ports_manager.c: 15:     PORTA = 0;
   763  0051  1283               	bcf	3,5	;RP0=0, select bank0
   764  0052  1303               	bcf	3,6	;RP1=0, select bank0
   765  0053  0185               	clrf	5	;volatile
   766                           
   767                           ;ports_manager.c: 17:     ANSELH = 0;
   768  0054  1683               	bsf	3,5	;RP0=1, select bank3
   769  0055  1703               	bsf	3,6	;RP1=1, select bank3
   770  0056  0189               	clrf	9	;volatile
   771  0057                     l681:
   772                           
   773                           ;ports_manager.c: 18:     TRISB = 0b00000011;
   774  0057  3003               	movlw	3
   775  0058  1683               	bsf	3,5	;RP0=1, select bank1
   776  0059  1303               	bcf	3,6	;RP1=0, select bank1
   777  005A  0086               	movwf	6	;volatile
   778  005B                     l683:
   779                           
   780                           ;ports_manager.c: 19:     PORTB = 0;
   781  005B  1283               	bcf	3,5	;RP0=0, select bank0
   782  005C  1303               	bcf	3,6	;RP1=0, select bank0
   783  005D  0186               	clrf	6	;volatile
   784                           
   785                           ;ports_manager.c: 20:     IOCB = 0b00000011;
   786  005E  3003               	movlw	3
   787  005F  1683               	bsf	3,5	;RP0=1, select bank1
   788  0060  1303               	bcf	3,6	;RP1=0, select bank1
   789  0061  0096               	movwf	22	;volatile
   790  0062                     l685:
   791                           
   792                           ;ports_manager.c: 22:     TRISD = 0;
   793  0062  0188               	clrf	8	;volatile
   794  0063                     l687:
   795                           
   796                           ;ports_manager.c: 23:     PORTD = 0;
   797  0063  1283               	bcf	3,5	;RP0=0, select bank0
   798  0064  1303               	bcf	3,6	;RP1=0, select bank0
   799  0065  0188               	clrf	8	;volatile
   800  0066                     l689:
   801                           
   802                           ;ports_manager.c: 25:     TRISE = 0;
   803  0066  1683               	bsf	3,5	;RP0=1, select bank1
   804  0067  1303               	bcf	3,6	;RP1=0, select bank1
   805  0068  0189               	clrf	9	;volatile
   806  0069                     l691:
   807                           
   808                           ;ports_manager.c: 26:     PORTE = 0;
   809  0069  1283               	bcf	3,5	;RP0=0, select bank0
   810  006A  1303               	bcf	3,6	;RP1=0, select bank0
   811  006B  0189               	clrf	9	;volatile
   812  006C                     l70:
   813  006C  0008               	return
   814  006D                     __end_of_PORTS_MANAGER_Initialize:
   815                           
   816                           	psect	text4
   817  0015                     __ptext4:	
   818 ;; *************** function _myISR *****************
   819 ;; Defined at:
   820 ;;		line 28 in file "main.c"
   821 ;; Parameters:    Size  Location     Type
   822 ;;		None
   823 ;; Auto vars:     Size  Location     Type
   824 ;;		None
   825 ;; Return value:  Size  Location     Type
   826 ;;                  1    wreg      void 
   827 ;; Registers used:
   828 ;;		wreg, status,2, status,0
   829 ;; Tracked objects:
   830 ;;		On entry : 0/0
   831 ;;		On exit  : 0/0
   832 ;;		Unchanged: 0/0
   833 ;; Data sizes:     COMMON   BANK0   BANK1   BANK3   BANK2
   834 ;;      Params:         0       0       0       0       0
   835 ;;      Locals:         0       0       0       0       0
   836 ;;      Temps:          3       0       0       0       0
   837 ;;      Totals:         3       0       0       0       0
   838 ;;Total ram usage:        3 bytes
   839 ;; Hardware stack levels used:    1
   840 ;; This function calls:
   841 ;;		Nothing
   842 ;; This function is called by:
   843 ;;		Interrupt level 1
   844 ;; This function uses a non-reentrant model
   845 ;;
   846                           
   847                           
   848                           ;psect for function _myISR
   849  0015                     _myISR:
   850  0015                     i1l705:
   851                           
   852                           ;main.c: 30:     if (INTCONbits.RBIE == 1 && INTCONbits.RBIF == 1){
   853  0015  1D8B               	btfss	11,3	;volatile
   854  0016  2818               	goto	u1_21
   855  0017  2819               	goto	u1_20
   856  0018                     u1_21:
   857  0018  282E               	goto	i1l719
   858  0019                     u1_20:
   859  0019                     i1l707:
   860  0019  1C0B               	btfss	11,0	;volatile
   861  001A  281C               	goto	u2_21
   862  001B  281D               	goto	u2_20
   863  001C                     u2_21:
   864  001C  282E               	goto	i1l719
   865  001D                     u2_20:
   866  001D                     i1l709:
   867                           
   868                           ;main.c: 31:         if (PORTBbits.RB0 == 0){
   869  001D  1283               	bcf	3,5	;RP0=0, select bank0
   870  001E  1303               	bcf	3,6	;RP1=0, select bank0
   871  001F  1806               	btfsc	6,0	;volatile
   872  0020  2822               	goto	u3_21
   873  0021  2823               	goto	u3_20
   874  0022                     u3_21:
   875  0022  2827               	goto	i1l713
   876  0023                     u3_20:
   877  0023                     i1l711:
   878                           
   879                           ;main.c: 32:             reference_count++;
   880  0023  3001               	movlw	1
   881  0024  00F0               	movwf	??_myISR
   882  0025  0870               	movf	??_myISR,w
   883  0026  07F4               	addwf	_reference_count,f
   884  0027                     i1l713:
   885                           
   886                           ;main.c: 34:         if (PORTBbits.RB1 == 0){
   887  0027  1886               	btfsc	6,1	;volatile
   888  0028  282A               	goto	u4_21
   889  0029  282B               	goto	u4_20
   890  002A                     u4_21:
   891  002A  282D               	goto	i1l717
   892  002B                     u4_20:
   893  002B                     i1l715:
   894                           
   895                           ;main.c: 35:             reference_count--;
   896  002B  3001               	movlw	1
   897  002C  02F4               	subwf	_reference_count,f
   898  002D                     i1l717:
   899                           
   900                           ;main.c: 37:         INTCONbits.RBIF=0;
   901  002D  100B               	bcf	11,0	;volatile
   902  002E                     i1l719:
   903                           
   904                           ;main.c: 40:     if(PIR1bits.SSPIF){
   905  002E  1283               	bcf	3,5	;RP0=0, select bank0
   906  002F  1303               	bcf	3,6	;RP1=0, select bank0
   907  0030  1D8C               	btfss	12,3	;volatile
   908  0031  2833               	goto	u5_21
   909  0032  2834               	goto	u5_20
   910  0033                     u5_21:
   911  0033  2844               	goto	i1l37
   912  0034                     u5_20:
   913  0034                     i1l721:
   914                           
   915                           ;main.c: 41:         if(SSPSTATbits.BF){
   916  0034  1683               	bsf	3,5	;RP0=1, select bank1
   917  0035  1303               	bcf	3,6	;RP1=0, select bank1
   918  0036  1C14               	btfss	20,0	;volatile
   919  0037  2839               	goto	u6_21
   920  0038  283A               	goto	u6_20
   921  0039                     u6_21:
   922  0039  2840               	goto	i1l36
   923  003A                     u6_20:
   924  003A                     i1l723:
   925                           
   926                           ;main.c: 42:             read_value = SSPBUF;
   927  003A  1283               	bcf	3,5	;RP0=0, select bank0
   928  003B  1303               	bcf	3,6	;RP1=0, select bank0
   929  003C  0813               	movf	19,w	;volatile
   930  003D  00F0               	movwf	??_myISR
   931  003E  0870               	movf	??_myISR,w
   932  003F  00F3               	movwf	_read_value
   933  0040                     i1l36:	
   934                           ;main.c: 43:         }
   935                           
   936                           
   937                           ;main.c: 44:         SSPBUF = reference_count;
   938  0040  0874               	movf	_reference_count,w
   939  0041  1283               	bcf	3,5	;RP0=0, select bank0
   940  0042  0093               	movwf	19	;volatile
   941  0043                     i1l725:
   942                           
   943                           ;main.c: 45:         PIR1bits.SSPIF = 0;
   944  0043  118C               	bcf	12,3	;volatile
   945  0044                     i1l37:
   946  0044  0872               	movf	??_myISR+2,w
   947  0045  008A               	movwf	10
   948  0046  0E71               	swapf	??_myISR+1,w
   949  0047  0083               	movwf	3
   950  0048  0EFE               	swapf	btemp,f
   951  0049  0E7E               	swapf	btemp,w
   952  004A  0009               	retfie
   953  004B                     __end_of_myISR:
   954  007E                     btemp	set	126	;btemp
   955  007E                     wtemp0	set	126
   956                           
   957                           	psect	intentry
   958  0004                     __pintentry:	
   959                           ;incstack = 0
   960                           ; Regs used in _myISR: [wreg+status,2+status,0]
   961                           
   962  0004                     interrupt_function:
   963  007E                     saved_w	set	btemp
   964  0004  00FE               	movwf	btemp
   965  0005  0E03               	swapf	3,w
   966  0006  00F1               	movwf	??_myISR+1
   967  0007  080A               	movf	10,w
   968  0008  00F2               	movwf	??_myISR+2
   969  0009  120A  118A  2815   	ljmp	_myISR
   970                           
   971                           	psect	config
   972                           
   973                           ;Config register CONFIG1 @ 0x2007
   974                           ;	Oscillator Selection bits
   975                           ;	FOSC = XT, XT oscillator: Crystal/resonator on RA6/OSC2/CLKOUT and RA7/OSC1/CLKIN
   976                           ;	Watchdog Timer Enable bit
   977                           ;	WDTE = OFF, WDT disabled and can be enabled by SWDTEN bit of the WDTCON register
   978                           ;	Power-up Timer Enable bit
   979                           ;	PWRTE = OFF, PWRT disabled
   980                           ;	RE3/MCLR pin function select bit
   981                           ;	MCLRE = ON, RE3/MCLR pin function is MCLR
   982                           ;	Code Protection bit
   983                           ;	CP = OFF, Program memory code protection is disabled
   984                           ;	Data Code Protection bit
   985                           ;	CPD = OFF, Data memory code protection is disabled
   986                           ;	Brown Out Reset Selection bits
   987                           ;	BOREN = OFF, BOR disabled
   988                           ;	Internal External Switchover bit
   989                           ;	IESO = OFF, Internal/External Switchover mode is disabled
   990                           ;	Fail-Safe Clock Monitor Enabled bit
   991                           ;	FCMEN = OFF, Fail-Safe Clock Monitor is disabled
   992                           ;	Low Voltage Programming Enable bit
   993                           ;	LVP = OFF, RB3 pin has digital I/O, HV on MCLR must be used for programming
   994                           ;	In-Circuit Debugger Mode bit
   995                           ;	DEBUG = 0x1, unprogrammed default
   996  2007                     	org	8199
   997  2007  20F1               	dw	8433
   998                           
   999                           ;Config register CONFIG2 @ 0x2008
  1000                           ;	Brown-out Reset Selection bit
  1001                           ;	BOR4V = BOR40V, Brown-out Reset set to 4.0V
  1002                           ;	Flash Program Memory Self Write Enable bits
  1003                           ;	WRT = OFF, Write protection off
  1004  2008                     	org	8200
  1005  2008  3FFF               	dw	16383

Data Sizes:
    Strings     0
    Constant    0
    Data        0
    BSS         2
    Persistent  0
    Stack       0

Auto Spaces:
    Space          Size  Autos    Used
    COMMON           14      3       5
    BANK0            80      0       0
    BANK1            80      0       0
    BANK3            96      0       0
    BANK2            96      0       0

Pointer List with Targets:

    None.

Critical Paths under _main in COMMON

    None.

Critical Paths under _myISR in COMMON

    None.

Critical Paths under _main in BANK0

    None.

Critical Paths under _myISR in BANK0

    None.

Critical Paths under _main in BANK1

    None.

Critical Paths under _myISR in BANK1

    None.

Critical Paths under _main in BANK3

    None.

Critical Paths under _myISR in BANK3

    None.

Critical Paths under _main in BANK2

    None.

Critical Paths under _myISR in BANK2

    None.

Call Graph Tables:

 ---------------------------------------------------------------------------------
 (Depth) Function   	        Calls       Base Space   Used Autos Params    Refs
 ---------------------------------------------------------------------------------
 (0) _main                                                 0     0      0       0
                  _SYSTEM_Initialize
 ---------------------------------------------------------------------------------
 (1) _SYSTEM_Initialize                                    0     0      0       0
           _PORTS_MANAGER_Initialize
             _SPI_MANAGER_Initialize
 ---------------------------------------------------------------------------------
 (2) _SPI_MANAGER_Initialize                               0     0      0       0
 ---------------------------------------------------------------------------------
 (2) _PORTS_MANAGER_Initialize                             0     0      0       0
 ---------------------------------------------------------------------------------
 Estimated maximum stack depth 2
 ---------------------------------------------------------------------------------
 (Depth) Function   	        Calls       Base Space   Used Autos Params    Refs
 ---------------------------------------------------------------------------------
 (3) _myISR                                                3     3      0       0
                                              0 COMMON     3     3      0
 ---------------------------------------------------------------------------------
 Estimated maximum stack depth 3
 ---------------------------------------------------------------------------------

 Call Graph Graphs:

 _main (ROOT)
   _SYSTEM_Initialize
     _PORTS_MANAGER_Initialize
     _SPI_MANAGER_Initialize

 _myISR (ROOT)

 Address spaces:
Name               Size   Autos  Total    Cost      Usage
BITCOMMON            E      0       0       0        0.0%
EEDATA             100      0       0       0        0.0%
NULL                 0      0       0       0        0.0%
CODE                 0      0       0       0        0.0%
COMMON               E      3       5       1       35.7%
BITSFR0              0      0       0       1        0.0%
SFR0                 0      0       0       1        0.0%
BITSFR1              0      0       0       2        0.0%
SFR1                 0      0       0       2        0.0%
STACK                0      0       0       2        0.0%
ABS                  0      0       5       3        0.0%
BITBANK0            50      0       0       4        0.0%
BITSFR3              0      0       0       4        0.0%
SFR3                 0      0       0       4        0.0%
BANK0               50      0       0       5        0.0%
BITSFR2              0      0       0       5        0.0%
SFR2                 0      0       0       5        0.0%
BITBANK1            50      0       0       6        0.0%
BANK1               50      0       0       7        0.0%
BITBANK3            60      0       0       8        0.0%
BANK3               60      0       0       9        0.0%
BITBANK2            60      0       0      10        0.0%
BANK2               60      0       0      11        0.0%
DATA                 0      0       5      12        0.0%


Microchip Technology PIC Macro Assembler V2.31 build 20201012212115 
Symbol Table                                                                                   Tue Feb 23 08:29:12 2021

                                l7 009A                        _SSPSTATbits 0094  
                               l70 006C                                 l85 007F  
                  _reference_count 0074                                l701 007C  
                              l703 0090                                l731 0087  
                              l733 0088                                l727 0080  
                              l681 0057                                l729 0085  
                              l691 0069                                l683 005B  
                              l685 0062                                l677 004B  
                              l693 006D                                l687 0063  
                              l679 004E                                l695 0072  
                              l689 0066                                l697 0076  
                              l699 0079                               _IOCB 0096  
                             i1l36 0040                               i1l37 0044  
                             u1_20 0019                               u1_21 0018  
                             u2_20 001D                               u2_21 001C  
                             u3_20 0023                               u3_21 0022  
                             u4_20 002B                               u4_21 002A  
                             u5_20 0034                               u5_21 0033  
                             u6_20 003A                               u6_21 0039  
                             _main 0080                               btemp 007E  
                             start 000C                              ?_main 0070  
                            _ANSEL 0188                              i1l711 0023  
                            i1l721 0034                              i1l713 0027  
                            i1l705 0015                              i1l723 003A  
                            i1l715 002B                              i1l707 0019  
                            i1l725 0043                              i1l717 002D  
                            i1l709 001D                              i1l719 002E  
                            _PORTA 0005                              _PORTB 0006  
                            _PORTD 0008                              _PORTE 0009  
                            _TRISB 0086                              _TRISD 0088  
                            _TRISE 0089                              _myISR 0015  
                            pclath 000A                              status 0003  
                            wtemp0 007E                    __initialization 000F  
                     __end_of_main 0090                             ??_main 0073  
                           ?_myISR 0070                             _ANSELH 0189  
                           _INTCON 000B                             _SSPBUF 0013  
                           _SSPCON 0014                             saved_w 007E  
                _SYSTEM_Initialize 0090            __end_of__initialization 0011  
               ?_SYSTEM_Initialize 0070                     __pcstackCOMMON 0070  
              ??_SYSTEM_Initialize 0073                      __end_of_myISR 004B  
                          ??_myISR 0070          __end_of_SYSTEM_Initialize 009B  
                       __pmaintext 0080                         __pintentry 0004  
__size_of_PORTS_MANAGER_Initialize 0022          ?_PORTS_MANAGER_Initialize 0070  
                          _SSPSTAT 0094                            __ptext1 0090  
                          __ptext2 006D                            __ptext3 004B  
                          __ptext4 0015                         _read_value 0073  
         ??_SPI_MANAGER_Initialize 0073         __size_of_SYSTEM_Initialize 000B  
             end_of_initialization 0011                          _PORTBbits 0006  
                        _TRISAbits 0085                          _TRISCbits 0087  
              start_initialization 000F    __size_of_SPI_MANAGER_Initialize 0013  
 __end_of_PORTS_MANAGER_Initialize 006D                        __pbssCOMMON 0073  
                        ___latbits 0002             _SPI_MANAGER_Initialize 006D  
                   __size_of_myISR 0036                  interrupt_function 0004  
                         _PIE1bits 008C                           _PIR1bits 000C  
         _PORTS_MANAGER_Initialize 004B                      __size_of_main 0010  
                       _INTCONbits 000B                           intlevel1 0000  
          ?_SPI_MANAGER_Initialize 0070         ??_PORTS_MANAGER_Initialize 0073  
   __end_of_SPI_MANAGER_Initialize 0080  
