

Microchip MPLAB XC8 Assembler V2.31 build 20201012212115 
                                                                                               Thu Feb 11 12:17:10 2021

Microchip MPLAB XC8 C Compiler v2.31 (Free license) build 20201012212115 Og1 
     1                           	processor	16F887
     2                           	pagewidth 120
     3                           	opt	flic
     4                           	psect	idataBANK0,global,class=CODE,delta=2,noexec
     5                           	psect	cinit,global,class=CODE,merge=1,delta=2
     6                           	psect	bssCOMMON,global,class=COMMON,space=1,delta=1,noexec
     7                           	psect	dataBANK0,global,class=BANK0,space=1,delta=1,noexec
     8                           	psect	inittext,global,class=CODE,delta=2
     9                           	psect	cstackCOMMON,global,class=COMMON,space=1,delta=1,noexec
    10                           	psect	maintext,global,class=CODE,split=1,delta=2
    11                           	psect	text1,local,class=CODE,merge=1,delta=2
    12                           	psect	text2,local,class=CODE,merge=1,delta=2
    13                           	psect	text3,local,class=CODE,merge=1,delta=2
    14                           	psect	text4,local,class=CODE,merge=1,delta=2
    15                           	psect	text5,local,class=CODE,merge=1,delta=2
    16                           	psect	text6,local,class=CODE,merge=1,delta=2
    17                           	psect	text7,local,class=CODE,merge=1,delta=2
    18                           	psect	text8,local,class=CODE,merge=1,delta=2
    19                           	psect	intentry,global,class=CODE,delta=2
    20                           	psect	config,global,abs,ovrld,class=CONFIG,space=4,delta=2,noexec
    21                           	dabs	1,0x7E,2
    22  0000                     
    23                           ; Version 2.20
    24                           ; Generated 12/02/2020 GMT
    25                           ; 
    26                           ; Copyright © 2020, Microchip Technology Inc. and its subsidiaries ("Microchip")
    27                           ; All rights reserved.
    28                           ; 
    29                           ; This software is developed by Microchip Technology Inc. and its subsidiaries ("Microch
      +                          ip").
    30                           ; 
    31                           ; Redistribution and use in source and binary forms, with or without modification, are
    32                           ; permitted provided that the following conditions are met:
    33                           ; 
    34                           ;     1. Redistributions of source code must retain the above copyright notice, this lis
      +                          t of
    35                           ;        conditions and the following disclaimer.
    36                           ; 
    37                           ;     2. Redistributions in binary form must reproduce the above copyright notice, this 
      +                          list
    38                           ;        of conditions and the following disclaimer in the documentation and/or other
    39                           ;        materials provided with the distribution.
    40                           ; 
    41                           ;     3. Microchip's name may not be used to endorse or promote products derived from th
      +                          is
    42                           ;        software without specific prior written permission.
    43                           ; 
    44                           ; THIS SOFTWARE IS PROVIDED BY MICROCHIP "AS IS" AND ANY EXPRESS OR IMPLIED WARRANTIES,
    45                           ; INCLUDING, BUT NOT LIMITED TO, THE IMPLIED WARRANTIES OF MERCHANTABILITY AND FITNESS F
      +                          OR
    46                           ; PURPOSE ARE DISCLAIMED.  IN NO EVENT SHALL MICROCHIP BE LIABLE FOR ANY DIRECT, INDIREC
      +                          T,
    47                           ; INCIDENTAL, SPECIAL, EXEMPLARY, OR CONSEQUENTIAL DAMAGES (INCLUDING BUT NOT LIMITED TO
    48                           ; PROCUREMENT OF SUBSTITUTE GOODS OR SERVICES; LOSS OF USE, DATA OR PROFITS; OR BUSINESS
    49                           ; INTERRUPTION) HOWSOEVER CAUSED AND ON ANY THEORY OF LIABILITY, WHETHER IN CONTRACT, ST
      +                          RICT
    50                           ; LIABILITY, OR TORT (INCLUDING NEGLIGENCE OR OTHERWISE) ARISING IN ANY WAY OUT OF THE U
      +                          SE OF
    51                           ; THIS SOFTWARE, EVEN IF ADVISED OF THE POSSIBILITY OF SUCH DAMAGE.
    52                           ; 
    53                           ; 
    54                           ; Code-generator required, PIC16F887 Definitions
    55                           ; 
    56                           ; SFR Addresses
    57  0000                     	;# 
    58  0001                     	;# 
    59  0002                     	;# 
    60  0003                     	;# 
    61  0004                     	;# 
    62  0005                     	;# 
    63  0006                     	;# 
    64  0007                     	;# 
    65  0008                     	;# 
    66  0009                     	;# 
    67  000A                     	;# 
    68  000B                     	;# 
    69  000C                     	;# 
    70  000D                     	;# 
    71  000E                     	;# 
    72  000E                     	;# 
    73  000F                     	;# 
    74  0010                     	;# 
    75  0011                     	;# 
    76  0012                     	;# 
    77  0013                     	;# 
    78  0014                     	;# 
    79  0015                     	;# 
    80  0015                     	;# 
    81  0016                     	;# 
    82  0017                     	;# 
    83  0018                     	;# 
    84  0019                     	;# 
    85  001A                     	;# 
    86  001B                     	;# 
    87  001B                     	;# 
    88  001C                     	;# 
    89  001D                     	;# 
    90  001E                     	;# 
    91  001F                     	;# 
    92  0081                     	;# 
    93  0085                     	;# 
    94  0086                     	;# 
    95  0087                     	;# 
    96  0088                     	;# 
    97  0089                     	;# 
    98  008C                     	;# 
    99  008D                     	;# 
   100  008E                     	;# 
   101  008F                     	;# 
   102  0090                     	;# 
   103  0091                     	;# 
   104  0092                     	;# 
   105  0093                     	;# 
   106  0093                     	;# 
   107  0093                     	;# 
   108  0094                     	;# 
   109  0095                     	;# 
   110  0096                     	;# 
   111  0097                     	;# 
   112  0098                     	;# 
   113  0099                     	;# 
   114  009A                     	;# 
   115  009B                     	;# 
   116  009C                     	;# 
   117  009D                     	;# 
   118  009E                     	;# 
   119  009F                     	;# 
   120  0105                     	;# 
   121  0107                     	;# 
   122  0108                     	;# 
   123  0109                     	;# 
   124  010C                     	;# 
   125  010C                     	;# 
   126  010D                     	;# 
   127  010E                     	;# 
   128  010F                     	;# 
   129  0185                     	;# 
   130  0187                     	;# 
   131  0188                     	;# 
   132  0189                     	;# 
   133  018C                     	;# 
   134  018D                     	;# 
   135  0000                     	;# 
   136  0001                     	;# 
   137  0002                     	;# 
   138  0003                     	;# 
   139  0004                     	;# 
   140  0005                     	;# 
   141  0006                     	;# 
   142  0007                     	;# 
   143  0008                     	;# 
   144  0009                     	;# 
   145  000A                     	;# 
   146  000B                     	;# 
   147  000C                     	;# 
   148  000D                     	;# 
   149  000E                     	;# 
   150  000E                     	;# 
   151  000F                     	;# 
   152  0010                     	;# 
   153  0011                     	;# 
   154  0012                     	;# 
   155  0013                     	;# 
   156  0014                     	;# 
   157  0015                     	;# 
   158  0015                     	;# 
   159  0016                     	;# 
   160  0017                     	;# 
   161  0018                     	;# 
   162  0019                     	;# 
   163  001A                     	;# 
   164  001B                     	;# 
   165  001B                     	;# 
   166  001C                     	;# 
   167  001D                     	;# 
   168  001E                     	;# 
   169  001F                     	;# 
   170  0081                     	;# 
   171  0085                     	;# 
   172  0086                     	;# 
   173  0087                     	;# 
   174  0088                     	;# 
   175  0089                     	;# 
   176  008C                     	;# 
   177  008D                     	;# 
   178  008E                     	;# 
   179  008F                     	;# 
   180  0090                     	;# 
   181  0091                     	;# 
   182  0092                     	;# 
   183  0093                     	;# 
   184  0093                     	;# 
   185  0093                     	;# 
   186  0094                     	;# 
   187  0095                     	;# 
   188  0096                     	;# 
   189  0097                     	;# 
   190  0098                     	;# 
   191  0099                     	;# 
   192  009A                     	;# 
   193  009B                     	;# 
   194  009C                     	;# 
   195  009D                     	;# 
   196  009E                     	;# 
   197  009F                     	;# 
   198  0105                     	;# 
   199  0107                     	;# 
   200  0108                     	;# 
   201  0109                     	;# 
   202  010C                     	;# 
   203  010C                     	;# 
   204  010D                     	;# 
   205  010E                     	;# 
   206  010F                     	;# 
   207  0185                     	;# 
   208  0187                     	;# 
   209  0188                     	;# 
   210  0189                     	;# 
   211  018C                     	;# 
   212  018D                     	;# 
   213  0000                     	;# 
   214  0001                     	;# 
   215  0002                     	;# 
   216  0003                     	;# 
   217  0004                     	;# 
   218  0005                     	;# 
   219  0006                     	;# 
   220  0007                     	;# 
   221  0008                     	;# 
   222  0009                     	;# 
   223  000A                     	;# 
   224  000B                     	;# 
   225  000C                     	;# 
   226  000D                     	;# 
   227  000E                     	;# 
   228  000E                     	;# 
   229  000F                     	;# 
   230  0010                     	;# 
   231  0011                     	;# 
   232  0012                     	;# 
   233  0013                     	;# 
   234  0014                     	;# 
   235  0015                     	;# 
   236  0015                     	;# 
   237  0016                     	;# 
   238  0017                     	;# 
   239  0018                     	;# 
   240  0019                     	;# 
   241  001A                     	;# 
   242  001B                     	;# 
   243  001B                     	;# 
   244  001C                     	;# 
   245  001D                     	;# 
   246  001E                     	;# 
   247  001F                     	;# 
   248  0081                     	;# 
   249  0085                     	;# 
   250  0086                     	;# 
   251  0087                     	;# 
   252  0088                     	;# 
   253  0089                     	;# 
   254  008C                     	;# 
   255  008D                     	;# 
   256  008E                     	;# 
   257  008F                     	;# 
   258  0090                     	;# 
   259  0091                     	;# 
   260  0092                     	;# 
   261  0093                     	;# 
   262  0093                     	;# 
   263  0093                     	;# 
   264  0094                     	;# 
   265  0095                     	;# 
   266  0096                     	;# 
   267  0097                     	;# 
   268  0098                     	;# 
   269  0099                     	;# 
   270  009A                     	;# 
   271  009B                     	;# 
   272  009C                     	;# 
   273  009D                     	;# 
   274  009E                     	;# 
   275  009F                     	;# 
   276  0105                     	;# 
   277  0107                     	;# 
   278  0108                     	;# 
   279  0109                     	;# 
   280  010C                     	;# 
   281  010C                     	;# 
   282  010D                     	;# 
   283  010E                     	;# 
   284  010F                     	;# 
   285  0185                     	;# 
   286  0187                     	;# 
   287  0188                     	;# 
   288  0189                     	;# 
   289  018C                     	;# 
   290  018D                     	;# 
   291  0000                     	;# 
   292  0001                     	;# 
   293  0002                     	;# 
   294  0003                     	;# 
   295  0004                     	;# 
   296  0005                     	;# 
   297  0006                     	;# 
   298  0007                     	;# 
   299  0008                     	;# 
   300  0009                     	;# 
   301  000A                     	;# 
   302  000B                     	;# 
   303  000C                     	;# 
   304  000D                     	;# 
   305  000E                     	;# 
   306  000E                     	;# 
   307  000F                     	;# 
   308  0010                     	;# 
   309  0011                     	;# 
   310  0012                     	;# 
   311  0013                     	;# 
   312  0014                     	;# 
   313  0015                     	;# 
   314  0015                     	;# 
   315  0016                     	;# 
   316  0017                     	;# 
   317  0018                     	;# 
   318  0019                     	;# 
   319  001A                     	;# 
   320  001B                     	;# 
   321  001B                     	;# 
   322  001C                     	;# 
   323  001D                     	;# 
   324  001E                     	;# 
   325  001F                     	;# 
   326  0081                     	;# 
   327  0085                     	;# 
   328  0086                     	;# 
   329  0087                     	;# 
   330  0088                     	;# 
   331  0089                     	;# 
   332  008C                     	;# 
   333  008D                     	;# 
   334  008E                     	;# 
   335  008F                     	;# 
   336  0090                     	;# 
   337  0091                     	;# 
   338  0092                     	;# 
   339  0093                     	;# 
   340  0093                     	;# 
   341  0093                     	;# 
   342  0094                     	;# 
   343  0095                     	;# 
   344  0096                     	;# 
   345  0097                     	;# 
   346  0098                     	;# 
   347  0099                     	;# 
   348  009A                     	;# 
   349  009B                     	;# 
   350  009C                     	;# 
   351  009D                     	;# 
   352  009E                     	;# 
   353  009F                     	;# 
   354  0105                     	;# 
   355  0107                     	;# 
   356  0108                     	;# 
   357  0109                     	;# 
   358  010C                     	;# 
   359  010C                     	;# 
   360  010D                     	;# 
   361  010E                     	;# 
   362  010F                     	;# 
   363  0185                     	;# 
   364  0187                     	;# 
   365  0188                     	;# 
   366  0189                     	;# 
   367  018C                     	;# 
   368  018D                     	;# 
   369  0000                     	;# 
   370  0001                     	;# 
   371  0002                     	;# 
   372  0003                     	;# 
   373  0004                     	;# 
   374  0005                     	;# 
   375  0006                     	;# 
   376  0007                     	;# 
   377  0008                     	;# 
   378  0009                     	;# 
   379  000A                     	;# 
   380  000B                     	;# 
   381  000C                     	;# 
   382  000D                     	;# 
   383  000E                     	;# 
   384  000E                     	;# 
   385  000F                     	;# 
   386  0010                     	;# 
   387  0011                     	;# 
   388  0012                     	;# 
   389  0013                     	;# 
   390  0014                     	;# 
   391  0015                     	;# 
   392  0015                     	;# 
   393  0016                     	;# 
   394  0017                     	;# 
   395  0018                     	;# 
   396  0019                     	;# 
   397  001A                     	;# 
   398  001B                     	;# 
   399  001B                     	;# 
   400  001C                     	;# 
   401  001D                     	;# 
   402  001E                     	;# 
   403  001F                     	;# 
   404  0081                     	;# 
   405  0085                     	;# 
   406  0086                     	;# 
   407  0087                     	;# 
   408  0088                     	;# 
   409  0089                     	;# 
   410  008C                     	;# 
   411  008D                     	;# 
   412  008E                     	;# 
   413  008F                     	;# 
   414  0090                     	;# 
   415  0091                     	;# 
   416  0092                     	;# 
   417  0093                     	;# 
   418  0093                     	;# 
   419  0093                     	;# 
   420  0094                     	;# 
   421  0095                     	;# 
   422  0096                     	;# 
   423  0097                     	;# 
   424  0098                     	;# 
   425  0099                     	;# 
   426  009A                     	;# 
   427  009B                     	;# 
   428  009C                     	;# 
   429  009D                     	;# 
   430  009E                     	;# 
   431  009F                     	;# 
   432  0105                     	;# 
   433  0107                     	;# 
   434  0108                     	;# 
   435  0109                     	;# 
   436  010C                     	;# 
   437  010C                     	;# 
   438  010D                     	;# 
   439  010E                     	;# 
   440  010F                     	;# 
   441  0185                     	;# 
   442  0187                     	;# 
   443  0188                     	;# 
   444  0189                     	;# 
   445  018C                     	;# 
   446  018D                     	;# 
   447  0000                     	;# 
   448  0001                     	;# 
   449  0002                     	;# 
   450  0003                     	;# 
   451  0004                     	;# 
   452  0005                     	;# 
   453  0006                     	;# 
   454  0007                     	;# 
   455  0008                     	;# 
   456  0009                     	;# 
   457  000A                     	;# 
   458  000B                     	;# 
   459  000C                     	;# 
   460  000D                     	;# 
   461  000E                     	;# 
   462  000E                     	;# 
   463  000F                     	;# 
   464  0010                     	;# 
   465  0011                     	;# 
   466  0012                     	;# 
   467  0013                     	;# 
   468  0014                     	;# 
   469  0015                     	;# 
   470  0015                     	;# 
   471  0016                     	;# 
   472  0017                     	;# 
   473  0018                     	;# 
   474  0019                     	;# 
   475  001A                     	;# 
   476  001B                     	;# 
   477  001B                     	;# 
   478  001C                     	;# 
   479  001D                     	;# 
   480  001E                     	;# 
   481  001F                     	;# 
   482  0081                     	;# 
   483  0085                     	;# 
   484  0086                     	;# 
   485  0087                     	;# 
   486  0088                     	;# 
   487  0089                     	;# 
   488  008C                     	;# 
   489  008D                     	;# 
   490  008E                     	;# 
   491  008F                     	;# 
   492  0090                     	;# 
   493  0091                     	;# 
   494  0092                     	;# 
   495  0093                     	;# 
   496  0093                     	;# 
   497  0093                     	;# 
   498  0094                     	;# 
   499  0095                     	;# 
   500  0096                     	;# 
   501  0097                     	;# 
   502  0098                     	;# 
   503  0099                     	;# 
   504  009A                     	;# 
   505  009B                     	;# 
   506  009C                     	;# 
   507  009D                     	;# 
   508  009E                     	;# 
   509  009F                     	;# 
   510  0105                     	;# 
   511  0107                     	;# 
   512  0108                     	;# 
   513  0109                     	;# 
   514  010C                     	;# 
   515  010C                     	;# 
   516  010D                     	;# 
   517  010E                     	;# 
   518  010F                     	;# 
   519  0185                     	;# 
   520  0187                     	;# 
   521  0188                     	;# 
   522  0189                     	;# 
   523  018C                     	;# 
   524  018D                     	;# 
   525  0000                     	;# 
   526  0001                     	;# 
   527  0002                     	;# 
   528  0003                     	;# 
   529  0004                     	;# 
   530  0005                     	;# 
   531  0006                     	;# 
   532  0007                     	;# 
   533  0008                     	;# 
   534  0009                     	;# 
   535  000A                     	;# 
   536  000B                     	;# 
   537  000C                     	;# 
   538  000D                     	;# 
   539  000E                     	;# 
   540  000E                     	;# 
   541  000F                     	;# 
   542  0010                     	;# 
   543  0011                     	;# 
   544  0012                     	;# 
   545  0013                     	;# 
   546  0014                     	;# 
   547  0015                     	;# 
   548  0015                     	;# 
   549  0016                     	;# 
   550  0017                     	;# 
   551  0018                     	;# 
   552  0019                     	;# 
   553  001A                     	;# 
   554  001B                     	;# 
   555  001B                     	;# 
   556  001C                     	;# 
   557  001D                     	;# 
   558  001E                     	;# 
   559  001F                     	;# 
   560  0081                     	;# 
   561  0085                     	;# 
   562  0086                     	;# 
   563  0087                     	;# 
   564  0088                     	;# 
   565  0089                     	;# 
   566  008C                     	;# 
   567  008D                     	;# 
   568  008E                     	;# 
   569  008F                     	;# 
   570  0090                     	;# 
   571  0091                     	;# 
   572  0092                     	;# 
   573  0093                     	;# 
   574  0093                     	;# 
   575  0093                     	;# 
   576  0094                     	;# 
   577  0095                     	;# 
   578  0096                     	;# 
   579  0097                     	;# 
   580  0098                     	;# 
   581  0099                     	;# 
   582  009A                     	;# 
   583  009B                     	;# 
   584  009C                     	;# 
   585  009D                     	;# 
   586  009E                     	;# 
   587  009F                     	;# 
   588  0105                     	;# 
   589  0107                     	;# 
   590  0108                     	;# 
   591  0109                     	;# 
   592  010C                     	;# 
   593  010C                     	;# 
   594  010D                     	;# 
   595  010E                     	;# 
   596  010F                     	;# 
   597  0185                     	;# 
   598  0187                     	;# 
   599  0188                     	;# 
   600  0189                     	;# 
   601  018C                     	;# 
   602  018D                     	;# 
   603                           
   604                           	psect	idataBANK0
   605  013C                     __pidataBANK0:
   606                           
   607                           ;initializer for _display_array
   608  013C  343F               	retlw	63
   609  013D  3406               	retlw	6
   610  013E  345B               	retlw	91
   611  013F  344F               	retlw	79
   612  0140  3466               	retlw	102
   613  0141  346D               	retlw	109
   614  0142  347D               	retlw	125
   615  0143  3407               	retlw	7
   616  0144  347F               	retlw	127
   617  0145  346F               	retlw	111
   618  0146  3477               	retlw	119
   619  0147  347C               	retlw	124
   620  0148  3439               	retlw	57
   621  0149  345E               	retlw	94
   622  014A  3479               	retlw	121
   623  014B  3471               	retlw	113
   624  0001                     _TMR0	set	1
   625  000C                     _PIR1	set	12
   626  000B                     _INTCON	set	11
   627  0009                     _PORTE	set	9
   628  0006                     _PORTB	set	6
   629  0005                     _PORTA	set	5
   630  001F                     _ADCON0	set	31
   631  0008                     _PORTD	set	8
   632  0007                     _PORTC	set	7
   633  0009                     _PORTEbits	set	9
   634  001E                     _ADRESH	set	30
   635  001F                     _ADCON0bits	set	31
   636  000C                     _PIR1bits	set	12
   637  0006                     _PORTBbits	set	6
   638  000B                     _INTCONbits	set	11
   639  0081                     _OPTION_REG	set	129
   640  008C                     _PIE1	set	140
   641  0089                     _TRISE	set	137
   642  0088                     _TRISD	set	136
   643  0087                     _TRISC	set	135
   644  0096                     _IOCB	set	150
   645  0086                     _TRISB	set	134
   646  0085                     _TRISA	set	133
   647  009E                     _ADRESL	set	158
   648  009F                     _ADCON1	set	159
   649  0189                     _ANSELH	set	393
   650  0188                     _ANSEL	set	392
   651                           
   652                           	psect	cinit
   653  000F                     start_initialization:	
   654                           ; #config settings
   655                           
   656  000F                     __initialization:
   657                           
   658                           ; Initialize objects allocated to BANK0
   659  000F  1383               	bcf	3,7	;select IRP bank0
   660  0010  3030               	movlw	low (__pdataBANK0+16)
   661  0011  00FD               	movwf	btemp+-1
   662  0012  3001               	movlw	high __pidataBANK0
   663  0013  00FE               	movwf	btemp
   664  0014  303C               	movlw	low __pidataBANK0
   665  0015  00FF               	movwf	btemp+1
   666  0016  3020               	movlw	low __pdataBANK0
   667  0017  0084               	movwf	4
   668  0018  120A  118A  212D  120A  118A  	fcall	init_ram0
   669                           
   670                           ; Clear objects allocated to COMMON
   671  001D  01F8               	clrf	__pbssCOMMON& (0+127)
   672  001E  01F9               	clrf	(__pbssCOMMON+1)& (0+127)
   673  001F  01FA               	clrf	(__pbssCOMMON+2)& (0+127)
   674  0020  01FB               	clrf	(__pbssCOMMON+3)& (0+127)
   675  0021  01FC               	clrf	(__pbssCOMMON+4)& (0+127)
   676  0022                     end_of_initialization:	
   677                           ;End of C runtime variable initialization code
   678                           
   679  0022                     __end_of__initialization:
   680  0022  0183               	clrf	3
   681  0023  120A  118A  289C   	ljmp	_main	;jump to C main() function
   682                           
   683                           	psect	bssCOMMON
   684  0078                     __pbssCOMMON:
   685  0078                     _first_display:
   686  0078                     	ds	1
   687  0079                     _second_display:
   688  0079                     	ds	1
   689  007A                     _timer0_count:
   690  007A                     	ds	1
   691  007B                     _display_count:
   692  007B                     	ds	1
   693  007C                     _reference_count:
   694  007C                     	ds	1
   695                           
   696                           	psect	dataBANK0
   697  0020                     __pdataBANK0:
   698  0020                     _display_array:
   699  0020                     	ds	16
   700                           
   701                           	psect	inittext
   702  0129                     init_fetch0:	
   703                           ;	Called with low address in FSR and high address in W
   704                           
   705  0129  087E               	movf	btemp,w
   706  012A  008A               	movwf	10
   707  012B  087F               	movf	btemp+1,w
   708  012C  0082               	movwf	2
   709  012D                     init_ram0:	
   710                           ;Called with:
   711                           ;	high address of idata address in btemp 
   712                           ;	low address of idata address in btemp+1 
   713                           ;	low address of data in FSR
   714                           ;	high address + 1 of data in btemp-1
   715                           
   716  012D  120A  118A  2129  120A  118A  	fcall	init_fetch0
   717  0132  0080               	movwf	0
   718  0133  0A84               	incf	4,f
   719  0134  0804               	movf	4,w
   720  0135  067D               	xorwf	btemp+-1,w
   721  0136  1903               	btfsc	3,2
   722  0137  3400               	retlw	0
   723  0138  0AFF               	incf	btemp+1,f
   724  0139  1903               	btfsc	3,2
   725  013A  0AFE               	incf	btemp,f
   726  013B  292D               	goto	init_ram0
   727                           
   728                           	psect	cstackCOMMON
   729  0070                     __pcstackCOMMON:
   730  0070                     ?_SYSTEM_Initialize:
   731  0070                     ?_PIN_MANAGER_Initialize:	
   732                           ; 1 bytes @ 0x0
   733                           
   734  0070                     ?_OSCILLATOR_Initialize:	
   735                           ; 1 bytes @ 0x0
   736                           
   737  0070                     ?_WDT_Initialize:	
   738                           ; 1 bytes @ 0x0
   739                           
   740  0070                     ?_INTERRUPT_MANAGER_Initialize:	
   741                           ; 1 bytes @ 0x0
   742                           
   743  0070                     ?_TIMER_MANAGER_Initialize:	
   744                           ; 1 bytes @ 0x0
   745                           
   746  0070                     ?_myISR:	
   747                           ; 1 bytes @ 0x0
   748                           
   749  0070                     ??_myISR:	
   750                           ; 1 bytes @ 0x0
   751                           
   752  0070                     ?_main:	
   753                           ; 1 bytes @ 0x0
   754                           
   755  0070                     ?_ADC_Initialize:	
   756                           ; 1 bytes @ 0x0
   757                           
   758                           
   759                           ; 1 bytes @ 0x0
   760  0070                     	ds	4
   761  0074                     ??_SYSTEM_Initialize:
   762  0074                     ??_PIN_MANAGER_Initialize:	
   763                           ; 1 bytes @ 0x4
   764                           
   765  0074                     ??_OSCILLATOR_Initialize:	
   766                           ; 1 bytes @ 0x4
   767                           
   768  0074                     ??_WDT_Initialize:	
   769                           ; 1 bytes @ 0x4
   770                           
   771  0074                     ??_INTERRUPT_MANAGER_Initialize:	
   772                           ; 1 bytes @ 0x4
   773                           
   774  0074                     ??_TIMER_MANAGER_Initialize:	
   775                           ; 1 bytes @ 0x4
   776                           
   777  0074                     ??_main:	
   778                           ; 1 bytes @ 0x4
   779                           
   780  0074                     ??_ADC_Initialize:	
   781                           ; 1 bytes @ 0x4
   782                           
   783                           
   784                           ; 1 bytes @ 0x4
   785  0074                     	ds	4
   786                           
   787                           	psect	maintext
   788  009C                     __pmaintext:	
   789 ;;
   790 ;;Main: autosize = 0, tempsize = 4, incstack = 0, save=0
   791 ;;
   792 ;; *************** function _main *****************
   793 ;; Defined at:
   794 ;;		line 73 in file "main.c"
   795 ;; Parameters:    Size  Location     Type
   796 ;;		None
   797 ;; Auto vars:     Size  Location     Type
   798 ;;		None
   799 ;; Return value:  Size  Location     Type
   800 ;;                  1    wreg      void 
   801 ;; Registers used:
   802 ;;		wreg, fsr0l, fsr0h, status,2, status,0, pclath, cstack
   803 ;; Tracked objects:
   804 ;;		On entry : B00/0
   805 ;;		On exit  : 0/0
   806 ;;		Unchanged: 0/0
   807 ;; Data sizes:     COMMON   BANK0   BANK1   BANK3   BANK2
   808 ;;      Params:         0       0       0       0       0
   809 ;;      Locals:         0       0       0       0       0
   810 ;;      Temps:          4       0       0       0       0
   811 ;;      Totals:         4       0       0       0       0
   812 ;;Total ram usage:        4 bytes
   813 ;; Hardware stack levels required when called:    3
   814 ;; This function calls:
   815 ;;		_SYSTEM_Initialize
   816 ;; This function is called by:
   817 ;;		Startup code after reset
   818 ;; This function uses a non-reentrant model
   819 ;;
   820                           
   821                           
   822                           ;psect for function _main
   823  009C                     _main:
   824  009C                     l801:	
   825                           ;incstack = 0
   826                           ; Regs used in _main: [wreg-fsr0h+status,2+status,0+pclath+cstack]
   827                           
   828                           
   829                           ;main.c: 74:     SYSTEM_Initialize();
   830  009C  120A  118A  210A  120A  118A  	fcall	_SYSTEM_Initialize
   831  00A1                     l803:
   832                           
   833                           ;main.c: 75:     reference_count= 0;
   834  00A1  01FC               	clrf	_reference_count	;volatile
   835  00A2                     l805:
   836                           
   837                           ;main.c: 76:     display_count = 0;
   838  00A2  01FB               	clrf	_display_count	;volatile
   839  00A3                     l807:
   840                           
   841                           ;main.c: 77:     timer0_count = 0;
   842  00A3  01FA               	clrf	_timer0_count	;volatile
   843  00A4                     l809:
   844                           
   845                           ;main.c: 78:     second_display = 0;
   846  00A4  01F9               	clrf	_second_display	;volatile
   847  00A5                     l811:
   848                           
   849                           ;main.c: 79:     first_display = 0;
   850  00A5  01F8               	clrf	_first_display	;volatile
   851  00A6                     l813:
   852                           
   853                           ;main.c: 80:     _delay((unsigned long)((25)*(8000000/4000000.0)));
   854  00A6  3010               	movlw	16
   855  00A7  00F4               	movwf	??_main
   856  00A8                     u177:
   857  00A8  0BF4               	decfsz	??_main,f
   858  00A9  28A8               	goto	u177
   859  00AA  0000               	nop
   860  00AB                     l815:
   861                           
   862                           ;main.c: 81:     ADCON0bits.GO_nDONE = 1;
   863  00AB  1283               	bcf	3,5	;RP0=0, select bank0
   864  00AC  1303               	bcf	3,6	;RP1=0, select bank0
   865  00AD  149F               	bsf	31,1	;volatile
   866  00AE                     l817:
   867                           
   868                           ;main.c: 82:     PORTEbits.RE0 = 1;
   869  00AE  1409               	bsf	9,0	;volatile
   870  00AF                     l819:
   871                           
   872                           ;main.c: 84:         PORTC = reference_count;
   873  00AF  087C               	movf	_reference_count,w	;volatile
   874  00B0  0087               	movwf	7	;volatile
   875  00B1                     l821:
   876                           
   877                           ;main.c: 85:         PORTD = display_array[display_count];
   878  00B1  087B               	movf	_display_count,w
   879  00B2  3E20               	addlw	(low (_display_array| 0))& (0+255)
   880  00B3  0084               	movwf	4
   881  00B4  1383               	bcf	3,7	;select IRP bank0
   882  00B5  0800               	movf	0,w
   883  00B6  0088               	movwf	8	;volatile
   884  00B7                     l823:
   885                           
   886                           ;main.c: 86:         if (reference_count < (second_display + (first_display << 4))){
   887  00B7  0878               	movf	_first_display,w	;volatile
   888  00B8  00F4               	movwf	??_main
   889  00B9  01F5               	clrf	??_main+1
   890  00BA  0EF4               	swapf	??_main,f
   891  00BB  0EF5               	swapf	??_main+1,f
   892  00BC  30F0               	movlw	240
   893  00BD  05F5               	andwf	??_main+1,f
   894  00BE  0874               	movf	??_main,w
   895  00BF  390F               	andlw	15
   896  00C0  04F5               	iorwf	??_main+1,f
   897  00C1  30F0               	movlw	240
   898  00C2  05F4               	andwf	??_main,f
   899  00C3  0879               	movf	_second_display,w	;volatile
   900  00C4  0774               	addwf	??_main,w
   901  00C5  00F6               	movwf	??_main+2
   902  00C6  0875               	movf	??_main+1,w
   903  00C7  1803               	skipnc
   904  00C8  0A75               	incf	??_main+1,w
   905  00C9  00F7               	movwf	??_main+3
   906  00CA  0877               	movf	??_main+3,w
   907  00CB  3A80               	xorlw	128
   908  00CC  3C80               	sublw	128
   909  00CD  1D03               	skipz
   910  00CE  28D1               	goto	u165
   911  00CF  0876               	movf	??_main+2,w
   912  00D0  027C               	subwf	_reference_count,w	;volatile
   913  00D1                     u165:
   914  00D1  1803               	skipnc
   915  00D2  28D4               	goto	u161
   916  00D3  28D5               	goto	u160
   917  00D4                     u161:
   918  00D4  28D9               	goto	l50
   919  00D5                     u160:
   920  00D5                     l825:
   921                           
   922                           ;main.c: 87:             PORTEbits.RE2 = 1;
   923  00D5  1283               	bcf	3,5	;RP0=0, select bank0
   924  00D6  1303               	bcf	3,6	;RP1=0, select bank0
   925  00D7  1509               	bsf	9,2	;volatile
   926                           
   927                           ;main.c: 88:         }
   928  00D8  28AF               	goto	l819
   929  00D9                     l50:	
   930                           ;main.c: 89:         else{
   931                           
   932                           
   933                           ;main.c: 90:            PORTEbits.RE2 = 0;
   934  00D9  1283               	bcf	3,5	;RP0=0, select bank0
   935  00DA  1303               	bcf	3,6	;RP1=0, select bank0
   936  00DB  1109               	bcf	9,2	;volatile
   937  00DC  28AF               	goto	l819
   938  00DD  120A  118A  280C   	ljmp	start
   939  00E0                     __end_of_main:
   940                           
   941                           	psect	text1
   942  010A                     __ptext1:	
   943 ;; *************** function _SYSTEM_Initialize *****************
   944 ;; Defined at:
   945 ;;		line 10 in file "lc.c"
   946 ;; Parameters:    Size  Location     Type
   947 ;;		None
   948 ;; Auto vars:     Size  Location     Type
   949 ;;		None
   950 ;; Return value:  Size  Location     Type
   951 ;;                  1    wreg      void 
   952 ;; Registers used:
   953 ;;		wreg, status,2, status,0, pclath, cstack
   954 ;; Tracked objects:
   955 ;;		On entry : 0/0
   956 ;;		On exit  : 0/0
   957 ;;		Unchanged: 0/0
   958 ;; Data sizes:     COMMON   BANK0   BANK1   BANK3   BANK2
   959 ;;      Params:         0       0       0       0       0
   960 ;;      Locals:         0       0       0       0       0
   961 ;;      Temps:          0       0       0       0       0
   962 ;;      Totals:         0       0       0       0       0
   963 ;;Total ram usage:        0 bytes
   964 ;; Hardware stack levels used:    1
   965 ;; Hardware stack levels required when called:    2
   966 ;; This function calls:
   967 ;;		_ADC_Initialize
   968 ;;		_INTERRUPT_MANAGER_Initialize
   969 ;;		_OSCILLATOR_Initialize
   970 ;;		_PIN_MANAGER_Initialize
   971 ;;		_TIMER_MANAGER_Initialize
   972 ;;		_WDT_Initialize
   973 ;; This function is called by:
   974 ;;		_main
   975 ;; This function uses a non-reentrant model
   976 ;;
   977                           
   978                           
   979                           ;psect for function _SYSTEM_Initialize
   980  010A                     _SYSTEM_Initialize:
   981  010A                     l747:	
   982                           ;incstack = 0
   983                           ; Regs used in _SYSTEM_Initialize: [wreg+status,2+status,0+pclath+cstack]
   984                           
   985                           
   986                           ;lc.c: 12:     PIN_MANAGER_Initialize();
   987  010A  120A  118A  20E0  120A  118A  	fcall	_PIN_MANAGER_Initialize
   988  010F                     l749:
   989                           
   990                           ;lc.c: 13:     OSCILLATOR_Initialize();
   991  010F  120A  118A  216F  120A  118A  	fcall	_OSCILLATOR_Initialize
   992  0114                     l751:
   993                           
   994                           ;lc.c: 14:     WDT_Initialize();
   995  0114  120A  118A  216E  120A  118A  	fcall	_WDT_Initialize
   996                           
   997                           ;lc.c: 15:     ADC_Initialize();
   998  0119  120A  118A  2159  120A  118A  	fcall	_ADC_Initialize
   999                           
  1000                           ;lc.c: 16:     INTERRUPT_MANAGER_Initialize();
  1001  011E  120A  118A  214C  120A  118A  	fcall	_INTERRUPT_MANAGER_Initialize
  1002                           
  1003                           ;lc.c: 17:     TIMER_MANAGER_Initialize();
  1004  0123  120A  118A  2165  120A  118A  	fcall	_TIMER_MANAGER_Initialize
  1005  0128                     l80:
  1006  0128  0008               	return
  1007  0129                     __end_of_SYSTEM_Initialize:
  1008                           
  1009                           	psect	text2
  1010  016E                     __ptext2:	
  1011 ;; *************** function _WDT_Initialize *****************
  1012 ;; Defined at:
  1013 ;;		line 24 in file "lc.c"
  1014 ;; Parameters:    Size  Location     Type
  1015 ;;		None
  1016 ;; Auto vars:     Size  Location     Type
  1017 ;;		None
  1018 ;; Return value:  Size  Location     Type
  1019 ;;                  1    wreg      void 
  1020 ;; Registers used:
  1021 ;;		None
  1022 ;; Tracked objects:
  1023 ;;		On entry : 0/0
  1024 ;;		On exit  : 0/0
  1025 ;;		Unchanged: 0/0
  1026 ;; Data sizes:     COMMON   BANK0   BANK1   BANK3   BANK2
  1027 ;;      Params:         0       0       0       0       0
  1028 ;;      Locals:         0       0       0       0       0
  1029 ;;      Temps:          0       0       0       0       0
  1030 ;;      Totals:         0       0       0       0       0
  1031 ;;Total ram usage:        0 bytes
  1032 ;; Hardware stack levels used:    1
  1033 ;; Hardware stack levels required when called:    1
  1034 ;; This function calls:
  1035 ;;		Nothing
  1036 ;; This function is called by:
  1037 ;;		_SYSTEM_Initialize
  1038 ;; This function uses a non-reentrant model
  1039 ;;
  1040                           
  1041                           
  1042                           ;psect for function _WDT_Initialize
  1043  016E                     _WDT_Initialize:
  1044  016E                     l86:	
  1045                           ;incstack = 0
  1046                           ; Regs used in _WDT_Initialize: []
  1047                           
  1048  016E  0008               	return
  1049  016F                     __end_of_WDT_Initialize:
  1050                           
  1051                           	psect	text3
  1052  0165                     __ptext3:	
  1053 ;; *************** function _TIMER_MANAGER_Initialize *****************
  1054 ;; Defined at:
  1055 ;;		line 11 in file "timer_manager.c"
  1056 ;; Parameters:    Size  Location     Type
  1057 ;;		None
  1058 ;; Auto vars:     Size  Location     Type
  1059 ;;		None
  1060 ;; Return value:  Size  Location     Type
  1061 ;;                  1    wreg      void 
  1062 ;; Registers used:
  1063 ;;		wreg
  1064 ;; Tracked objects:
  1065 ;;		On entry : 0/0
  1066 ;;		On exit  : 0/0
  1067 ;;		Unchanged: 0/0
  1068 ;; Data sizes:     COMMON   BANK0   BANK1   BANK3   BANK2
  1069 ;;      Params:         0       0       0       0       0
  1070 ;;      Locals:         0       0       0       0       0
  1071 ;;      Temps:          0       0       0       0       0
  1072 ;;      Totals:         0       0       0       0       0
  1073 ;;Total ram usage:        0 bytes
  1074 ;; Hardware stack levels used:    1
  1075 ;; Hardware stack levels required when called:    1
  1076 ;; This function calls:
  1077 ;;		Nothing
  1078 ;; This function is called by:
  1079 ;;		_SYSTEM_Initialize
  1080 ;; This function uses a non-reentrant model
  1081 ;;
  1082                           
  1083                           
  1084                           ;psect for function _TIMER_MANAGER_Initialize
  1085  0165                     _TIMER_MANAGER_Initialize:
  1086  0165                     l745:	
  1087                           ;incstack = 0
  1088                           ; Regs used in _TIMER_MANAGER_Initialize: [wreg]
  1089                           
  1090                           
  1091                           ;timer_manager.c: 12:     OPTION_REG = 0b00000110;
  1092  0165  3006               	movlw	6
  1093  0166  1683               	bsf	3,5	;RP0=1, select bank1
  1094  0167  1303               	bcf	3,6	;RP1=0, select bank1
  1095  0168  0081               	movwf	1	;volatile
  1096                           
  1097                           ;timer_manager.c: 13:     TMR0 = 212;
  1098  0169  30D4               	movlw	212
  1099  016A  1283               	bcf	3,5	;RP0=0, select bank0
  1100  016B  1303               	bcf	3,6	;RP1=0, select bank0
  1101  016C  0081               	movwf	1	;volatile
  1102  016D                     l133:
  1103  016D  0008               	return
  1104  016E                     __end_of_TIMER_MANAGER_Initialize:
  1105                           
  1106                           	psect	text4
  1107  00E0                     __ptext4:	
  1108 ;; *************** function _PIN_MANAGER_Initialize *****************
  1109 ;; Defined at:
  1110 ;;		line 11 in file "pin_manager.c"
  1111 ;; Parameters:    Size  Location     Type
  1112 ;;		None
  1113 ;; Auto vars:     Size  Location     Type
  1114 ;;		None
  1115 ;; Return value:  Size  Location     Type
  1116 ;;                  1    wreg      void 
  1117 ;; Registers used:
  1118 ;;		wreg, status,2
  1119 ;; Tracked objects:
  1120 ;;		On entry : 0/0
  1121 ;;		On exit  : 0/0
  1122 ;;		Unchanged: 0/0
  1123 ;; Data sizes:     COMMON   BANK0   BANK1   BANK3   BANK2
  1124 ;;      Params:         0       0       0       0       0
  1125 ;;      Locals:         0       0       0       0       0
  1126 ;;      Temps:          0       0       0       0       0
  1127 ;;      Totals:         0       0       0       0       0
  1128 ;;Total ram usage:        0 bytes
  1129 ;; Hardware stack levels used:    1
  1130 ;; Hardware stack levels required when called:    1
  1131 ;; This function calls:
  1132 ;;		Nothing
  1133 ;; This function is called by:
  1134 ;;		_SYSTEM_Initialize
  1135 ;; This function uses a non-reentrant model
  1136 ;;
  1137                           
  1138                           
  1139                           ;psect for function _PIN_MANAGER_Initialize
  1140  00E0                     _PIN_MANAGER_Initialize:
  1141  00E0                     l733:	
  1142                           ;incstack = 0
  1143                           ; Regs used in _PIN_MANAGER_Initialize: [wreg+status,2]
  1144                           
  1145                           
  1146                           ;pin_manager.c: 13:     ANSEL = 0b00000001;
  1147  00E0  3001               	movlw	1
  1148  00E1  1683               	bsf	3,5	;RP0=1, select bank3
  1149  00E2  1703               	bsf	3,6	;RP1=1, select bank3
  1150  00E3  0088               	movwf	8	;volatile
  1151                           
  1152                           ;pin_manager.c: 14:     TRISA = 0b00000001;
  1153  00E4  3001               	movlw	1
  1154  00E5  1683               	bsf	3,5	;RP0=1, select bank1
  1155  00E6  1303               	bcf	3,6	;RP1=0, select bank1
  1156  00E7  0085               	movwf	5	;volatile
  1157  00E8                     l735:
  1158                           
  1159                           ;pin_manager.c: 15:     PORTA = 0;
  1160  00E8  1283               	bcf	3,5	;RP0=0, select bank0
  1161  00E9  1303               	bcf	3,6	;RP1=0, select bank0
  1162  00EA  0185               	clrf	5	;volatile
  1163  00EB                     l737:
  1164                           
  1165                           ;pin_manager.c: 18:     ANSELH = 0;
  1166  00EB  1683               	bsf	3,5	;RP0=1, select bank3
  1167  00EC  1703               	bsf	3,6	;RP1=1, select bank3
  1168  00ED  0189               	clrf	9	;volatile
  1169                           
  1170                           ;pin_manager.c: 19:     TRISB = 0b00000011;
  1171  00EE  3003               	movlw	3
  1172  00EF  1683               	bsf	3,5	;RP0=1, select bank1
  1173  00F0  1303               	bcf	3,6	;RP1=0, select bank1
  1174  00F1  0086               	movwf	6	;volatile
  1175  00F2                     l739:
  1176                           
  1177                           ;pin_manager.c: 20:     PORTB = 0;
  1178  00F2  1283               	bcf	3,5	;RP0=0, select bank0
  1179  00F3  1303               	bcf	3,6	;RP1=0, select bank0
  1180  00F4  0186               	clrf	6	;volatile
  1181  00F5                     l741:
  1182                           
  1183                           ;pin_manager.c: 21:     IOCB = 0b00000011;
  1184  00F5  3003               	movlw	3
  1185  00F6  1683               	bsf	3,5	;RP0=1, select bank1
  1186  00F7  1303               	bcf	3,6	;RP1=0, select bank1
  1187  00F8  0096               	movwf	22	;volatile
  1188                           
  1189                           ;pin_manager.c: 23:     TRISC = 0;
  1190  00F9  0187               	clrf	7	;volatile
  1191                           
  1192                           ;pin_manager.c: 24:     PORTC = 0;
  1193  00FA  1283               	bcf	3,5	;RP0=0, select bank0
  1194  00FB  1303               	bcf	3,6	;RP1=0, select bank0
  1195  00FC  0187               	clrf	7	;volatile
  1196                           
  1197                           ;pin_manager.c: 26:     TRISD = 0;
  1198  00FD  1683               	bsf	3,5	;RP0=1, select bank1
  1199  00FE  1303               	bcf	3,6	;RP1=0, select bank1
  1200  00FF  0188               	clrf	8	;volatile
  1201                           
  1202                           ;pin_manager.c: 27:     PORTD = 0;
  1203  0100  1283               	bcf	3,5	;RP0=0, select bank0
  1204  0101  1303               	bcf	3,6	;RP1=0, select bank0
  1205  0102  0188               	clrf	8	;volatile
  1206                           
  1207                           ;pin_manager.c: 29:     TRISE = 0;
  1208  0103  1683               	bsf	3,5	;RP0=1, select bank1
  1209  0104  1303               	bcf	3,6	;RP1=0, select bank1
  1210  0105  0189               	clrf	9	;volatile
  1211                           
  1212                           ;pin_manager.c: 30:     PORTE = 0;
  1213  0106  1283               	bcf	3,5	;RP0=0, select bank0
  1214  0107  1303               	bcf	3,6	;RP1=0, select bank0
  1215  0108  0189               	clrf	9	;volatile
  1216  0109                     l115:
  1217  0109  0008               	return
  1218  010A                     __end_of_PIN_MANAGER_Initialize:
  1219                           
  1220                           	psect	text5
  1221  016F                     __ptext5:	
  1222 ;; *************** function _OSCILLATOR_Initialize *****************
  1223 ;; Defined at:
  1224 ;;		line 20 in file "lc.c"
  1225 ;; Parameters:    Size  Location     Type
  1226 ;;		None
  1227 ;; Auto vars:     Size  Location     Type
  1228 ;;		None
  1229 ;; Return value:  Size  Location     Type
  1230 ;;                  1    wreg      void 
  1231 ;; Registers used:
  1232 ;;		None
  1233 ;; Tracked objects:
  1234 ;;		On entry : 0/0
  1235 ;;		On exit  : 0/0
  1236 ;;		Unchanged: 0/0
  1237 ;; Data sizes:     COMMON   BANK0   BANK1   BANK3   BANK2
  1238 ;;      Params:         0       0       0       0       0
  1239 ;;      Locals:         0       0       0       0       0
  1240 ;;      Temps:          0       0       0       0       0
  1241 ;;      Totals:         0       0       0       0       0
  1242 ;;Total ram usage:        0 bytes
  1243 ;; Hardware stack levels used:    1
  1244 ;; Hardware stack levels required when called:    1
  1245 ;; This function calls:
  1246 ;;		Nothing
  1247 ;; This function is called by:
  1248 ;;		_SYSTEM_Initialize
  1249 ;; This function uses a non-reentrant model
  1250 ;;
  1251                           
  1252                           
  1253                           ;psect for function _OSCILLATOR_Initialize
  1254  016F                     _OSCILLATOR_Initialize:
  1255  016F                     l83:	
  1256                           ;incstack = 0
  1257                           ; Regs used in _OSCILLATOR_Initialize: []
  1258                           
  1259  016F  0008               	return
  1260  0170                     __end_of_OSCILLATOR_Initialize:
  1261                           
  1262                           	psect	text6
  1263  014C                     __ptext6:	
  1264 ;; *************** function _INTERRUPT_MANAGER_Initialize *****************
  1265 ;; Defined at:
  1266 ;;		line 11 in file "interrupt_manager.c"
  1267 ;; Parameters:    Size  Location     Type
  1268 ;;		None
  1269 ;; Auto vars:     Size  Location     Type
  1270 ;;		None
  1271 ;; Return value:  Size  Location     Type
  1272 ;;                  1    wreg      void 
  1273 ;; Registers used:
  1274 ;;		wreg
  1275 ;; Tracked objects:
  1276 ;;		On entry : 0/0
  1277 ;;		On exit  : 0/0
  1278 ;;		Unchanged: 0/0
  1279 ;; Data sizes:     COMMON   BANK0   BANK1   BANK3   BANK2
  1280 ;;      Params:         0       0       0       0       0
  1281 ;;      Locals:         0       0       0       0       0
  1282 ;;      Temps:          0       0       0       0       0
  1283 ;;      Totals:         0       0       0       0       0
  1284 ;;Total ram usage:        0 bytes
  1285 ;; Hardware stack levels used:    1
  1286 ;; Hardware stack levels required when called:    1
  1287 ;; This function calls:
  1288 ;;		Nothing
  1289 ;; This function is called by:
  1290 ;;		_SYSTEM_Initialize
  1291 ;; This function uses a non-reentrant model
  1292 ;;
  1293                           
  1294                           
  1295                           ;psect for function _INTERRUPT_MANAGER_Initialize
  1296  014C                     _INTERRUPT_MANAGER_Initialize:
  1297  014C                     l743:	
  1298                           ;incstack = 0
  1299                           ; Regs used in _INTERRUPT_MANAGER_Initialize: [wreg]
  1300                           
  1301                           
  1302                           ;interrupt_manager.c: 12:     INTCON = 0b11101000;
  1303  014C  30E8               	movlw	232
  1304  014D  008B               	movwf	11	;volatile
  1305                           
  1306                           ;interrupt_manager.c: 13:     PIR1 = 0b01000000;
  1307  014E  3040               	movlw	64
  1308  014F  1283               	bcf	3,5	;RP0=0, select bank0
  1309  0150  1303               	bcf	3,6	;RP1=0, select bank0
  1310  0151  008C               	movwf	12	;volatile
  1311                           
  1312                           ;interrupt_manager.c: 14:     PIE1 = 0b01000000;
  1313  0152  3040               	movlw	64
  1314  0153  1683               	bsf	3,5	;RP0=1, select bank1
  1315  0154  1303               	bcf	3,6	;RP1=0, select bank1
  1316  0155  008C               	movwf	12	;volatile
  1317                           
  1318                           ;interrupt_manager.c: 17:     IOCB = 0b00000011;
  1319  0156  3003               	movlw	3
  1320  0157  0096               	movwf	22	;volatile
  1321  0158                     l126:
  1322  0158  0008               	return
  1323  0159                     __end_of_INTERRUPT_MANAGER_Initialize:
  1324                           
  1325                           	psect	text7
  1326  0159                     __ptext7:	
  1327 ;; *************** function _ADC_Initialize *****************
  1328 ;; Defined at:
  1329 ;;		line 11 in file "adc.c"
  1330 ;; Parameters:    Size  Location     Type
  1331 ;;		None
  1332 ;; Auto vars:     Size  Location     Type
  1333 ;;		None
  1334 ;; Return value:  Size  Location     Type
  1335 ;;                  1    wreg      void 
  1336 ;; Registers used:
  1337 ;;		wreg, status,2
  1338 ;; Tracked objects:
  1339 ;;		On entry : 0/0
  1340 ;;		On exit  : 0/0
  1341 ;;		Unchanged: 0/0
  1342 ;; Data sizes:     COMMON   BANK0   BANK1   BANK3   BANK2
  1343 ;;      Params:         0       0       0       0       0
  1344 ;;      Locals:         0       0       0       0       0
  1345 ;;      Temps:          0       0       0       0       0
  1346 ;;      Totals:         0       0       0       0       0
  1347 ;;Total ram usage:        0 bytes
  1348 ;; Hardware stack levels used:    1
  1349 ;; Hardware stack levels required when called:    1
  1350 ;; This function calls:
  1351 ;;		Nothing
  1352 ;; This function is called by:
  1353 ;;		_SYSTEM_Initialize
  1354 ;; This function uses a non-reentrant model
  1355 ;;
  1356                           
  1357                           
  1358                           ;psect for function _ADC_Initialize
  1359  0159                     _ADC_Initialize:
  1360  0159                     l725:	
  1361                           ;incstack = 0
  1362                           ; Regs used in _ADC_Initialize: [wreg+status,2]
  1363                           
  1364                           
  1365                           ;adc.c: 13:     ADCON0 = 0b10000001;
  1366  0159  3081               	movlw	129
  1367  015A  1283               	bcf	3,5	;RP0=0, select bank0
  1368  015B  1303               	bcf	3,6	;RP1=0, select bank0
  1369  015C  009F               	movwf	31	;volatile
  1370  015D                     l727:
  1371                           
  1372                           ;adc.c: 14:     ADCON1 = 0x00;
  1373  015D  1683               	bsf	3,5	;RP0=1, select bank1
  1374  015E  1303               	bcf	3,6	;RP1=0, select bank1
  1375  015F  019F               	clrf	31	;volatile
  1376  0160                     l729:
  1377                           
  1378                           ;adc.c: 15:     ADRESL = 0x00;
  1379  0160  019E               	clrf	30	;volatile
  1380  0161                     l731:
  1381                           
  1382                           ;adc.c: 16:     ADRESH = 0x00;
  1383  0161  1283               	bcf	3,5	;RP0=0, select bank0
  1384  0162  1303               	bcf	3,6	;RP1=0, select bank0
  1385  0163  019E               	clrf	30	;volatile
  1386  0164                     l65:
  1387  0164  0008               	return
  1388  0165                     __end_of_ADC_Initialize:
  1389                           
  1390                           	psect	text8
  1391  0026                     __ptext8:	
  1392 ;; *************** function _myISR *****************
  1393 ;; Defined at:
  1394 ;;		line 31 in file "main.c"
  1395 ;; Parameters:    Size  Location     Type
  1396 ;;		None
  1397 ;; Auto vars:     Size  Location     Type
  1398 ;;		None
  1399 ;; Return value:  Size  Location     Type
  1400 ;;                  1    wreg      void 
  1401 ;; Registers used:
  1402 ;;		wreg, status,2, status,0
  1403 ;; Tracked objects:
  1404 ;;		On entry : 0/0
  1405 ;;		On exit  : 0/0
  1406 ;;		Unchanged: 0/0
  1407 ;; Data sizes:     COMMON   BANK0   BANK1   BANK3   BANK2
  1408 ;;      Params:         0       0       0       0       0
  1409 ;;      Locals:         0       0       0       0       0
  1410 ;;      Temps:          4       0       0       0       0
  1411 ;;      Totals:         4       0       0       0       0
  1412 ;;Total ram usage:        4 bytes
  1413 ;; Hardware stack levels used:    1
  1414 ;; This function calls:
  1415 ;;		Nothing
  1416 ;; This function is called by:
  1417 ;;		Interrupt level 1
  1418 ;; This function uses a non-reentrant model
  1419 ;;
  1420                           
  1421                           
  1422                           ;psect for function _myISR
  1423  0026                     _myISR:
  1424  0026                     i1l753:
  1425                           
  1426                           ;main.c: 33:     if (INTCONbits.RBIE == 1 && INTCONbits.RBIF == 1){
  1427  0026  1D8B               	btfss	11,3	;volatile
  1428  0027  2829               	goto	u1_21
  1429  0028  282A               	goto	u1_20
  1430  0029                     u1_21:
  1431  0029  283F               	goto	i1l767
  1432  002A                     u1_20:
  1433  002A                     i1l755:
  1434  002A  1C0B               	btfss	11,0	;volatile
  1435  002B  282D               	goto	u2_21
  1436  002C  282E               	goto	u2_20
  1437  002D                     u2_21:
  1438  002D  283F               	goto	i1l767
  1439  002E                     u2_20:
  1440  002E                     i1l757:
  1441                           
  1442                           ;main.c: 34:         if (PORTBbits.RB0 == 0){
  1443  002E  1283               	bcf	3,5	;RP0=0, select bank0
  1444  002F  1303               	bcf	3,6	;RP1=0, select bank0
  1445  0030  1806               	btfsc	6,0	;volatile
  1446  0031  2833               	goto	u3_21
  1447  0032  2834               	goto	u3_20
  1448  0033                     u3_21:
  1449  0033  2838               	goto	i1l761
  1450  0034                     u3_20:
  1451  0034                     i1l759:
  1452                           
  1453                           ;main.c: 35:             reference_count++;
  1454  0034  3001               	movlw	1
  1455  0035  00F0               	movwf	??_myISR
  1456  0036  0870               	movf	??_myISR,w
  1457  0037  07FC               	addwf	_reference_count,f	;volatile
  1458  0038                     i1l761:
  1459                           
  1460                           ;main.c: 37:         if (PORTBbits.RB1 == 0){
  1461  0038  1886               	btfsc	6,1	;volatile
  1462  0039  283B               	goto	u4_21
  1463  003A  283C               	goto	u4_20
  1464  003B                     u4_21:
  1465  003B  283E               	goto	i1l765
  1466  003C                     u4_20:
  1467  003C                     i1l763:
  1468                           
  1469                           ;main.c: 38:             reference_count--;
  1470  003C  3001               	movlw	1
  1471  003D  02FC               	subwf	_reference_count,f	;volatile
  1472  003E                     i1l765:
  1473                           
  1474                           ;main.c: 40:         INTCONbits.RBIF=0;
  1475  003E  100B               	bcf	11,0	;volatile
  1476  003F                     i1l767:
  1477                           
  1478                           ;main.c: 43:     if (PIR1bits.ADIF == 1 && ADCON0bits.GO_nDONE == 0){
  1479  003F  1283               	bcf	3,5	;RP0=0, select bank0
  1480  0040  1303               	bcf	3,6	;RP1=0, select bank0
  1481  0041  1F0C               	btfss	12,6	;volatile
  1482  0042  2844               	goto	u5_21
  1483  0043  2845               	goto	u5_20
  1484  0044                     u5_21:
  1485  0044  2864               	goto	i1l781
  1486  0045                     u5_20:
  1487  0045                     i1l769:
  1488  0045  189F               	btfsc	31,1	;volatile
  1489  0046  2848               	goto	u6_21
  1490  0047  2849               	goto	u6_20
  1491  0048                     u6_21:
  1492  0048  2864               	goto	i1l781
  1493  0049                     u6_20:
  1494  0049                     i1l771:
  1495                           
  1496                           ;main.c: 44:         second_display = (ADRESH & 0xF0)>>4;
  1497  0049  081E               	movf	30,w	;volatile
  1498  004A  00F0               	movwf	??_myISR
  1499  004B  3004               	movlw	4
  1500  004C                     u7_25:
  1501  004C  1003               	clrc
  1502  004D  0CF0               	rrf	??_myISR,f
  1503  004E  3EFF               	addlw	-1
  1504  004F  1D03               	skipz
  1505  0050  284C               	goto	u7_25
  1506  0051  0870               	movf	??_myISR,w
  1507  0052  390F               	andlw	15
  1508  0053  00F1               	movwf	??_myISR+1
  1509  0054  0871               	movf	??_myISR+1,w
  1510  0055  00F9               	movwf	_second_display	;volatile
  1511  0056                     i1l773:
  1512                           
  1513                           ;main.c: 45:         first_display = (ADRESH & 0x0F);
  1514  0056  081E               	movf	30,w	;volatile
  1515  0057  390F               	andlw	15
  1516  0058  00F0               	movwf	??_myISR
  1517  0059  0870               	movf	??_myISR,w
  1518  005A  00F8               	movwf	_first_display	;volatile
  1519  005B                     i1l775:
  1520                           
  1521                           ;main.c: 46:         _delay((unsigned long)((25)*(8000000/4000000.0)));
  1522  005B  3010               	movlw	16
  1523  005C  00F0               	movwf	??_myISR
  1524  005D                     u18_27:
  1525  005D  0BF0               	decfsz	??_myISR,f
  1526  005E  285D               	goto	u18_27
  1527  005F  0000               	nop
  1528  0060                     i1l777:
  1529                           
  1530                           ;main.c: 47:         ADCON0bits.GO_nDONE = 1;
  1531  0060  1283               	bcf	3,5	;RP0=0, select bank0
  1532  0061  1303               	bcf	3,6	;RP1=0, select bank0
  1533  0062  149F               	bsf	31,1	;volatile
  1534  0063                     i1l779:
  1535                           
  1536                           ;main.c: 48:         PIR1bits.ADIF = 0;
  1537  0063  130C               	bcf	12,6	;volatile
  1538  0064                     i1l781:
  1539                           
  1540                           ;main.c: 52:     if (INTCONbits.T0IE == 1 && INTCONbits.T0IF == 1){
  1541  0064  1E8B               	btfss	11,5	;volatile
  1542  0065  2867               	goto	u8_21
  1543  0066  2868               	goto	u8_20
  1544  0067                     u8_21:
  1545  0067  2895               	goto	i1l44
  1546  0068                     u8_20:
  1547  0068                     i1l783:
  1548  0068  1D0B               	btfss	11,2	;volatile
  1549  0069  286B               	goto	u9_21
  1550  006A  286C               	goto	u9_20
  1551  006B                     u9_21:
  1552  006B  2895               	goto	i1l44
  1553  006C                     u9_20:
  1554  006C                     i1l785:
  1555                           
  1556                           ;main.c: 53:         PORTEbits.RE1 = PORTEbits.RE0;
  1557  006C  1809               	btfsc	9,0	;volatile
  1558  006D  286F               	goto	u10_21
  1559  006E  2873               	goto	u10_20
  1560  006F                     u10_21:
  1561  006F  1283               	bcf	3,5	;RP0=0, select bank0
  1562  0070  1303               	bcf	3,6	;RP1=0, select bank0
  1563  0071  1489               	bsf	9,1	;volatile
  1564  0072  2876               	goto	u11_24
  1565  0073                     u10_20:
  1566  0073  1283               	bcf	3,5	;RP0=0, select bank0
  1567  0074  1303               	bcf	3,6	;RP1=0, select bank0
  1568  0075  1089               	bcf	9,1	;volatile
  1569  0076                     u11_24:
  1570  0076                     i1l787:
  1571                           
  1572                           ;main.c: 54:         PORTEbits.RE0 = !PORTEbits.RE1;
  1573  0076  1003               	clrc
  1574  0077  1C89               	btfss	9,1	;volatile
  1575  0078  1403               	setc
  1576  0079  1803               	btfsc	3,0
  1577  007A  287C               	goto	u12_21
  1578  007B  2880               	goto	u12_20
  1579  007C                     u12_21:
  1580  007C  1283               	bcf	3,5	;RP0=0, select bank0
  1581  007D  1303               	bcf	3,6	;RP1=0, select bank0
  1582  007E  1409               	bsf	9,0	;volatile
  1583  007F  2883               	goto	u13_24
  1584  0080                     u12_20:
  1585  0080  1283               	bcf	3,5	;RP0=0, select bank0
  1586  0081  1303               	bcf	3,6	;RP1=0, select bank0
  1587  0082  1009               	bcf	9,0	;volatile
  1588  0083                     u13_24:
  1589  0083                     i1l789:
  1590                           
  1591                           ;main.c: 55:         if (PORTEbits.RE0){
  1592  0083  1C09               	btfss	9,0	;volatile
  1593  0084  2886               	goto	u14_21
  1594  0085  2887               	goto	u14_20
  1595  0086                     u14_21:
  1596  0086  288B               	goto	i1l793
  1597  0087                     u14_20:
  1598  0087                     i1l791:
  1599                           
  1600                           ;main.c: 56:             display_count = first_display;
  1601  0087  0878               	movf	_first_display,w	;volatile
  1602  0088  00F0               	movwf	??_myISR
  1603  0089  0870               	movf	??_myISR,w
  1604  008A  00FB               	movwf	_display_count	;volatile
  1605  008B                     i1l793:
  1606                           
  1607                           ;main.c: 58:         if (PORTEbits.RE1){
  1608  008B  1C89               	btfss	9,1	;volatile
  1609  008C  288E               	goto	u15_21
  1610  008D  288F               	goto	u15_20
  1611  008E                     u15_21:
  1612  008E  2893               	goto	i1l797
  1613  008F                     u15_20:
  1614  008F                     i1l795:
  1615                           
  1616                           ;main.c: 59:             display_count = second_display;
  1617  008F  0879               	movf	_second_display,w	;volatile
  1618  0090  00F0               	movwf	??_myISR
  1619  0091  0870               	movf	??_myISR,w
  1620  0092  00FB               	movwf	_display_count	;volatile
  1621  0093                     i1l797:
  1622                           
  1623                           ;main.c: 61:         timer0_count = 0;
  1624  0093  01FA               	clrf	_timer0_count	;volatile
  1625  0094                     i1l799:
  1626                           
  1627                           ;main.c: 62:         INTCONbits.T0IF = 0;
  1628  0094  110B               	bcf	11,2	;volatile
  1629  0095                     i1l44:
  1630  0095  0873               	movf	??_myISR+3,w
  1631  0096  008A               	movwf	10
  1632  0097  0E72               	swapf	??_myISR+2,w
  1633  0098  0083               	movwf	3
  1634  0099  0EFE               	swapf	btemp,f
  1635  009A  0E7E               	swapf	btemp,w
  1636  009B  0009               	retfie
  1637  009C                     __end_of_myISR:
  1638  007E                     btemp	set	126	;btemp
  1639  007E                     wtemp0	set	126
  1640                           
  1641                           	psect	intentry
  1642  0004                     __pintentry:	
  1643                           ;incstack = 0
  1644                           ; Regs used in _myISR: [wreg+status,2+status,0]
  1645                           
  1646  0004                     interrupt_function:
  1647  007E                     saved_w	set	btemp
  1648  0004  00FE               	movwf	btemp
  1649  0005  0E03               	swapf	3,w
  1650  0006  00F2               	movwf	??_myISR+2
  1651  0007  080A               	movf	10,w
  1652  0008  00F3               	movwf	??_myISR+3
  1653  0009  120A  118A  2826   	ljmp	_myISR
  1654                           
  1655                           	psect	config
  1656                           
  1657                           ;Config register CONFIG1 @ 0x2007
  1658                           ;	Oscillator Selection bits
  1659                           ;	FOSC = XT, XT oscillator: Crystal/resonator on RA6/OSC2/CLKOUT and RA7/OSC1/CLKIN
  1660                           ;	Watchdog Timer Enable bit
  1661                           ;	WDTE = OFF, WDT disabled and can be enabled by SWDTEN bit of the WDTCON register
  1662                           ;	Power-up Timer Enable bit
  1663                           ;	PWRTE = OFF, PWRT disabled
  1664                           ;	RE3/MCLR pin function select bit
  1665                           ;	MCLRE = ON, RE3/MCLR pin function is MCLR
  1666                           ;	Code Protection bit
  1667                           ;	CP = OFF, Program memory code protection is disabled
  1668                           ;	Data Code Protection bit
  1669                           ;	CPD = OFF, Data memory code protection is disabled
  1670                           ;	Brown Out Reset Selection bits
  1671                           ;	BOREN = OFF, BOR disabled
  1672                           ;	Internal External Switchover bit
  1673                           ;	IESO = OFF, Internal/External Switchover mode is disabled
  1674                           ;	Fail-Safe Clock Monitor Enabled bit
  1675                           ;	FCMEN = OFF, Fail-Safe Clock Monitor is disabled
  1676                           ;	Low Voltage Programming Enable bit
  1677                           ;	LVP = OFF, RB3 pin has digital I/O, HV on MCLR must be used for programming
  1678                           ;	In-Circuit Debugger Mode bit
  1679                           ;	DEBUG = 0x1, unprogrammed default
  1680  2007                     	org	8199
  1681  2007  20F1               	dw	8433
  1682                           
  1683                           ;Config register CONFIG2 @ 0x2008
  1684                           ;	Brown-out Reset Selection bit
  1685                           ;	BOR4V = BOR40V, Brown-out Reset set to 4.0V
  1686                           ;	Flash Program Memory Self Write Enable bits
  1687                           ;	WRT = OFF, Write protection off
  1688  2008                     	org	8200
  1689  2008  3FFF               	dw	16383

Data Sizes:
    Strings     0
    Constant    0
    Data        16
    BSS         5
    Persistent  0
    Stack       0

Auto Spaces:
    Space          Size  Autos    Used
    COMMON           14      8      13
    BANK0            80      0      16
    BANK1            80      0       0
    BANK3            96      0       0
    BANK2            96      0       0

Pointer List with Targets:

    None.

Critical Paths under _main in COMMON

    None.

Critical Paths under _myISR in COMMON

    None.

Critical Paths under _main in BANK0

    None.

Critical Paths under _myISR in BANK0

    None.

Critical Paths under _main in BANK1

    None.

Critical Paths under _myISR in BANK1

    None.

Critical Paths under _main in BANK3

    None.

Critical Paths under _myISR in BANK3

    None.

Critical Paths under _main in BANK2

    None.

Critical Paths under _myISR in BANK2

    None.

Call Graph Tables:

 ---------------------------------------------------------------------------------
 (Depth) Function   	        Calls       Base Space   Used Autos Params    Refs
 ---------------------------------------------------------------------------------
 (0) _main                                                 4     4      0       0
                                              4 COMMON     4     4      0
                  _SYSTEM_Initialize
 ---------------------------------------------------------------------------------
 (1) _SYSTEM_Initialize                                    0     0      0       0
                     _ADC_Initialize
       _INTERRUPT_MANAGER_Initialize
              _OSCILLATOR_Initialize
             _PIN_MANAGER_Initialize
           _TIMER_MANAGER_Initialize
                     _WDT_Initialize
 ---------------------------------------------------------------------------------
 (2) _WDT_Initialize                                       0     0      0       0
 ---------------------------------------------------------------------------------
 (2) _TIMER_MANAGER_Initialize                             0     0      0       0
 ---------------------------------------------------------------------------------
 (2) _PIN_MANAGER_Initialize                               0     0      0       0
 ---------------------------------------------------------------------------------
 (2) _OSCILLATOR_Initialize                                0     0      0       0
 ---------------------------------------------------------------------------------
 (2) _INTERRUPT_MANAGER_Initialize                         0     0      0       0
 ---------------------------------------------------------------------------------
 (2) _ADC_Initialize                                       0     0      0       0
 ---------------------------------------------------------------------------------
 Estimated maximum stack depth 2
 ---------------------------------------------------------------------------------
 (Depth) Function   	        Calls       Base Space   Used Autos Params    Refs
 ---------------------------------------------------------------------------------
 (3) _myISR                                                4     4      0       0
                                              0 COMMON     4     4      0
 ---------------------------------------------------------------------------------
 Estimated maximum stack depth 3
 ---------------------------------------------------------------------------------

 Call Graph Graphs:

 _main (ROOT)
   _SYSTEM_Initialize
     _ADC_Initialize
     _INTERRUPT_MANAGER_Initialize
     _OSCILLATOR_Initialize
     _PIN_MANAGER_Initialize
     _TIMER_MANAGER_Initialize
     _WDT_Initialize

 _myISR (ROOT)

 Address spaces:
Name               Size   Autos  Total    Cost      Usage
BANK3               60      0       0       9        0.0%
BITBANK3            60      0       0       8        0.0%
SFR3                 0      0       0       4        0.0%
BITSFR3              0      0       0       4        0.0%
BANK2               60      0       0      11        0.0%
BITBANK2            60      0       0      10        0.0%
SFR2                 0      0       0       5        0.0%
BITSFR2              0      0       0       5        0.0%
BANK1               50      0       0       7        0.0%
BITBANK1            50      0       0       6        0.0%
SFR1                 0      0       0       2        0.0%
BITSFR1              0      0       0       2        0.0%
BANK0               50      0      10       5       20.0%
BITBANK0            50      0       0       4        0.0%
SFR0                 0      0       0       1        0.0%
BITSFR0              0      0       0       1        0.0%
COMMON               E      8       D       1       92.9%
BITCOMMON            E      0       0       0        0.0%
CODE                 0      0       0       0        0.0%
DATA                 0      0      1D      12        0.0%
ABS                  0      0      1D       3        0.0%
NULL                 0      0       0       0        0.0%
STACK                0      0       0       2        0.0%
EEDATA             100      0       0       0        0.0%


Microchip Technology PIC Macro Assembler V2.31 build 20201012212115 
Symbol Table                                                                                   Thu Feb 11 12:17:10 2021

    __size_of_TIMER_MANAGER_Initialize 0009              ?_TIMER_MANAGER_Initialize 0070  
                                    pc 0002                                     l50 00D9  
                                   l80 0128                                     l65 0164  
                                   l83 016F                                     l86 016E  
                      _reference_count 007C                                     fsr 0004  
                                  l115 0109                                    l133 016D  
                                  l126 0158                                    l801 009C  
                                  l731 0161                                    l811 00A5  
                                  l803 00A1                                    l725 0159  
                                  l741 00F5                                    l733 00E0  
                                  l821 00B1                                    l813 00A6  
                                  l805 00A2                                    l727 015D  
                                  l743 014C                                    l735 00E8  
                                  l751 0114                                    l823 00B7  
                                  l815 00AB                                    l807 00A3  
                                  l729 0160                                    l737 00EB  
                                  l745 0165                                    l825 00D5  
                                  l817 00AE                                    l809 00A4  
                                  l739 00F2                                    l747 010A  
                                  l819 00AF                                    l749 010F  
                                  u160 00D5                                    u161 00D4  
                                  u165 00D1                                    u177 00A8  
                                  fsr0 0004                                    indf 0000  
                                 _IOCB 0096                                   _PIE1 008C  
                                 i1l44 0095                                   _PIR1 000C  
                                 _TMR0 0001                                   u1_20 002A  
                                 u1_21 0029                                   u2_20 002E  
                                 u2_21 002D                                   u3_20 0034  
                                 u3_21 0033                                   u4_20 003C  
                                 u4_21 003B                                   u5_20 0045  
                                 u5_21 0044                                   u6_20 0049  
                                 u6_21 0048                                   u7_25 004C  
                                 u8_20 0068                                   u8_21 0067  
                                 u9_20 006C                                   u9_21 006B  
                                 _main 009C                                   btemp 007E  
                                 start 000C         __size_of_OSCILLATOR_Initialize 0001  
        __end_of_OSCILLATOR_Initialize 0170                                  ?_main 0070  
                                _ANSEL 0188                                  i1l761 0038  
                                i1l753 0026                                  i1l771 0049  
                                i1l763 003C                                  i1l755 002A  
                                i1l773 0056                                  i1l781 0064  
                                i1l765 003E                                  i1l757 002E  
                                i1l791 0087                                  i1l783 0068  
                                i1l775 005B                                  i1l759 0034  
                                i1l767 003F                                  i1l793 008B  
                                i1l785 006C                                  i1l777 0060  
                                i1l769 0045                                  i1l795 008F  
                                i1l787 0076                                  i1l779 0063  
                                i1l797 0093                                  i1l789 0083  
                                i1l799 0094                                  u10_20 0073  
                                u10_21 006F                                  u11_24 0076  
                                u12_20 0080                                  u12_21 007C  
                                u13_24 0083                                  u14_20 0087  
                                u14_21 0086                                  u15_20 008F  
                                u15_21 008E                                  u18_27 005D  
                                _PORTA 0005                                  _PORTB 0006  
                                _PORTC 0007                                  _PORTD 0008  
                                _PORTE 0009                                  _TRISA 0085  
                                _TRISB 0086                                  _TRISC 0087  
                                _TRISD 0088                                  _TRISE 0089  
                                _myISR 0026                         _WDT_Initialize 016E  
                                pclath 000A                                  status 0003  
                                wtemp0 007E                        __initialization 000F  
                         __end_of_main 00E0                          _first_display 0078  
                       _second_display 0079                                 ??_main 0074  
               __end_of_WDT_Initialize 016F                                 _ADCON0 001F  
                               _ADCON1 009F                                 ?_myISR 0070  
                               _ADRESH 001E                                 _ADRESL 009E  
                               _ANSELH 0189                                 _INTCON 000B  
                               saved_w 007E                        ?_WDT_Initialize 0070  
     __end_of_TIMER_MANAGER_Initialize 016E                      _SYSTEM_Initialize 010A  
              __end_of__initialization 0022                     ?_SYSTEM_Initialize 0070  
                       __pcstackCOMMON 0070                           __pidataBANK0 013C  
                  ??_SYSTEM_Initialize 0074                          __end_of_myISR 009C  
                              ??_myISR 0070              __end_of_SYSTEM_Initialize 0129  
                           __pmaintext 009C                             __pintentry 0004  
              __size_of_ADC_Initialize 000C               _TIMER_MANAGER_Initialize 0165  
                              __ptext1 010A                                __ptext2 016E  
                              __ptext3 0165                                __ptext4 00E0  
                              __ptext5 016F                                __ptext6 014C  
                              __ptext7 0159                                __ptext8 0026  
                _OSCILLATOR_Initialize 016F               ??_PIN_MANAGER_Initialize 0074  
           __size_of_SYSTEM_Initialize 001F                   end_of_initialization 0022  
                     ??_WDT_Initialize 0074                              _PORTBbits 0006  
                            _PORTEbits 0009                         _ADC_Initialize 0159  
               ?_OSCILLATOR_Initialize 0070                    start_initialization 000F  
      __size_of_PIN_MANAGER_Initialize 002A                             init_fetch0 0129  
               __end_of_ADC_Initialize 0165                            __pdataBANK0 0020  
                          __pbssCOMMON 0078                              ___latbits 0002  
           ??_TIMER_MANAGER_Initialize 0074                 _PIN_MANAGER_Initialize 00E0  
                      ?_ADC_Initialize 0070                         __size_of_myISR 0076  
                    interrupt_function 0004                               _PIR1bits 000C  
 __end_of_INTERRUPT_MANAGER_Initialize 0159  __size_of_INTERRUPT_MANAGER_Initialize 000D  
         _INTERRUPT_MANAGER_Initialize 014C                             _ADCON0bits 001F  
              ??_OSCILLATOR_Initialize 0074          ?_INTERRUPT_MANAGER_Initialize 0070  
                        __size_of_main 0044                           _timer0_count 007A  
                           _INTCONbits 000B                               init_ram0 012D  
              __size_of_WDT_Initialize 0001                               intlevel1 0000  
              ?_PIN_MANAGER_Initialize 0070                       ??_ADC_Initialize 0074  
                           _OPTION_REG 0081         ??_INTERRUPT_MANAGER_Initialize 0074  
       __end_of_PIN_MANAGER_Initialize 010A                          _display_array 0020  
                        _display_count 007B  
