

Microchip MPLAB XC8 Assembler V2.31 build 20201012212115 
                                                                                               Mon Feb 22 23:41:13 2021

Microchip MPLAB XC8 C Compiler v2.31 (Free license) build 20201012212115 Og1 
     1                           	processor	16F887
     2                           	pagewidth 120
     3                           	opt	flic
     4                           	psect	cinit,global,class=CODE,merge=1,delta=2
     5                           	psect	bssCOMMON,global,class=COMMON,space=1,delta=1,noexec
     6                           	psect	cstackCOMMON,global,class=COMMON,space=1,delta=1,noexec
     7                           	psect	maintext,global,class=CODE,split=1,delta=2
     8                           	psect	text1,local,class=CODE,merge=1,delta=2
     9                           	psect	text2,local,class=CODE,merge=1,delta=2
    10                           	psect	text3,local,class=CODE,merge=1,delta=2
    11                           	psect	text4,local,class=CODE,merge=1,delta=2
    12                           	psect	intentry,global,class=CODE,delta=2
    13                           	psect	config,global,abs,ovrld,class=CONFIG,space=4,delta=2,noexec
    14                           	dabs	1,0x7E,2
    15  0000                     
    16                           ; Version 2.20
    17                           ; Generated 12/02/2020 GMT
    18                           ; 
    19                           ; Copyright © 2020, Microchip Technology Inc. and its subsidiaries ("Microchip")
    20                           ; All rights reserved.
    21                           ; 
    22                           ; This software is developed by Microchip Technology Inc. and its subsidiaries ("Microch
      +                          ip").
    23                           ; 
    24                           ; Redistribution and use in source and binary forms, with or without modification, are
    25                           ; permitted provided that the following conditions are met:
    26                           ; 
    27                           ;     1. Redistributions of source code must retain the above copyright notice, this lis
      +                          t of
    28                           ;        conditions and the following disclaimer.
    29                           ; 
    30                           ;     2. Redistributions in binary form must reproduce the above copyright notice, this 
      +                          list
    31                           ;        of conditions and the following disclaimer in the documentation and/or other
    32                           ;        materials provided with the distribution.
    33                           ; 
    34                           ;     3. Microchip's name may not be used to endorse or promote products derived from th
      +                          is
    35                           ;        software without specific prior written permission.
    36                           ; 
    37                           ; THIS SOFTWARE IS PROVIDED BY MICROCHIP "AS IS" AND ANY EXPRESS OR IMPLIED WARRANTIES,
    38                           ; INCLUDING, BUT NOT LIMITED TO, THE IMPLIED WARRANTIES OF MERCHANTABILITY AND FITNESS F
      +                          OR
    39                           ; PURPOSE ARE DISCLAIMED.  IN NO EVENT SHALL MICROCHIP BE LIABLE FOR ANY DIRECT, INDIREC
      +                          T,
    40                           ; INCIDENTAL, SPECIAL, EXEMPLARY, OR CONSEQUENTIAL DAMAGES (INCLUDING BUT NOT LIMITED TO
    41                           ; PROCUREMENT OF SUBSTITUTE GOODS OR SERVICES; LOSS OF USE, DATA OR PROFITS; OR BUSINESS
    42                           ; INTERRUPTION) HOWSOEVER CAUSED AND ON ANY THEORY OF LIABILITY, WHETHER IN CONTRACT, ST
      +                          RICT
    43                           ; LIABILITY, OR TORT (INCLUDING NEGLIGENCE OR OTHERWISE) ARISING IN ANY WAY OUT OF THE U
      +                          SE OF
    44                           ; THIS SOFTWARE, EVEN IF ADVISED OF THE POSSIBILITY OF SUCH DAMAGE.
    45                           ; 
    46                           ; 
    47                           ; Code-generator required, PIC16F887 Definitions
    48                           ; 
    49                           ; SFR Addresses
    50  0000                     	;# 
    51  0001                     	;# 
    52  0002                     	;# 
    53  0003                     	;# 
    54  0004                     	;# 
    55  0005                     	;# 
    56  0006                     	;# 
    57  0007                     	;# 
    58  0008                     	;# 
    59  0009                     	;# 
    60  000A                     	;# 
    61  000B                     	;# 
    62  000C                     	;# 
    63  000D                     	;# 
    64  000E                     	;# 
    65  000E                     	;# 
    66  000F                     	;# 
    67  0010                     	;# 
    68  0011                     	;# 
    69  0012                     	;# 
    70  0013                     	;# 
    71  0014                     	;# 
    72  0015                     	;# 
    73  0015                     	;# 
    74  0016                     	;# 
    75  0017                     	;# 
    76  0018                     	;# 
    77  0019                     	;# 
    78  001A                     	;# 
    79  001B                     	;# 
    80  001B                     	;# 
    81  001C                     	;# 
    82  001D                     	;# 
    83  001E                     	;# 
    84  001F                     	;# 
    85  0081                     	;# 
    86  0085                     	;# 
    87  0086                     	;# 
    88  0087                     	;# 
    89  0088                     	;# 
    90  0089                     	;# 
    91  008C                     	;# 
    92  008D                     	;# 
    93  008E                     	;# 
    94  008F                     	;# 
    95  0090                     	;# 
    96  0091                     	;# 
    97  0092                     	;# 
    98  0093                     	;# 
    99  0093                     	;# 
   100  0093                     	;# 
   101  0094                     	;# 
   102  0095                     	;# 
   103  0096                     	;# 
   104  0097                     	;# 
   105  0098                     	;# 
   106  0099                     	;# 
   107  009A                     	;# 
   108  009B                     	;# 
   109  009C                     	;# 
   110  009D                     	;# 
   111  009E                     	;# 
   112  009F                     	;# 
   113  0105                     	;# 
   114  0107                     	;# 
   115  0108                     	;# 
   116  0109                     	;# 
   117  010C                     	;# 
   118  010C                     	;# 
   119  010D                     	;# 
   120  010E                     	;# 
   121  010F                     	;# 
   122  0185                     	;# 
   123  0187                     	;# 
   124  0188                     	;# 
   125  0189                     	;# 
   126  018C                     	;# 
   127  018D                     	;# 
   128  0000                     	;# 
   129  0001                     	;# 
   130  0002                     	;# 
   131  0003                     	;# 
   132  0004                     	;# 
   133  0005                     	;# 
   134  0006                     	;# 
   135  0007                     	;# 
   136  0008                     	;# 
   137  0009                     	;# 
   138  000A                     	;# 
   139  000B                     	;# 
   140  000C                     	;# 
   141  000D                     	;# 
   142  000E                     	;# 
   143  000E                     	;# 
   144  000F                     	;# 
   145  0010                     	;# 
   146  0011                     	;# 
   147  0012                     	;# 
   148  0013                     	;# 
   149  0014                     	;# 
   150  0015                     	;# 
   151  0015                     	;# 
   152  0016                     	;# 
   153  0017                     	;# 
   154  0018                     	;# 
   155  0019                     	;# 
   156  001A                     	;# 
   157  001B                     	;# 
   158  001B                     	;# 
   159  001C                     	;# 
   160  001D                     	;# 
   161  001E                     	;# 
   162  001F                     	;# 
   163  0081                     	;# 
   164  0085                     	;# 
   165  0086                     	;# 
   166  0087                     	;# 
   167  0088                     	;# 
   168  0089                     	;# 
   169  008C                     	;# 
   170  008D                     	;# 
   171  008E                     	;# 
   172  008F                     	;# 
   173  0090                     	;# 
   174  0091                     	;# 
   175  0092                     	;# 
   176  0093                     	;# 
   177  0093                     	;# 
   178  0093                     	;# 
   179  0094                     	;# 
   180  0095                     	;# 
   181  0096                     	;# 
   182  0097                     	;# 
   183  0098                     	;# 
   184  0099                     	;# 
   185  009A                     	;# 
   186  009B                     	;# 
   187  009C                     	;# 
   188  009D                     	;# 
   189  009E                     	;# 
   190  009F                     	;# 
   191  0105                     	;# 
   192  0107                     	;# 
   193  0108                     	;# 
   194  0109                     	;# 
   195  010C                     	;# 
   196  010C                     	;# 
   197  010D                     	;# 
   198  010E                     	;# 
   199  010F                     	;# 
   200  0185                     	;# 
   201  0187                     	;# 
   202  0188                     	;# 
   203  0189                     	;# 
   204  018C                     	;# 
   205  018D                     	;# 
   206  0000                     	;# 
   207  0001                     	;# 
   208  0002                     	;# 
   209  0003                     	;# 
   210  0004                     	;# 
   211  0005                     	;# 
   212  0006                     	;# 
   213  0007                     	;# 
   214  0008                     	;# 
   215  0009                     	;# 
   216  000A                     	;# 
   217  000B                     	;# 
   218  000C                     	;# 
   219  000D                     	;# 
   220  000E                     	;# 
   221  000E                     	;# 
   222  000F                     	;# 
   223  0010                     	;# 
   224  0011                     	;# 
   225  0012                     	;# 
   226  0013                     	;# 
   227  0014                     	;# 
   228  0015                     	;# 
   229  0015                     	;# 
   230  0016                     	;# 
   231  0017                     	;# 
   232  0018                     	;# 
   233  0019                     	;# 
   234  001A                     	;# 
   235  001B                     	;# 
   236  001B                     	;# 
   237  001C                     	;# 
   238  001D                     	;# 
   239  001E                     	;# 
   240  001F                     	;# 
   241  0081                     	;# 
   242  0085                     	;# 
   243  0086                     	;# 
   244  0087                     	;# 
   245  0088                     	;# 
   246  0089                     	;# 
   247  008C                     	;# 
   248  008D                     	;# 
   249  008E                     	;# 
   250  008F                     	;# 
   251  0090                     	;# 
   252  0091                     	;# 
   253  0092                     	;# 
   254  0093                     	;# 
   255  0093                     	;# 
   256  0093                     	;# 
   257  0094                     	;# 
   258  0095                     	;# 
   259  0096                     	;# 
   260  0097                     	;# 
   261  0098                     	;# 
   262  0099                     	;# 
   263  009A                     	;# 
   264  009B                     	;# 
   265  009C                     	;# 
   266  009D                     	;# 
   267  009E                     	;# 
   268  009F                     	;# 
   269  0105                     	;# 
   270  0107                     	;# 
   271  0108                     	;# 
   272  0109                     	;# 
   273  010C                     	;# 
   274  010C                     	;# 
   275  010D                     	;# 
   276  010E                     	;# 
   277  010F                     	;# 
   278  0185                     	;# 
   279  0187                     	;# 
   280  0188                     	;# 
   281  0189                     	;# 
   282  018C                     	;# 
   283  018D                     	;# 
   284  0000                     	;# 
   285  0001                     	;# 
   286  0002                     	;# 
   287  0003                     	;# 
   288  0004                     	;# 
   289  0005                     	;# 
   290  0006                     	;# 
   291  0007                     	;# 
   292  0008                     	;# 
   293  0009                     	;# 
   294  000A                     	;# 
   295  000B                     	;# 
   296  000C                     	;# 
   297  000D                     	;# 
   298  000E                     	;# 
   299  000E                     	;# 
   300  000F                     	;# 
   301  0010                     	;# 
   302  0011                     	;# 
   303  0012                     	;# 
   304  0013                     	;# 
   305  0014                     	;# 
   306  0015                     	;# 
   307  0015                     	;# 
   308  0016                     	;# 
   309  0017                     	;# 
   310  0018                     	;# 
   311  0019                     	;# 
   312  001A                     	;# 
   313  001B                     	;# 
   314  001B                     	;# 
   315  001C                     	;# 
   316  001D                     	;# 
   317  001E                     	;# 
   318  001F                     	;# 
   319  0081                     	;# 
   320  0085                     	;# 
   321  0086                     	;# 
   322  0087                     	;# 
   323  0088                     	;# 
   324  0089                     	;# 
   325  008C                     	;# 
   326  008D                     	;# 
   327  008E                     	;# 
   328  008F                     	;# 
   329  0090                     	;# 
   330  0091                     	;# 
   331  0092                     	;# 
   332  0093                     	;# 
   333  0093                     	;# 
   334  0093                     	;# 
   335  0094                     	;# 
   336  0095                     	;# 
   337  0096                     	;# 
   338  0097                     	;# 
   339  0098                     	;# 
   340  0099                     	;# 
   341  009A                     	;# 
   342  009B                     	;# 
   343  009C                     	;# 
   344  009D                     	;# 
   345  009E                     	;# 
   346  009F                     	;# 
   347  0105                     	;# 
   348  0107                     	;# 
   349  0108                     	;# 
   350  0109                     	;# 
   351  010C                     	;# 
   352  010C                     	;# 
   353  010D                     	;# 
   354  010E                     	;# 
   355  010F                     	;# 
   356  0185                     	;# 
   357  0187                     	;# 
   358  0188                     	;# 
   359  0189                     	;# 
   360  018C                     	;# 
   361  018D                     	;# 
   362  0000                     	;# 
   363  0001                     	;# 
   364  0002                     	;# 
   365  0003                     	;# 
   366  0004                     	;# 
   367  0005                     	;# 
   368  0006                     	;# 
   369  0007                     	;# 
   370  0008                     	;# 
   371  0009                     	;# 
   372  000A                     	;# 
   373  000B                     	;# 
   374  000C                     	;# 
   375  000D                     	;# 
   376  000E                     	;# 
   377  000E                     	;# 
   378  000F                     	;# 
   379  0010                     	;# 
   380  0011                     	;# 
   381  0012                     	;# 
   382  0013                     	;# 
   383  0014                     	;# 
   384  0015                     	;# 
   385  0015                     	;# 
   386  0016                     	;# 
   387  0017                     	;# 
   388  0018                     	;# 
   389  0019                     	;# 
   390  001A                     	;# 
   391  001B                     	;# 
   392  001B                     	;# 
   393  001C                     	;# 
   394  001D                     	;# 
   395  001E                     	;# 
   396  001F                     	;# 
   397  0081                     	;# 
   398  0085                     	;# 
   399  0086                     	;# 
   400  0087                     	;# 
   401  0088                     	;# 
   402  0089                     	;# 
   403  008C                     	;# 
   404  008D                     	;# 
   405  008E                     	;# 
   406  008F                     	;# 
   407  0090                     	;# 
   408  0091                     	;# 
   409  0092                     	;# 
   410  0093                     	;# 
   411  0093                     	;# 
   412  0093                     	;# 
   413  0094                     	;# 
   414  0095                     	;# 
   415  0096                     	;# 
   416  0097                     	;# 
   417  0098                     	;# 
   418  0099                     	;# 
   419  009A                     	;# 
   420  009B                     	;# 
   421  009C                     	;# 
   422  009D                     	;# 
   423  009E                     	;# 
   424  009F                     	;# 
   425  0105                     	;# 
   426  0107                     	;# 
   427  0108                     	;# 
   428  0109                     	;# 
   429  010C                     	;# 
   430  010C                     	;# 
   431  010D                     	;# 
   432  010E                     	;# 
   433  010F                     	;# 
   434  0185                     	;# 
   435  0187                     	;# 
   436  0188                     	;# 
   437  0189                     	;# 
   438  018C                     	;# 
   439  018D                     	;# 
   440  0000                     	;# 
   441  0001                     	;# 
   442  0002                     	;# 
   443  0003                     	;# 
   444  0004                     	;# 
   445  0005                     	;# 
   446  0006                     	;# 
   447  0007                     	;# 
   448  0008                     	;# 
   449  0009                     	;# 
   450  000A                     	;# 
   451  000B                     	;# 
   452  000C                     	;# 
   453  000D                     	;# 
   454  000E                     	;# 
   455  000E                     	;# 
   456  000F                     	;# 
   457  0010                     	;# 
   458  0011                     	;# 
   459  0012                     	;# 
   460  0013                     	;# 
   461  0014                     	;# 
   462  0015                     	;# 
   463  0015                     	;# 
   464  0016                     	;# 
   465  0017                     	;# 
   466  0018                     	;# 
   467  0019                     	;# 
   468  001A                     	;# 
   469  001B                     	;# 
   470  001B                     	;# 
   471  001C                     	;# 
   472  001D                     	;# 
   473  001E                     	;# 
   474  001F                     	;# 
   475  0081                     	;# 
   476  0085                     	;# 
   477  0086                     	;# 
   478  0087                     	;# 
   479  0088                     	;# 
   480  0089                     	;# 
   481  008C                     	;# 
   482  008D                     	;# 
   483  008E                     	;# 
   484  008F                     	;# 
   485  0090                     	;# 
   486  0091                     	;# 
   487  0092                     	;# 
   488  0093                     	;# 
   489  0093                     	;# 
   490  0093                     	;# 
   491  0094                     	;# 
   492  0095                     	;# 
   493  0096                     	;# 
   494  0097                     	;# 
   495  0098                     	;# 
   496  0099                     	;# 
   497  009A                     	;# 
   498  009B                     	;# 
   499  009C                     	;# 
   500  009D                     	;# 
   501  009E                     	;# 
   502  009F                     	;# 
   503  0105                     	;# 
   504  0107                     	;# 
   505  0108                     	;# 
   506  0109                     	;# 
   507  010C                     	;# 
   508  010C                     	;# 
   509  010D                     	;# 
   510  010E                     	;# 
   511  010F                     	;# 
   512  0185                     	;# 
   513  0187                     	;# 
   514  0188                     	;# 
   515  0189                     	;# 
   516  018C                     	;# 
   517  018D                     	;# 
   518  0000                     	;# 
   519  0001                     	;# 
   520  0002                     	;# 
   521  0003                     	;# 
   522  0004                     	;# 
   523  0005                     	;# 
   524  0006                     	;# 
   525  0007                     	;# 
   526  0008                     	;# 
   527  0009                     	;# 
   528  000A                     	;# 
   529  000B                     	;# 
   530  000C                     	;# 
   531  000D                     	;# 
   532  000E                     	;# 
   533  000E                     	;# 
   534  000F                     	;# 
   535  0010                     	;# 
   536  0011                     	;# 
   537  0012                     	;# 
   538  0013                     	;# 
   539  0014                     	;# 
   540  0015                     	;# 
   541  0015                     	;# 
   542  0016                     	;# 
   543  0017                     	;# 
   544  0018                     	;# 
   545  0019                     	;# 
   546  001A                     	;# 
   547  001B                     	;# 
   548  001B                     	;# 
   549  001C                     	;# 
   550  001D                     	;# 
   551  001E                     	;# 
   552  001F                     	;# 
   553  0081                     	;# 
   554  0085                     	;# 
   555  0086                     	;# 
   556  0087                     	;# 
   557  0088                     	;# 
   558  0089                     	;# 
   559  008C                     	;# 
   560  008D                     	;# 
   561  008E                     	;# 
   562  008F                     	;# 
   563  0090                     	;# 
   564  0091                     	;# 
   565  0092                     	;# 
   566  0093                     	;# 
   567  0093                     	;# 
   568  0093                     	;# 
   569  0094                     	;# 
   570  0095                     	;# 
   571  0096                     	;# 
   572  0097                     	;# 
   573  0098                     	;# 
   574  0099                     	;# 
   575  009A                     	;# 
   576  009B                     	;# 
   577  009C                     	;# 
   578  009D                     	;# 
   579  009E                     	;# 
   580  009F                     	;# 
   581  0105                     	;# 
   582  0107                     	;# 
   583  0108                     	;# 
   584  0109                     	;# 
   585  010C                     	;# 
   586  010C                     	;# 
   587  010D                     	;# 
   588  010E                     	;# 
   589  010F                     	;# 
   590  0185                     	;# 
   591  0187                     	;# 
   592  0188                     	;# 
   593  0189                     	;# 
   594  018C                     	;# 
   595  018D                     	;# 
   596  0000                     	;# 
   597  0001                     	;# 
   598  0002                     	;# 
   599  0003                     	;# 
   600  0004                     	;# 
   601  0005                     	;# 
   602  0006                     	;# 
   603  0007                     	;# 
   604  0008                     	;# 
   605  0009                     	;# 
   606  000A                     	;# 
   607  000B                     	;# 
   608  000C                     	;# 
   609  000D                     	;# 
   610  000E                     	;# 
   611  000E                     	;# 
   612  000F                     	;# 
   613  0010                     	;# 
   614  0011                     	;# 
   615  0012                     	;# 
   616  0013                     	;# 
   617  0014                     	;# 
   618  0015                     	;# 
   619  0015                     	;# 
   620  0016                     	;# 
   621  0017                     	;# 
   622  0018                     	;# 
   623  0019                     	;# 
   624  001A                     	;# 
   625  001B                     	;# 
   626  001B                     	;# 
   627  001C                     	;# 
   628  001D                     	;# 
   629  001E                     	;# 
   630  001F                     	;# 
   631  0081                     	;# 
   632  0085                     	;# 
   633  0086                     	;# 
   634  0087                     	;# 
   635  0088                     	;# 
   636  0089                     	;# 
   637  008C                     	;# 
   638  008D                     	;# 
   639  008E                     	;# 
   640  008F                     	;# 
   641  0090                     	;# 
   642  0091                     	;# 
   643  0092                     	;# 
   644  0093                     	;# 
   645  0093                     	;# 
   646  0093                     	;# 
   647  0094                     	;# 
   648  0095                     	;# 
   649  0096                     	;# 
   650  0097                     	;# 
   651  0098                     	;# 
   652  0099                     	;# 
   653  009A                     	;# 
   654  009B                     	;# 
   655  009C                     	;# 
   656  009D                     	;# 
   657  009E                     	;# 
   658  009F                     	;# 
   659  0105                     	;# 
   660  0107                     	;# 
   661  0108                     	;# 
   662  0109                     	;# 
   663  010C                     	;# 
   664  010C                     	;# 
   665  010D                     	;# 
   666  010E                     	;# 
   667  010F                     	;# 
   668  0185                     	;# 
   669  0187                     	;# 
   670  0188                     	;# 
   671  0189                     	;# 
   672  018C                     	;# 
   673  018D                     	;# 
   674  0013                     _SSPBUF	set	19
   675  0007                     _PORTCbits	set	7
   676  0014                     _SSPCON	set	20
   677  0018                     _RCSTAbits	set	24
   678  0009                     _PORTE	set	9
   679  0006                     _PORTB	set	6
   680  0005                     _PORTA	set	5
   681  0006                     _PORTBbits	set	6
   682  0008                     _PORTD	set	8
   683  000C                     _PIR1bits	set	12
   684  000B                     _INTCONbits	set	11
   685  0094                     _SSPSTAT	set	148
   686  0087                     _TRISCbits	set	135
   687  0099                     _SPBRG	set	153
   688  0098                     _TXSTAbits	set	152
   689  0089                     _TRISE	set	137
   690  0096                     _IOCB	set	150
   691  0086                     _TRISB	set	134
   692  0085                     _TRISA	set	133
   693  0088                     _TRISD	set	136
   694  008C                     _PIE1bits	set	140
   695  0187                     _BAUDCTLbits	set	391
   696  0189                     _ANSELH	set	393
   697  0188                     _ANSEL	set	392
   698                           
   699                           	psect	cinit
   700  000F                     start_initialization:	
   701                           ; #config settings
   702                           
   703  000F                     __initialization:
   704                           
   705                           ; Clear objects allocated to COMMON
   706  000F  01F4               	clrf	__pbssCOMMON& (0+127)
   707  0010                     end_of_initialization:	
   708                           ;End of C runtime variable initialization code
   709                           
   710  0010                     __end_of__initialization:
   711  0010  0183               	clrf	3
   712  0011  120A  118A  2814   	ljmp	_main	;jump to C main() function
   713                           
   714                           	psect	bssCOMMON
   715  0074                     __pbssCOMMON:
   716  0074                     _i:
   717  0074                     	ds	1
   718                           
   719                           	psect	cstackCOMMON
   720  0070                     __pcstackCOMMON:
   721  0070                     ?_PORTS_MANAGER_Initialize:
   722  0070                     ?_SPI_MANAGER_Initialize:	
   723                           ; 1 bytes @ 0x0
   724                           
   725  0070                     ?_SYSTEM_Initialize:	
   726                           ; 1 bytes @ 0x0
   727                           
   728  0070                     ?_myISR:	
   729                           ; 1 bytes @ 0x0
   730                           
   731  0070                     ??_myISR:	
   732                           ; 1 bytes @ 0x0
   733                           
   734  0070                     ?_main:	
   735                           ; 1 bytes @ 0x0
   736                           
   737                           
   738                           ; 1 bytes @ 0x0
   739  0070                     	ds	2
   740  0072                     ??_PORTS_MANAGER_Initialize:
   741  0072                     ??_SPI_MANAGER_Initialize:	
   742                           ; 1 bytes @ 0x2
   743                           
   744  0072                     ??_SYSTEM_Initialize:	
   745                           ; 1 bytes @ 0x2
   746                           
   747  0072                     ??_main:	
   748                           ; 1 bytes @ 0x2
   749                           
   750                           
   751                           ; 1 bytes @ 0x2
   752  0072                     	ds	2
   753                           
   754                           	psect	maintext
   755  0014                     __pmaintext:	
   756 ;;
   757 ;;Main: autosize = 0, tempsize = 2, incstack = 0, save=0
   758 ;;
   759 ;; *************** function _main *****************
   760 ;; Defined at:
   761 ;;		line 35 in file "main.c"
   762 ;; Parameters:    Size  Location     Type
   763 ;;		None
   764 ;; Auto vars:     Size  Location     Type
   765 ;;		None
   766 ;; Return value:  Size  Location     Type
   767 ;;                  1    wreg      void 
   768 ;; Registers used:
   769 ;;		wreg, status,2, status,0, pclath, cstack
   770 ;; Tracked objects:
   771 ;;		On entry : B00/0
   772 ;;		On exit  : 0/0
   773 ;;		Unchanged: 0/0
   774 ;; Data sizes:     COMMON   BANK0   BANK1   BANK3   BANK2
   775 ;;      Params:         0       0       0       0       0
   776 ;;      Locals:         0       0       0       0       0
   777 ;;      Temps:          2       0       0       0       0
   778 ;;      Totals:         2       0       0       0       0
   779 ;;Total ram usage:        2 bytes
   780 ;; Hardware stack levels required when called:    3
   781 ;; This function calls:
   782 ;;		_SYSTEM_Initialize
   783 ;; This function is called by:
   784 ;;		Startup code after reset
   785 ;; This function uses a non-reentrant model
   786 ;;
   787                           
   788                           
   789                           ;psect for function _main
   790  0014                     _main:
   791  0014                     l802:	
   792                           ;incstack = 0
   793                           ; Regs used in _main: [wreg+status,2+status,0+pclath+cstack]
   794                           
   795                           
   796                           ;main.c: 36:     SYSTEM_Initialize();
   797  0014  120A  118A  206C  120A  118A  	fcall	_SYSTEM_Initialize
   798  0019                     l804:
   799                           
   800                           ;main.c: 38:     TRISCbits.TRISC0 = 0;
   801  0019  1683               	bsf	3,5	;RP0=1, select bank1
   802  001A  1303               	bcf	3,6	;RP1=0, select bank1
   803  001B  1007               	bcf	7,0	;volatile
   804  001C                     l806:
   805                           
   806                           ;main.c: 39:     PORTCbits.RC0 = 0;
   807  001C  1283               	bcf	3,5	;RP0=0, select bank0
   808  001D  1303               	bcf	3,6	;RP1=0, select bank0
   809  001E  1007               	bcf	7,0	;volatile
   810  001F                     l808:
   811                           
   812                           ;main.c: 41:     TRISCbits.TRISC1 = 0;
   813  001F  1683               	bsf	3,5	;RP0=1, select bank1
   814  0020  1303               	bcf	3,6	;RP1=0, select bank1
   815  0021  1087               	bcf	7,1	;volatile
   816  0022                     l810:
   817                           
   818                           ;main.c: 42:     PORTCbits.RC1 = 1;
   819  0022  1283               	bcf	3,5	;RP0=0, select bank0
   820  0023  1303               	bcf	3,6	;RP1=0, select bank0
   821  0024  1487               	bsf	7,1	;volatile
   822  0025                     l812:
   823                           
   824                           ;main.c: 44:     TRISCbits.TRISC2 = 0;
   825  0025  1683               	bsf	3,5	;RP0=1, select bank1
   826  0026  1303               	bcf	3,6	;RP1=0, select bank1
   827  0027  1107               	bcf	7,2	;volatile
   828  0028                     l814:
   829                           
   830                           ;main.c: 45:     PORTCbits.RC2 = 1;
   831  0028  1283               	bcf	3,5	;RP0=0, select bank0
   832  0029  1303               	bcf	3,6	;RP1=0, select bank0
   833  002A  1507               	bsf	7,2	;volatile
   834  002B                     l816:
   835                           
   836                           ;main.c: 49:         SSPBUF = i;
   837  002B  0874               	movf	_i,w
   838  002C  1283               	bcf	3,5	;RP0=0, select bank0
   839  002D  1303               	bcf	3,6	;RP1=0, select bank0
   840  002E  0093               	movwf	19	;volatile
   841  002F                     l818:
   842                           
   843                           ;main.c: 50:         i++;
   844  002F  3001               	movlw	1
   845  0030  00F2               	movwf	??_main
   846  0031  0872               	movf	??_main,w
   847  0032  07F4               	addwf	_i,f
   848  0033                     l820:
   849                           
   850                           ;main.c: 51:         _delay((unsigned long)((10)*(8000000/4000.0)));
   851  0033  301A               	movlw	26
   852  0034  00F3               	movwf	??_main+1
   853  0035  30F8               	movlw	248
   854  0036  00F2               	movwf	??_main
   855  0037                     u87:
   856  0037  0BF2               	decfsz	??_main,f
   857  0038  2837               	goto	u87
   858  0039  0BF3               	decfsz	??_main+1,f
   859  003A  2837               	goto	u87
   860  003B  0000               	nop
   861  003C  282B               	goto	l816
   862  003D  120A  118A  280C   	ljmp	start
   863  0040                     __end_of_main:
   864                           
   865                           	psect	text1
   866  006C                     __ptext1:	
   867 ;; *************** function _SYSTEM_Initialize *****************
   868 ;; Defined at:
   869 ;;		line 11 in file "lcs.c"
   870 ;; Parameters:    Size  Location     Type
   871 ;;		None
   872 ;; Auto vars:     Size  Location     Type
   873 ;;		None
   874 ;; Return value:  Size  Location     Type
   875 ;;                  1    wreg      void 
   876 ;; Registers used:
   877 ;;		wreg, status,2, status,0, pclath, cstack
   878 ;; Tracked objects:
   879 ;;		On entry : 0/0
   880 ;;		On exit  : 0/0
   881 ;;		Unchanged: 0/0
   882 ;; Data sizes:     COMMON   BANK0   BANK1   BANK3   BANK2
   883 ;;      Params:         0       0       0       0       0
   884 ;;      Locals:         0       0       0       0       0
   885 ;;      Temps:          0       0       0       0       0
   886 ;;      Totals:         0       0       0       0       0
   887 ;;Total ram usage:        0 bytes
   888 ;; Hardware stack levels used:    1
   889 ;; Hardware stack levels required when called:    2
   890 ;; This function calls:
   891 ;;		_PORTS_MANAGER_Initialize
   892 ;;		_SPI_MANAGER_Initialize
   893 ;; This function is called by:
   894 ;;		_main
   895 ;; This function uses a non-reentrant model
   896 ;;
   897                           
   898                           
   899                           ;psect for function _SYSTEM_Initialize
   900  006C                     _SYSTEM_Initialize:
   901  006C                     l746:	
   902                           ;incstack = 0
   903                           ; Regs used in _SYSTEM_Initialize: [wreg+status,2+status,0+pclath+cstack]
   904                           
   905                           
   906                           ;lcs.c: 12:     PORTS_MANAGER_Initialize();
   907  006C  120A  118A  2040  120A  118A  	fcall	_PORTS_MANAGER_Initialize
   908  0071                     l748:
   909                           
   910                           ;lcs.c: 13:     SPI_MANAGER_Initialize();
   911  0071  120A  118A  2060  120A  118A  	fcall	_SPI_MANAGER_Initialize
   912  0076                     l54:
   913  0076  0008               	return
   914  0077                     __end_of_SYSTEM_Initialize:
   915                           
   916                           	psect	text2
   917  0060                     __ptext2:	
   918 ;; *************** function _SPI_MANAGER_Initialize *****************
   919 ;; Defined at:
   920 ;;		line 11 in file "spi.c"
   921 ;; Parameters:    Size  Location     Type
   922 ;;		None
   923 ;; Auto vars:     Size  Location     Type
   924 ;;		None
   925 ;; Return value:  Size  Location     Type
   926 ;;                  1    wreg      void 
   927 ;; Registers used:
   928 ;;		wreg, status,2
   929 ;; Tracked objects:
   930 ;;		On entry : 0/0
   931 ;;		On exit  : 0/0
   932 ;;		Unchanged: 0/0
   933 ;; Data sizes:     COMMON   BANK0   BANK1   BANK3   BANK2
   934 ;;      Params:         0       0       0       0       0
   935 ;;      Locals:         0       0       0       0       0
   936 ;;      Temps:          0       0       0       0       0
   937 ;;      Totals:         0       0       0       0       0
   938 ;;Total ram usage:        0 bytes
   939 ;; Hardware stack levels used:    1
   940 ;; Hardware stack levels required when called:    1
   941 ;; This function calls:
   942 ;;		Nothing
   943 ;; This function is called by:
   944 ;;		_SYSTEM_Initialize
   945 ;; This function uses a non-reentrant model
   946 ;;
   947                           
   948                           
   949                           ;psect for function _SPI_MANAGER_Initialize
   950  0060                     _SPI_MANAGER_Initialize:
   951  0060                     l732:	
   952                           ;incstack = 0
   953                           ; Regs used in _SPI_MANAGER_Initialize: [wreg+status,2]
   954                           
   955                           
   956                           ;spi.c: 13:     TRISCbits.TRISC3 = 0;
   957  0060  1683               	bsf	3,5	;RP0=1, select bank1
   958  0061  1303               	bcf	3,6	;RP1=0, select bank1
   959  0062  1187               	bcf	7,3	;volatile
   960                           
   961                           ;spi.c: 14:     TRISCbits.TRISC5 = 0;
   962  0063  1287               	bcf	7,5	;volatile
   963  0064                     l734:
   964                           
   965                           ;spi.c: 15:     SSPCON = 0b00100000;
   966  0064  3020               	movlw	32
   967  0065  1283               	bcf	3,5	;RP0=0, select bank0
   968  0066  1303               	bcf	3,6	;RP1=0, select bank0
   969  0067  0094               	movwf	20	;volatile
   970  0068                     l736:
   971                           
   972                           ;spi.c: 16:     SSPSTAT = 0;
   973  0068  1683               	bsf	3,5	;RP0=1, select bank1
   974  0069  1303               	bcf	3,6	;RP1=0, select bank1
   975  006A  0194               	clrf	20	;volatile
   976  006B                     l103:
   977  006B  0008               	return
   978  006C                     __end_of_SPI_MANAGER_Initialize:
   979                           
   980                           	psect	text3
   981  0040                     __ptext3:	
   982 ;; *************** function _PORTS_MANAGER_Initialize *****************
   983 ;; Defined at:
   984 ;;		line 10 in file "ports_manager.c"
   985 ;; Parameters:    Size  Location     Type
   986 ;;		None
   987 ;; Auto vars:     Size  Location     Type
   988 ;;		None
   989 ;; Return value:  Size  Location     Type
   990 ;;                  1    wreg      void 
   991 ;; Registers used:
   992 ;;		status,2
   993 ;; Tracked objects:
   994 ;;		On entry : 0/0
   995 ;;		On exit  : 0/0
   996 ;;		Unchanged: 0/0
   997 ;; Data sizes:     COMMON   BANK0   BANK1   BANK3   BANK2
   998 ;;      Params:         0       0       0       0       0
   999 ;;      Locals:         0       0       0       0       0
  1000 ;;      Temps:          0       0       0       0       0
  1001 ;;      Totals:         0       0       0       0       0
  1002 ;;Total ram usage:        0 bytes
  1003 ;; Hardware stack levels used:    1
  1004 ;; Hardware stack levels required when called:    1
  1005 ;; This function calls:
  1006 ;;		Nothing
  1007 ;; This function is called by:
  1008 ;;		_SYSTEM_Initialize
  1009 ;; This function uses a non-reentrant model
  1010 ;;
  1011                           
  1012                           
  1013                           ;psect for function _PORTS_MANAGER_Initialize
  1014  0040                     _PORTS_MANAGER_Initialize:
  1015  0040                     l730:	
  1016                           ;incstack = 0
  1017                           ; Regs used in _PORTS_MANAGER_Initialize: [status,2]
  1018                           
  1019                           
  1020                           ;ports_manager.c: 12:     ANSEL = 0;
  1021  0040  1683               	bsf	3,5	;RP0=1, select bank3
  1022  0041  1703               	bsf	3,6	;RP1=1, select bank3
  1023  0042  0188               	clrf	8	;volatile
  1024                           
  1025                           ;ports_manager.c: 13:     TRISA = 0;
  1026  0043  1683               	bsf	3,5	;RP0=1, select bank1
  1027  0044  1303               	bcf	3,6	;RP1=0, select bank1
  1028  0045  0185               	clrf	5	;volatile
  1029                           
  1030                           ;ports_manager.c: 14:     PORTA = 0;
  1031  0046  1283               	bcf	3,5	;RP0=0, select bank0
  1032  0047  1303               	bcf	3,6	;RP1=0, select bank0
  1033  0048  0185               	clrf	5	;volatile
  1034                           
  1035                           ;ports_manager.c: 16:     ANSELH = 0;
  1036  0049  1683               	bsf	3,5	;RP0=1, select bank3
  1037  004A  1703               	bsf	3,6	;RP1=1, select bank3
  1038  004B  0189               	clrf	9	;volatile
  1039                           
  1040                           ;ports_manager.c: 17:     TRISB = 0;
  1041  004C  1683               	bsf	3,5	;RP0=1, select bank1
  1042  004D  1303               	bcf	3,6	;RP1=0, select bank1
  1043  004E  0186               	clrf	6	;volatile
  1044                           
  1045                           ;ports_manager.c: 18:     PORTB = 0;
  1046  004F  1283               	bcf	3,5	;RP0=0, select bank0
  1047  0050  1303               	bcf	3,6	;RP1=0, select bank0
  1048  0051  0186               	clrf	6	;volatile
  1049                           
  1050                           ;ports_manager.c: 19:     IOCB = 0;
  1051  0052  1683               	bsf	3,5	;RP0=1, select bank1
  1052  0053  1303               	bcf	3,6	;RP1=0, select bank1
  1053  0054  0196               	clrf	22	;volatile
  1054                           
  1055                           ;ports_manager.c: 21:     TRISD = 0;
  1056  0055  0188               	clrf	8	;volatile
  1057                           
  1058                           ;ports_manager.c: 22:     PORTD = 0;
  1059  0056  1283               	bcf	3,5	;RP0=0, select bank0
  1060  0057  1303               	bcf	3,6	;RP1=0, select bank0
  1061  0058  0188               	clrf	8	;volatile
  1062                           
  1063                           ;ports_manager.c: 24:     TRISE = 0;
  1064  0059  1683               	bsf	3,5	;RP0=1, select bank1
  1065  005A  1303               	bcf	3,6	;RP1=0, select bank1
  1066  005B  0189               	clrf	9	;volatile
  1067                           
  1068                           ;ports_manager.c: 25:     PORTE = 0;
  1069  005C  1283               	bcf	3,5	;RP0=0, select bank0
  1070  005D  1303               	bcf	3,6	;RP1=0, select bank0
  1071  005E  0189               	clrf	9	;volatile
  1072  005F                     l79:
  1073  005F  0008               	return
  1074  0060                     __end_of_PORTS_MANAGER_Initialize:
  1075                           
  1076                           	psect	text4
  1077  0077                     __ptext4:	
  1078 ;; *************** function _myISR *****************
  1079 ;; Defined at:
  1080 ;;		line 25 in file "main.c"
  1081 ;; Parameters:    Size  Location     Type
  1082 ;;		None
  1083 ;; Auto vars:     Size  Location     Type
  1084 ;;		None
  1085 ;; Return value:  Size  Location     Type
  1086 ;;                  1    wreg      void 
  1087 ;; Registers used:
  1088 ;;		None
  1089 ;; Tracked objects:
  1090 ;;		On entry : 0/0
  1091 ;;		On exit  : 0/0
  1092 ;;		Unchanged: 0/0
  1093 ;; Data sizes:     COMMON   BANK0   BANK1   BANK3   BANK2
  1094 ;;      Params:         0       0       0       0       0
  1095 ;;      Locals:         0       0       0       0       0
  1096 ;;      Temps:          2       0       0       0       0
  1097 ;;      Totals:         2       0       0       0       0
  1098 ;;Total ram usage:        2 bytes
  1099 ;; Hardware stack levels used:    1
  1100 ;; This function calls:
  1101 ;;		Nothing
  1102 ;; This function is called by:
  1103 ;;		Interrupt level 1
  1104 ;; This function uses a non-reentrant model
  1105 ;;
  1106                           
  1107                           
  1108                           ;psect for function _myISR
  1109  0077                     _myISR:
  1110  0077                     i1l120:
  1111  0077  0871               	movf	??_myISR+1,w
  1112  0078  008A               	movwf	10
  1113  0079  0E70               	swapf	??_myISR,w
  1114  007A  0083               	movwf	3
  1115  007B  0EFE               	swapf	btemp,f
  1116  007C  0E7E               	swapf	btemp,w
  1117  007D  0009               	retfie
  1118  007E                     __end_of_myISR:
  1119  007E                     btemp	set	126	;btemp
  1120  007E                     wtemp0	set	126
  1121                           
  1122                           	psect	intentry
  1123  0004                     __pintentry:	
  1124                           ;incstack = 0
  1125                           ; Regs used in _myISR: []
  1126                           
  1127  0004                     interrupt_function:
  1128  007E                     saved_w	set	btemp
  1129  0004  00FE               	movwf	btemp
  1130  0005  0E03               	swapf	3,w
  1131  0006  00F0               	movwf	??_myISR
  1132  0007  080A               	movf	10,w
  1133  0008  00F1               	movwf	??_myISR+1
  1134  0009  120A  118A  2877   	ljmp	_myISR
  1135                           
  1136                           	psect	config
  1137                           
  1138                           ;Config register CONFIG1 @ 0x2007
  1139                           ;	Oscillator Selection bits
  1140                           ;	FOSC = XT, XT oscillator: Crystal/resonator on RA6/OSC2/CLKOUT and RA7/OSC1/CLKIN
  1141                           ;	Watchdog Timer Enable bit
  1142                           ;	WDTE = OFF, WDT disabled and can be enabled by SWDTEN bit of the WDTCON register
  1143                           ;	Power-up Timer Enable bit
  1144                           ;	PWRTE = OFF, PWRT disabled
  1145                           ;	RE3/MCLR pin function select bit
  1146                           ;	MCLRE = ON, RE3/MCLR pin function is MCLR
  1147                           ;	Code Protection bit
  1148                           ;	CP = OFF, Program memory code protection is disabled
  1149                           ;	Data Code Protection bit
  1150                           ;	CPD = OFF, Data memory code protection is disabled
  1151                           ;	Brown Out Reset Selection bits
  1152                           ;	BOREN = OFF, BOR disabled
  1153                           ;	Internal External Switchover bit
  1154                           ;	IESO = OFF, Internal/External Switchover mode is disabled
  1155                           ;	Fail-Safe Clock Monitor Enabled bit
  1156                           ;	FCMEN = OFF, Fail-Safe Clock Monitor is disabled
  1157                           ;	Low Voltage Programming Enable bit
  1158                           ;	LVP = OFF, RB3 pin has digital I/O, HV on MCLR must be used for programming
  1159                           ;	In-Circuit Debugger Mode bit
  1160                           ;	DEBUG = 0x1, unprogrammed default
  1161  2007                     	org	8199
  1162  2007  20F1               	dw	8433
  1163                           
  1164                           ;Config register CONFIG2 @ 0x2008
  1165                           ;	Brown-out Reset Selection bit
  1166                           ;	BOR4V = BOR40V, Brown-out Reset set to 4.0V
  1167                           ;	Flash Program Memory Self Write Enable bits
  1168                           ;	WRT = OFF, Write protection off
  1169  2008                     	org	8200
  1170  2008  3FFF               	dw	16383

Data Sizes:
    Strings     0
    Constant    0
    Data        0
    BSS         1
    Persistent  0
    Stack       0

Auto Spaces:
    Space          Size  Autos    Used
    COMMON           14      4       5
    BANK0            80      0       0
    BANK1            80      0       0
    BANK3            96      0       0
    BANK2            96      0       0

Pointer List with Targets:

    None.

Critical Paths under _main in COMMON

    None.

Critical Paths under _myISR in COMMON

    None.

Critical Paths under _main in BANK0

    None.

Critical Paths under _myISR in BANK0

    None.

Critical Paths under _main in BANK1

    None.

Critical Paths under _myISR in BANK1

    None.

Critical Paths under _main in BANK3

    None.

Critical Paths under _myISR in BANK3

    None.

Critical Paths under _main in BANK2

    None.

Critical Paths under _myISR in BANK2

    None.

Call Graph Tables:

 ---------------------------------------------------------------------------------
 (Depth) Function   	        Calls       Base Space   Used Autos Params    Refs
 ---------------------------------------------------------------------------------
 (0) _main                                                 2     2      0       0
                                              2 COMMON     2     2      0
                  _SYSTEM_Initialize
 ---------------------------------------------------------------------------------
 (1) _SYSTEM_Initialize                                    0     0      0       0
           _PORTS_MANAGER_Initialize
             _SPI_MANAGER_Initialize
 ---------------------------------------------------------------------------------
 (2) _SPI_MANAGER_Initialize                               0     0      0       0
 ---------------------------------------------------------------------------------
 (2) _PORTS_MANAGER_Initialize                             0     0      0       0
 ---------------------------------------------------------------------------------
 Estimated maximum stack depth 2
 ---------------------------------------------------------------------------------
 (Depth) Function   	        Calls       Base Space   Used Autos Params    Refs
 ---------------------------------------------------------------------------------
 (3) _myISR                                                2     2      0       0
                                              0 COMMON     2     2      0
 ---------------------------------------------------------------------------------
 Estimated maximum stack depth 3
 ---------------------------------------------------------------------------------

 Call Graph Graphs:

 _main (ROOT)
   _SYSTEM_Initialize
     _PORTS_MANAGER_Initialize
     _SPI_MANAGER_Initialize

 _myISR (ROOT)

 Address spaces:
Name               Size   Autos  Total    Cost      Usage
BITCOMMON            E      0       0       0        0.0%
EEDATA             100      0       0       0        0.0%
NULL                 0      0       0       0        0.0%
CODE                 0      0       0       0        0.0%
COMMON               E      4       5       1       35.7%
BITSFR0              0      0       0       1        0.0%
SFR0                 0      0       0       1        0.0%
BITSFR1              0      0       0       2        0.0%
SFR1                 0      0       0       2        0.0%
STACK                0      0       0       2        0.0%
ABS                  0      0       5       3        0.0%
BITBANK0            50      0       0       4        0.0%
BITSFR3              0      0       0       4        0.0%
SFR3                 0      0       0       4        0.0%
BANK0               50      0       0       5        0.0%
BITSFR2              0      0       0       5        0.0%
SFR2                 0      0       0       5        0.0%
BITBANK1            50      0       0       6        0.0%
BANK1               50      0       0       7        0.0%
BITBANK3            60      0       0       8        0.0%
BANK3               60      0       0       9        0.0%
BITBANK2            60      0       0      10        0.0%
BANK2               60      0       0      11        0.0%
DATA                 0      0       5      12        0.0%


Microchip Technology PIC Macro Assembler V2.31 build 20201012212115 
Symbol Table                                                                                   Mon Feb 22 23:41:13 2021

                                _i 0074                                 l54 0076  
                               l79 005F                                 u87 0037  
                              l103 006B                                l730 0040  
                              l810 0022                                l802 0014  
                              l732 0060                                l820 0033  
                              l812 0025                                l804 0019  
                              l734 0064                                l814 0028  
                              l806 001C                                l736 0068  
                              l816 002B                                l808 001F  
                              l746 006C                                l818 002F  
                              l748 0071                               _IOCB 0096  
                             _main 0014                               btemp 007E  
                             start 000C                              ?_main 0070  
                            _ANSEL 0188                              i1l120 0077  
                            _SPBRG 0099                              _PORTA 0005  
                            _PORTB 0006                              _PORTD 0008  
                            _PORTE 0009                              _TRISA 0085  
                            _TRISB 0086                              _TRISD 0088  
                            _TRISE 0089                              _myISR 0077  
                            pclath 000A                              status 0003  
                            wtemp0 007E                    __initialization 000F  
                     __end_of_main 0040                             ??_main 0072  
                           ?_myISR 0070                             _ANSELH 0189  
                           _SSPCON 0014                             _SSPBUF 0013  
                           saved_w 007E                  _SYSTEM_Initialize 006C  
          __end_of__initialization 0010                 ?_SYSTEM_Initialize 0070  
                   __pcstackCOMMON 0070                ??_SYSTEM_Initialize 0072  
                    __end_of_myISR 007E                            ??_myISR 0070  
        __end_of_SYSTEM_Initialize 0077                         __pmaintext 0014  
                       __pintentry 0004  __size_of_PORTS_MANAGER_Initialize 0020  
        ?_PORTS_MANAGER_Initialize 0070                            _SSPSTAT 0094  
                          __ptext1 006C                            __ptext2 0060  
                          __ptext3 0040                            __ptext4 0077  
         ??_SPI_MANAGER_Initialize 0072         __size_of_SYSTEM_Initialize 000B  
             end_of_initialization 0010                          _RCSTAbits 0018  
                        _PORTBbits 0006                          _PORTCbits 0007  
                        _TRISCbits 0087                          _TXSTAbits 0098  
                      _BAUDCTLbits 0187                start_initialization 000F  
  __size_of_SPI_MANAGER_Initialize 000C   __end_of_PORTS_MANAGER_Initialize 0060  
                      __pbssCOMMON 0074                          ___latbits 0002  
           _SPI_MANAGER_Initialize 0060                     __size_of_myISR 0007  
                interrupt_function 0004                           _PIE1bits 008C  
                         _PIR1bits 000C           _PORTS_MANAGER_Initialize 0040  
                    __size_of_main 002C                         _INTCONbits 000B  
                         intlevel1 0000            ?_SPI_MANAGER_Initialize 0070  
       ??_PORTS_MANAGER_Initialize 0072     __end_of_SPI_MANAGER_Initialize 006C  
